{"/Users/oluwasegunadepoju/Desktop/vsc/git/Swift-Foods/src/routes.jsx": {"path":"/Users/oluwasegunadepoju/Desktop/vsc/git/Swift-Foods/src/routes.jsx","statementMap":{"0":{"start":{"line":18,"column":2},"end":{"line":27,"column":18}}},"fnMap":{},"branchMap":{},"s":{"0":1},"f":{},"b":{},"_coverageSchema":"332fd63041d2c1bcb487cc26dd0d5f7d97098a6c","hash":"03eea20a5fcb47c1b5967ce409f9db515c91edc3"}
,"/Users/oluwasegunadepoju/Desktop/vsc/git/Swift-Foods/src/setupTests.js": {"path":"/Users/oluwasegunadepoju/Desktop/vsc/git/Swift-Foods/src/setupTests.js","statementMap":{"0":{"start":{"line":4,"column":0},"end":{"line":4,"column":38}}},"fnMap":{},"branchMap":{},"s":{"0":1},"f":{},"b":{},"_coverageSchema":"332fd63041d2c1bcb487cc26dd0d5f7d97098a6c","hash":"7dae769981a65b768699067e449dc5c3b84407db"}
,"/Users/oluwasegunadepoju/Desktop/vsc/git/Swift-Foods/src/actionTypes/index.js": {"path":"/Users/oluwasegunadepoju/Desktop/vsc/git/Swift-Foods/src/actionTypes/index.js","statementMap":{"0":{"start":{"line":1,"column":32},"end":{"line":1,"column":50}},"1":{"start":{"line":2,"column":31},"end":{"line":2,"column":48}},"2":{"start":{"line":3,"column":26},"end":{"line":3,"column":38}},"3":{"start":{"line":4,"column":27},"end":{"line":4,"column":40}},"4":{"start":{"line":5,"column":30},"end":{"line":5,"column":46}}},"fnMap":{},"branchMap":{},"s":{"0":1,"1":1,"2":1,"3":1,"4":1},"f":{},"b":{},"_coverageSchema":"332fd63041d2c1bcb487cc26dd0d5f7d97098a6c","hash":"68d108b2c47c6cf05f5daa90b54f0f8dcdbcea0b"}
,"/Users/oluwasegunadepoju/Desktop/vsc/git/Swift-Foods/src/actions/loginActions.js": {"path":"/Users/oluwasegunadepoju/Desktop/vsc/git/Swift-Foods/src/actions/loginActions.js","statementMap":{"0":{"start":{"line":7,"column":30},"end":{"line":10,"column":2}},"1":{"start":{"line":7,"column":43},"end":{"line":10,"column":1}},"2":{"start":{"line":12,"column":28},"end":{"line":29,"column":1}},"3":{"start":{"line":12,"column":36},"end":{"line":29,"column":1}},"4":{"start":{"line":14,"column":18},"end":{"line":17,"column":3}},"5":{"start":{"line":18,"column":2},"end":{"line":28,"column":3}},"6":{"start":{"line":19,"column":4},"end":{"line":19,"column":50}},"7":{"start":{"line":20,"column":4},"end":{"line":24,"column":5}},"8":{"start":{"line":21,"column":30},"end":{"line":21,"column":38}},"9":{"start":{"line":22,"column":6},"end":{"line":22,"column":35}},"10":{"start":{"line":23,"column":6},"end":{"line":23,"column":37}},"11":{"start":{"line":25,"column":4},"end":{"line":25,"column":20}},"12":{"start":{"line":27,"column":4},"end":{"line":27,"column":26}},"13":{"start":{"line":31,"column":20},"end":{"line":66,"column":1}},"14":{"start":{"line":32,"column":2},"end":{"line":65,"column":3}},"15":{"start":{"line":33,"column":17},"end":{"line":33,"column":36}},"16":{"start":{"line":38,"column":8},"end":{"line":38,"column":12}},"17":{"start":{"line":39,"column":4},"end":{"line":47,"column":5}},"18":{"start":{"line":40,"column":6},"end":{"line":45,"column":9}},"19":{"start":{"line":46,"column":6},"end":{"line":46,"column":19}},"20":{"start":{"line":47,"column":6},"end":{"line":50,"column":5}},"21":{"start":{"line":48,"column":6},"end":{"line":48,"column":35}},"22":{"start":{"line":49,"column":6},"end":{"line":49,"column":37}},"23":{"start":{"line":51,"column":4},"end":{"line":53,"column":5}},"24":{"start":{"line":52,"column":6},"end":{"line":52,"column":20}},"25":{"start":{"line":54,"column":4},"end":{"line":54,"column":19}},"26":{"start":{"line":56,"column":4},"end":{"line":64,"column":5}},"27":{"start":{"line":57,"column":6},"end":{"line":62,"column":9}},"28":{"start":{"line":63,"column":6},"end":{"line":63,"column":22}}},"fnMap":{"0":{"name":"(anonymous_0)","decl":{"start":{"line":7,"column":30},"end":{"line":7,"column":31}},"loc":{"start":{"line":7,"column":43},"end":{"line":10,"column":1}},"line":7},"1":{"name":"(anonymous_1)","decl":{"start":{"line":12,"column":28},"end":{"line":12,"column":29}},"loc":{"start":{"line":12,"column":36},"end":{"line":29,"column":1}},"line":12},"2":{"name":"(anonymous_2)","decl":{"start":{"line":12,"column":36},"end":{"line":12,"column":37}},"loc":{"start":{"line":12,"column":56},"end":{"line":29,"column":1}},"line":12},"3":{"name":"(anonymous_3)","decl":{"start":{"line":31,"column":20},"end":{"line":31,"column":21}},"loc":{"start":{"line":31,"column":40},"end":{"line":66,"column":1}},"line":31}},"branchMap":{"0":{"loc":{"start":{"line":20,"column":4},"end":{"line":24,"column":5}},"type":"if","locations":[{"start":{"line":20,"column":4},"end":{"line":24,"column":5}},{"start":{"line":20,"column":4},"end":{"line":24,"column":5}}],"line":20},"1":{"loc":{"start":{"line":39,"column":4},"end":{"line":47,"column":5}},"type":"if","locations":[{"start":{"line":39,"column":4},"end":{"line":47,"column":5}},{"start":{"line":39,"column":4},"end":{"line":47,"column":5}}],"line":39},"2":{"loc":{"start":{"line":47,"column":6},"end":{"line":50,"column":5}},"type":"if","locations":[{"start":{"line":47,"column":6},"end":{"line":50,"column":5}},{"start":{"line":47,"column":6},"end":{"line":50,"column":5}}],"line":47},"3":{"loc":{"start":{"line":51,"column":4},"end":{"line":53,"column":5}},"type":"if","locations":[{"start":{"line":51,"column":4},"end":{"line":53,"column":5}},{"start":{"line":51,"column":4},"end":{"line":53,"column":5}}],"line":51},"4":{"loc":{"start":{"line":56,"column":4},"end":{"line":64,"column":5}},"type":"if","locations":[{"start":{"line":56,"column":4},"end":{"line":64,"column":5}},{"start":{"line":56,"column":4},"end":{"line":64,"column":5}}],"line":56}},"s":{"0":1,"1":0,"2":1,"3":0,"4":0,"5":0,"6":0,"7":0,"8":0,"9":0,"10":0,"11":0,"12":0,"13":1,"14":0,"15":0,"16":0,"17":0,"18":0,"19":0,"20":0,"21":0,"22":0,"23":0,"24":0,"25":0,"26":0,"27":0,"28":0},"f":{"0":0,"1":0,"2":0,"3":0},"b":{"0":[0,0],"1":[0,0],"2":[0,0],"3":[0,0],"4":[0,0]},"_coverageSchema":"332fd63041d2c1bcb487cc26dd0d5f7d97098a6c","hash":"4d98ef841bf9456c43039ef09308df01f5ae3b4b"}
,"/Users/oluwasegunadepoju/Desktop/vsc/git/Swift-Foods/src/actions/logout.js": {"path":"/Users/oluwasegunadepoju/Desktop/vsc/git/Swift-Foods/src/actions/logout.js","statementMap":{"0":{"start":{"line":4,"column":15},"end":{"line":7,"column":1}},"1":{"start":{"line":4,"column":21},"end":{"line":7,"column":1}},"2":{"start":{"line":5,"column":2},"end":{"line":5,"column":31}},"3":{"start":{"line":6,"column":2},"end":{"line":6,"column":31}}},"fnMap":{"0":{"name":"(anonymous_0)","decl":{"start":{"line":4,"column":15},"end":{"line":4,"column":16}},"loc":{"start":{"line":4,"column":21},"end":{"line":7,"column":1}},"line":4},"1":{"name":"(anonymous_1)","decl":{"start":{"line":4,"column":21},"end":{"line":4,"column":22}},"loc":{"start":{"line":4,"column":35},"end":{"line":7,"column":1}},"line":4}},"branchMap":{},"s":{"0":1,"1":0,"2":0,"3":0},"f":{"0":0,"1":0},"b":{},"_coverageSchema":"332fd63041d2c1bcb487cc26dd0d5f7d97098a6c","hash":"19f8a2b19891b56c672fd52bf3fa40cb771f592e"}
,"/Users/oluwasegunadepoju/Desktop/vsc/git/Swift-Foods/src/actions/menuActions.js": {"path":"/Users/oluwasegunadepoju/Desktop/vsc/git/Swift-Foods/src/actions/menuActions.js","statementMap":{"0":{"start":{"line":5,"column":25},"end":{"line":8,"column":2}},"1":{"start":{"line":5,"column":34},"end":{"line":8,"column":1}},"2":{"start":{"line":10,"column":25},"end":{"line":20,"column":1}},"3":{"start":{"line":11,"column":2},"end":{"line":19,"column":3}},"4":{"start":{"line":12,"column":21},"end":{"line":12,"column":39}},"5":{"start":{"line":13,"column":4},"end":{"line":15,"column":5}},"6":{"start":{"line":14,"column":6},"end":{"line":14,"column":33}},"7":{"start":{"line":16,"column":4},"end":{"line":16,"column":17}},"8":{"start":{"line":18,"column":4},"end":{"line":18,"column":26}}},"fnMap":{"0":{"name":"(anonymous_0)","decl":{"start":{"line":5,"column":25},"end":{"line":5,"column":26}},"loc":{"start":{"line":5,"column":34},"end":{"line":8,"column":1}},"line":5},"1":{"name":"(anonymous_1)","decl":{"start":{"line":10,"column":25},"end":{"line":10,"column":26}},"loc":{"start":{"line":10,"column":37},"end":{"line":20,"column":1}},"line":10}},"branchMap":{"0":{"loc":{"start":{"line":13,"column":4},"end":{"line":15,"column":5}},"type":"if","locations":[{"start":{"line":13,"column":4},"end":{"line":15,"column":5}},{"start":{"line":13,"column":4},"end":{"line":15,"column":5}}],"line":13}},"s":{"0":1,"1":0,"2":1,"3":0,"4":0,"5":0,"6":0,"7":0,"8":0},"f":{"0":0,"1":0},"b":{"0":[0,0]},"_coverageSchema":"332fd63041d2c1bcb487cc26dd0d5f7d97098a6c","hash":"0613daf97b7622ec5c66225aaf1bcd60d5d052fb"}
,"/Users/oluwasegunadepoju/Desktop/vsc/git/Swift-Foods/src/actions/signupActions.js": {"path":"/Users/oluwasegunadepoju/Desktop/vsc/git/Swift-Foods/src/actions/signupActions.js","statementMap":{"0":{"start":{"line":6,"column":29},"end":{"line":9,"column":2}},"1":{"start":{"line":6,"column":42},"end":{"line":9,"column":1}},"2":{"start":{"line":10,"column":26},"end":{"line":35,"column":1}},"3":{"start":{"line":10,"column":41},"end":{"line":35,"column":1}},"4":{"start":{"line":11,"column":15},"end":{"line":16,"column":3}},"5":{"start":{"line":17,"column":2},"end":{"line":34,"column":3}},"6":{"start":{"line":18,"column":21},"end":{"line":18,"column":53}},"7":{"start":{"line":19,"column":4},"end":{"line":23,"column":5}},"8":{"start":{"line":20,"column":28},"end":{"line":20,"column":36}},"9":{"start":{"line":21,"column":6},"end":{"line":21,"column":41}},"10":{"start":{"line":22,"column":6},"end":{"line":22,"column":22}},"11":{"start":{"line":24,"column":4},"end":{"line":24,"column":20}},"12":{"start":{"line":26,"column":4},"end":{"line":32,"column":5}},"13":{"start":{"line":27,"column":6},"end":{"line":31,"column":9}},"14":{"start":{"line":33,"column":4},"end":{"line":33,"column":17}}},"fnMap":{"0":{"name":"(anonymous_0)","decl":{"start":{"line":6,"column":29},"end":{"line":6,"column":30}},"loc":{"start":{"line":6,"column":42},"end":{"line":9,"column":1}},"line":6},"1":{"name":"(anonymous_1)","decl":{"start":{"line":10,"column":26},"end":{"line":10,"column":27}},"loc":{"start":{"line":10,"column":41},"end":{"line":35,"column":1}},"line":10},"2":{"name":"(anonymous_2)","decl":{"start":{"line":10,"column":41},"end":{"line":10,"column":42}},"loc":{"start":{"line":10,"column":61},"end":{"line":35,"column":1}},"line":10}},"branchMap":{"0":{"loc":{"start":{"line":19,"column":4},"end":{"line":23,"column":5}},"type":"if","locations":[{"start":{"line":19,"column":4},"end":{"line":23,"column":5}},{"start":{"line":19,"column":4},"end":{"line":23,"column":5}}],"line":19},"1":{"loc":{"start":{"line":26,"column":4},"end":{"line":32,"column":5}},"type":"if","locations":[{"start":{"line":26,"column":4},"end":{"line":32,"column":5}},{"start":{"line":26,"column":4},"end":{"line":32,"column":5}}],"line":26}},"s":{"0":1,"1":0,"2":1,"3":0,"4":0,"5":0,"6":0,"7":0,"8":0,"9":0,"10":0,"11":0,"12":0,"13":0,"14":0},"f":{"0":0,"1":0,"2":0},"b":{"0":[0,0],"1":[0,0]},"_coverageSchema":"332fd63041d2c1bcb487cc26dd0d5f7d97098a6c","hash":"bdbba7d558b9e828302b699bb1b1f23bf973543a"}
,"/Users/oluwasegunadepoju/Desktop/vsc/git/Swift-Foods/src/components/App.jsx": {"path":"/Users/oluwasegunadepoju/Desktop/vsc/git/Swift-Foods/src/components/App.jsx","statementMap":{"0":{"start":{"line":5,"column":12},"end":{"line":9,"column":1}},"1":{"start":{"line":6,"column":2},"end":{"line":8,"column":8}}},"fnMap":{"0":{"name":"(anonymous_0)","decl":{"start":{"line":5,"column":12},"end":{"line":5,"column":13}},"loc":{"start":{"line":6,"column":2},"end":{"line":8,"column":8}},"line":6}},"branchMap":{},"s":{"0":1,"1":1},"f":{"0":1},"b":{},"_coverageSchema":"332fd63041d2c1bcb487cc26dd0d5f7d97098a6c","hash":"1614156ecb746203103be9bad9c1d6287225e503"}
,"/Users/oluwasegunadepoju/Desktop/vsc/git/Swift-Foods/src/components/Button.jsx": {"path":"/Users/oluwasegunadepoju/Desktop/vsc/git/Swift-Foods/src/components/Button.jsx","statementMap":{"0":{"start":{"line":4,"column":15},"end":{"line":18,"column":1}},"1":{"start":{"line":10,"column":2},"end":{"line":17,"column":11}},"2":{"start":{"line":20,"column":0},"end":{"line":25,"column":2}},"3":{"start":{"line":27,"column":0},"end":{"line":30,"column":2}}},"fnMap":{"0":{"name":"(anonymous_0)","decl":{"start":{"line":4,"column":15},"end":{"line":4,"column":16}},"loc":{"start":{"line":10,"column":2},"end":{"line":17,"column":11}},"line":10}},"branchMap":{},"s":{"0":1,"1":0,"2":1,"3":1},"f":{"0":0},"b":{},"_coverageSchema":"332fd63041d2c1bcb487cc26dd0d5f7d97098a6c","hash":"0ff59d061003ea8b78e129f3b50cf917b9307ee2"}
,"/Users/oluwasegunadepoju/Desktop/vsc/git/Swift-Foods/src/components/ErrorPage.jsx": {"path":"/Users/oluwasegunadepoju/Desktop/vsc/git/Swift-Foods/src/components/ErrorPage.jsx","statementMap":{"0":{"start":{"line":4,"column":18},"end":{"line":20,"column":1}},"1":{"start":{"line":5,"column":2},"end":{"line":19,"column":8}}},"fnMap":{"0":{"name":"(anonymous_0)","decl":{"start":{"line":4,"column":18},"end":{"line":4,"column":19}},"loc":{"start":{"line":5,"column":2},"end":{"line":19,"column":8}},"line":5}},"branchMap":{},"s":{"0":1,"1":0},"f":{"0":0},"b":{},"_coverageSchema":"332fd63041d2c1bcb487cc26dd0d5f7d97098a6c","hash":"0277b2c0efb5e4ce89ebf5d4111d8d94d08f6de6"}
,"/Users/oluwasegunadepoju/Desktop/vsc/git/Swift-Foods/src/components/Footer.jsx": {"path":"/Users/oluwasegunadepoju/Desktop/vsc/git/Swift-Foods/src/components/Footer.jsx","statementMap":{"0":{"start":{"line":11,"column":15},"end":{"line":112,"column":1}},"1":{"start":{"line":12,"column":2},"end":{"line":111,"column":11}}},"fnMap":{"0":{"name":"(anonymous_0)","decl":{"start":{"line":11,"column":15},"end":{"line":11,"column":16}},"loc":{"start":{"line":12,"column":2},"end":{"line":111,"column":11}},"line":12}},"branchMap":{},"s":{"0":1,"1":0},"f":{"0":0},"b":{},"_coverageSchema":"332fd63041d2c1bcb487cc26dd0d5f7d97098a6c","hash":"572acc75c06cf5c30a11a3207180bf948acc28ac"}
,"/Users/oluwasegunadepoju/Desktop/vsc/git/Swift-Foods/src/components/FormInput.jsx": {"path":"/Users/oluwasegunadepoju/Desktop/vsc/git/Swift-Foods/src/components/FormInput.jsx","statementMap":{"0":{"start":{"line":4,"column":18},"end":{"line":31,"column":1}},"1":{"start":{"line":16,"column":2},"end":{"line":30,"column":8}},"2":{"start":{"line":33,"column":0},"end":{"line":47,"column":2}},"3":{"start":{"line":49,"column":0},"end":{"line":54,"column":2}},"4":{"start":{"line":51,"column":18},"end":{"line":51,"column":20}},"5":{"start":{"line":52,"column":17},"end":{"line":52,"column":19}},"6":{"start":{"line":53,"column":18},"end":{"line":53,"column":20}}},"fnMap":{"0":{"name":"(anonymous_0)","decl":{"start":{"line":4,"column":18},"end":{"line":4,"column":19}},"loc":{"start":{"line":16,"column":2},"end":{"line":30,"column":8}},"line":16},"1":{"name":"(anonymous_1)","decl":{"start":{"line":51,"column":11},"end":{"line":51,"column":12}},"loc":{"start":{"line":51,"column":18},"end":{"line":51,"column":20}},"line":51},"2":{"name":"(anonymous_2)","decl":{"start":{"line":52,"column":10},"end":{"line":52,"column":11}},"loc":{"start":{"line":52,"column":17},"end":{"line":52,"column":19}},"line":52},"3":{"name":"(anonymous_3)","decl":{"start":{"line":53,"column":11},"end":{"line":53,"column":12}},"loc":{"start":{"line":53,"column":18},"end":{"line":53,"column":20}},"line":53}},"branchMap":{},"s":{"0":1,"1":0,"2":1,"3":1,"4":0,"5":0,"6":0},"f":{"0":0,"1":0,"2":0,"3":0},"b":{},"_coverageSchema":"332fd63041d2c1bcb487cc26dd0d5f7d97098a6c","hash":"6abda84b4eed9d133b376aa03c74fef6b48b0ad5"}
,"/Users/oluwasegunadepoju/Desktop/vsc/git/Swift-Foods/src/components/ItemForm.jsx": {"path":"/Users/oluwasegunadepoju/Desktop/vsc/git/Swift-Foods/src/components/ItemForm.jsx","statementMap":{"0":{"start":{"line":4,"column":17},"end":{"line":29,"column":1}},"1":{"start":{"line":11,"column":2},"end":{"line":28,"column":8}},"2":{"start":{"line":31,"column":0},"end":{"line":37,"column":2}}},"fnMap":{"0":{"name":"(anonymous_0)","decl":{"start":{"line":4,"column":17},"end":{"line":4,"column":18}},"loc":{"start":{"line":11,"column":2},"end":{"line":28,"column":8}},"line":11}},"branchMap":{},"s":{"0":1,"1":0,"2":1},"f":{"0":0},"b":{},"_coverageSchema":"332fd63041d2c1bcb487cc26dd0d5f7d97098a6c","hash":"ff0d316f8429597c303142d61a83105813d06b5f"}
,"/Users/oluwasegunadepoju/Desktop/vsc/git/Swift-Foods/src/components/Links.jsx": {"path":"/Users/oluwasegunadepoju/Desktop/vsc/git/Swift-Foods/src/components/Links.jsx","statementMap":{"0":{"start":{"line":4,"column":14},"end":{"line":9,"column":1}},"1":{"start":{"line":5,"column":2},"end":{"line":8,"column":7}}},"fnMap":{"0":{"name":"(anonymous_0)","decl":{"start":{"line":4,"column":14},"end":{"line":4,"column":15}},"loc":{"start":{"line":5,"column":2},"end":{"line":8,"column":7}},"line":5}},"branchMap":{},"s":{"0":1,"1":0},"f":{"0":0},"b":{},"_coverageSchema":"332fd63041d2c1bcb487cc26dd0d5f7d97098a6c","hash":"45ef788f18e21cbcc5dc76a0b52d8fc00bd27179"}
,"/Users/oluwasegunadepoju/Desktop/vsc/git/Swift-Foods/src/components/Login.jsx": {"path":"/Users/oluwasegunadepoju/Desktop/vsc/git/Swift-Foods/src/components/Login.jsx","statementMap":{"0":{"start":{"line":9,"column":14},"end":{"line":108,"column":1}},"1":{"start":{"line":23,"column":2},"end":{"line":107,"column":8}},"2":{"start":{"line":110,"column":0},"end":{"line":123,"column":2}}},"fnMap":{"0":{"name":"(anonymous_0)","decl":{"start":{"line":9,"column":14},"end":{"line":9,"column":15}},"loc":{"start":{"line":23,"column":2},"end":{"line":107,"column":8}},"line":23}},"branchMap":{},"s":{"0":1,"1":0,"2":1},"f":{"0":0},"b":{},"_coverageSchema":"332fd63041d2c1bcb487cc26dd0d5f7d97098a6c","hash":"84be8d4a418a965d5ad1272264cf9e8924f8d819"}
,"/Users/oluwasegunadepoju/Desktop/vsc/git/Swift-Foods/src/components/MenuForm.jsx": {"path":"/Users/oluwasegunadepoju/Desktop/vsc/git/Swift-Foods/src/components/MenuForm.jsx","statementMap":{"0":{"start":{"line":25,"column":17},"end":{"line":335,"column":1}},"1":{"start":{"line":26,"column":2},"end":{"line":333,"column":8}},"2":{"start":{"line":337,"column":0},"end":{"line":344,"column":2}}},"fnMap":{"0":{"name":"(anonymous_0)","decl":{"start":{"line":25,"column":17},"end":{"line":25,"column":18}},"loc":{"start":{"line":26,"column":2},"end":{"line":333,"column":8}},"line":26}},"branchMap":{},"s":{"0":1,"1":0,"2":1},"f":{"0":0},"b":{},"_coverageSchema":"332fd63041d2c1bcb487cc26dd0d5f7d97098a6c","hash":"8029a399767bc3259874e03302091484b2156453"}
,"/Users/oluwasegunadepoju/Desktop/vsc/git/Swift-Foods/src/components/NavBarAuth.jsx": {"path":"/Users/oluwasegunadepoju/Desktop/vsc/git/Swift-Foods/src/components/NavBarAuth.jsx","statementMap":{"0":{"start":{"line":6,"column":19},"end":{"line":51,"column":1}},"1":{"start":{"line":7,"column":2},"end":{"line":50,"column":8}},"2":{"start":{"line":53,"column":0},"end":{"line":56,"column":2}}},"fnMap":{"0":{"name":"(anonymous_0)","decl":{"start":{"line":6,"column":19},"end":{"line":6,"column":20}},"loc":{"start":{"line":7,"column":2},"end":{"line":50,"column":8}},"line":7}},"branchMap":{},"s":{"0":1,"1":0,"2":1},"f":{"0":0},"b":{},"_coverageSchema":"332fd63041d2c1bcb487cc26dd0d5f7d97098a6c","hash":"5a3750604395a39dbca4c9e039c888bbbe81d570"}
,"/Users/oluwasegunadepoju/Desktop/vsc/git/Swift-Foods/src/components/NavBarNoAuth.jsx": {"path":"/Users/oluwasegunadepoju/Desktop/vsc/git/Swift-Foods/src/components/NavBarNoAuth.jsx","statementMap":{"0":{"start":{"line":5,"column":21},"end":{"line":28,"column":1}},"1":{"start":{"line":6,"column":2},"end":{"line":27,"column":8}}},"fnMap":{"0":{"name":"(anonymous_0)","decl":{"start":{"line":5,"column":21},"end":{"line":5,"column":22}},"loc":{"start":{"line":6,"column":2},"end":{"line":27,"column":8}},"line":6}},"branchMap":{},"s":{"0":1,"1":0},"f":{"0":0},"b":{},"_coverageSchema":"332fd63041d2c1bcb487cc26dd0d5f7d97098a6c","hash":"5987275a733eeff293f8a27283b0d4c0799eb502"}
,"/Users/oluwasegunadepoju/Desktop/vsc/git/Swift-Foods/src/components/SignupForm.jsx": {"path":"/Users/oluwasegunadepoju/Desktop/vsc/git/Swift-Foods/src/components/SignupForm.jsx","statementMap":{"0":{"start":{"line":8,"column":19},"end":{"line":141,"column":1}},"1":{"start":{"line":25,"column":2},"end":{"line":140,"column":8}},"2":{"start":{"line":143,"column":0},"end":{"line":159,"column":2}}},"fnMap":{"0":{"name":"(anonymous_0)","decl":{"start":{"line":8,"column":19},"end":{"line":8,"column":20}},"loc":{"start":{"line":25,"column":2},"end":{"line":140,"column":8}},"line":25}},"branchMap":{},"s":{"0":1,"1":0,"2":1},"f":{"0":0},"b":{},"_coverageSchema":"332fd63041d2c1bcb487cc26dd0d5f7d97098a6c","hash":"9c93281a827d566e4d365c54380c3a22dda09d4e"}
,"/Users/oluwasegunadepoju/Desktop/vsc/git/Swift-Foods/src/components/SubmitButton.jsx": {"path":"/Users/oluwasegunadepoju/Desktop/vsc/git/Swift-Foods/src/components/SubmitButton.jsx","statementMap":{"0":{"start":{"line":4,"column":21},"end":{"line":25,"column":1}},"1":{"start":{"line":12,"column":2},"end":{"line":24,"column":8}},"2":{"start":{"line":27,"column":0},"end":{"line":34,"column":2}},"3":{"start":{"line":36,"column":0},"end":{"line":41,"column":2}}},"fnMap":{"0":{"name":"(anonymous_0)","decl":{"start":{"line":4,"column":21},"end":{"line":4,"column":22}},"loc":{"start":{"line":12,"column":2},"end":{"line":24,"column":8}},"line":12},"1":{"name":"(anonymous_1)","decl":{"start":{"line":40,"column":11},"end":{"line":40,"column":12}},"loc":{"start":{"line":40,"column":17},"end":{"line":40,"column":19}},"line":40}},"branchMap":{},"s":{"0":1,"1":0,"2":1,"3":1},"f":{"0":0,"1":0},"b":{},"_coverageSchema":"332fd63041d2c1bcb487cc26dd0d5f7d97098a6c","hash":"e64fd55124501cb27385e508fbf12d7a496542a1"}
,"/Users/oluwasegunadepoju/Desktop/vsc/git/Swift-Foods/src/components/index.js": {"path":"/Users/oluwasegunadepoju/Desktop/vsc/git/Swift-Foods/src/components/index.js","statementMap":{},"fnMap":{},"branchMap":{},"s":{},"f":{},"b":{},"_coverageSchema":"332fd63041d2c1bcb487cc26dd0d5f7d97098a6c","hash":"2ba2cfa08be869912e97da7adc2a83b222079ea3"}
,"/Users/oluwasegunadepoju/Desktop/vsc/git/Swift-Foods/src/styles/images/index.js": {"path":"/Users/oluwasegunadepoju/Desktop/vsc/git/Swift-Foods/src/styles/images/index.js","statementMap":{},"fnMap":{},"branchMap":{},"s":{},"f":{},"b":{},"_coverageSchema":"332fd63041d2c1bcb487cc26dd0d5f7d97098a6c","hash":"dac1dbad58d7c5b7a0b2d6168921e974d73edf38"}
,"/Users/oluwasegunadepoju/Desktop/vsc/git/Swift-Foods/src/utilities/HomePageRedirect.jsx": {"path":"/Users/oluwasegunadepoju/Desktop/vsc/git/Swift-Foods/src/utilities/HomePageRedirect.jsx","statementMap":{"0":{"start":{"line":15,"column":10},"end":{"line":15,"column":20}},"1":{"start":{"line":16,"column":6},"end":{"line":30,"column":7}},"2":{"start":{"line":17,"column":8},"end":{"line":28,"column":9}},"3":{"start":{"line":18,"column":27},"end":{"line":18,"column":39}},"4":{"start":{"line":19,"column":10},"end":{"line":27,"column":11}},"5":{"start":{"line":20,"column":12},"end":{"line":25,"column":15}},"6":{"start":{"line":26,"column":12},"end":{"line":26,"column":34}},"7":{"start":{"line":29,"column":8},"end":{"line":29,"column":30}},"8":{"start":{"line":31,"column":6},"end":{"line":31,"column":31}},"9":{"start":{"line":36,"column":6},"end":{"line":38,"column":8}},"10":{"start":{"line":42,"column":29},"end":{"line":44,"column":3}},"11":{"start":{"line":43,"column":16},"end":{"line":43,"column":20}},"12":{"start":{"line":46,"column":26},"end":{"line":48,"column":4}},"13":{"start":{"line":46,"column":36},"end":{"line":48,"column":3}},"14":{"start":{"line":50,"column":2},"end":{"line":57,"column":4}},"15":{"start":{"line":59,"column":2},"end":{"line":59,"column":72}}},"fnMap":{"0":{"name":"(anonymous_0)","decl":{"start":{"line":8,"column":15},"end":{"line":8,"column":16}},"loc":{"start":{"line":8,"column":44},"end":{"line":60,"column":1}},"line":8},"1":{"name":"(anonymous_1)","decl":{"start":{"line":10,"column":25},"end":{"line":10,"column":26}},"loc":{"start":{"line":10,"column":37},"end":{"line":32,"column":5}},"line":10},"2":{"name":"(anonymous_2)","decl":{"start":{"line":35,"column":4},"end":{"line":35,"column":5}},"loc":{"start":{"line":35,"column":13},"end":{"line":39,"column":5}},"line":35},"3":{"name":"(anonymous_3)","decl":{"start":{"line":43,"column":10},"end":{"line":43,"column":11}},"loc":{"start":{"line":43,"column":16},"end":{"line":43,"column":20}},"line":43},"4":{"name":"(anonymous_4)","decl":{"start":{"line":46,"column":26},"end":{"line":46,"column":27}},"loc":{"start":{"line":46,"column":36},"end":{"line":48,"column":3}},"line":46}},"branchMap":{"0":{"loc":{"start":{"line":16,"column":6},"end":{"line":30,"column":7}},"type":"if","locations":[{"start":{"line":16,"column":6},"end":{"line":30,"column":7}},{"start":{"line":16,"column":6},"end":{"line":30,"column":7}}],"line":16},"1":{"loc":{"start":{"line":17,"column":8},"end":{"line":28,"column":9}},"type":"if","locations":[{"start":{"line":17,"column":8},"end":{"line":28,"column":9}},{"start":{"line":17,"column":8},"end":{"line":28,"column":9}}],"line":17},"2":{"loc":{"start":{"line":19,"column":10},"end":{"line":27,"column":11}},"type":"if","locations":[{"start":{"line":19,"column":10},"end":{"line":27,"column":11}},{"start":{"line":19,"column":10},"end":{"line":27,"column":11}}],"line":19}},"s":{"0":0,"1":0,"2":0,"3":0,"4":0,"5":0,"6":0,"7":0,"8":0,"9":0,"10":1,"11":0,"12":1,"13":0,"14":1,"15":1},"f":{"0":1,"1":0,"2":0,"3":0,"4":0},"b":{"0":[0,0],"1":[0,0],"2":[0,0]},"_coverageSchema":"332fd63041d2c1bcb487cc26dd0d5f7d97098a6c","hash":"df259491e8d8cef25d512248de66939bbbdc62e0"}
,"/Users/oluwasegunadepoju/Desktop/vsc/git/Swift-Foods/src/utilities/apiRequests.js": {"path":"/Users/oluwasegunadepoju/Desktop/vsc/git/Swift-Foods/src/utilities/apiRequests.js","statementMap":{"0":{"start":{"line":9,"column":16},"end":{"line":9,"column":66}},"1":{"start":{"line":11,"column":16},"end":{"line":20,"column":2}},"2":{"start":{"line":22,"column":0},"end":{"line":28,"column":2}},"3":{"start":{"line":24,"column":4},"end":{"line":24,"column":69}},"4":{"start":{"line":25,"column":4},"end":{"line":25,"column":18}},"5":{"start":{"line":27,"column":11},"end":{"line":27,"column":32}},"6":{"start":{"line":30,"column":19},"end":{"line":37,"column":1}},"7":{"start":{"line":31,"column":2},"end":{"line":36,"column":3}},"8":{"start":{"line":32,"column":21},"end":{"line":32,"column":45}},"9":{"start":{"line":33,"column":4},"end":{"line":33,"column":25}},"10":{"start":{"line":35,"column":4},"end":{"line":35,"column":56}},"11":{"start":{"line":39,"column":20},"end":{"line":46,"column":1}},"12":{"start":{"line":40,"column":2},"end":{"line":45,"column":3}},"13":{"start":{"line":41,"column":21},"end":{"line":41,"column":52}},"14":{"start":{"line":42,"column":4},"end":{"line":42,"column":25}},"15":{"start":{"line":44,"column":4},"end":{"line":44,"column":56}},"16":{"start":{"line":48,"column":19},"end":{"line":55,"column":1}},"17":{"start":{"line":49,"column":2},"end":{"line":54,"column":3}},"18":{"start":{"line":50,"column":21},"end":{"line":50,"column":51}},"19":{"start":{"line":51,"column":4},"end":{"line":51,"column":25}},"20":{"start":{"line":53,"column":4},"end":{"line":53,"column":56}},"21":{"start":{"line":57,"column":22},"end":{"line":64,"column":1}},"22":{"start":{"line":58,"column":2},"end":{"line":63,"column":3}},"23":{"start":{"line":59,"column":21},"end":{"line":59,"column":54}},"24":{"start":{"line":60,"column":4},"end":{"line":60,"column":25}},"25":{"start":{"line":62,"column":4},"end":{"line":62,"column":31}},"26":{"start":{"line":66,"column":26},"end":{"line":77,"column":1}},"27":{"start":{"line":67,"column":19},"end":{"line":70,"column":3}},"28":{"start":{"line":71,"column":2},"end":{"line":76,"column":3}},"29":{"start":{"line":72,"column":21},"end":{"line":72,"column":101}},"30":{"start":{"line":73,"column":4},"end":{"line":73,"column":27}},"31":{"start":{"line":75,"column":4},"end":{"line":75,"column":50}}},"fnMap":{"0":{"name":"(anonymous_0)","decl":{"start":{"line":23,"column":2},"end":{"line":23,"column":3}},"loc":{"start":{"line":23,"column":14},"end":{"line":26,"column":3}},"line":23},"1":{"name":"(anonymous_1)","decl":{"start":{"line":27,"column":2},"end":{"line":27,"column":3}},"loc":{"start":{"line":27,"column":11},"end":{"line":27,"column":32}},"line":27},"2":{"name":"(anonymous_2)","decl":{"start":{"line":30,"column":19},"end":{"line":30,"column":20}},"loc":{"start":{"line":30,"column":36},"end":{"line":37,"column":1}},"line":30},"3":{"name":"(anonymous_3)","decl":{"start":{"line":39,"column":20},"end":{"line":39,"column":21}},"loc":{"start":{"line":39,"column":43},"end":{"line":46,"column":1}},"line":39},"4":{"name":"(anonymous_4)","decl":{"start":{"line":48,"column":19},"end":{"line":48,"column":20}},"loc":{"start":{"line":48,"column":42},"end":{"line":55,"column":1}},"line":48},"5":{"name":"(anonymous_5)","decl":{"start":{"line":57,"column":22},"end":{"line":57,"column":23}},"loc":{"start":{"line":57,"column":45},"end":{"line":64,"column":1}},"line":57},"6":{"name":"(anonymous_6)","decl":{"start":{"line":66,"column":26},"end":{"line":66,"column":27}},"loc":{"start":{"line":66,"column":46},"end":{"line":77,"column":1}},"line":66}},"branchMap":{"0":{"loc":{"start":{"line":35,"column":11},"end":{"line":35,"column":55}},"type":"cond-expr","locations":[{"start":{"line":35,"column":28},"end":{"line":35,"column":47}},{"start":{"line":35,"column":50},"end":{"line":35,"column":55}}],"line":35},"1":{"loc":{"start":{"line":44,"column":11},"end":{"line":44,"column":55}},"type":"cond-expr","locations":[{"start":{"line":44,"column":28},"end":{"line":44,"column":47}},{"start":{"line":44,"column":50},"end":{"line":44,"column":55}}],"line":44},"2":{"loc":{"start":{"line":53,"column":11},"end":{"line":53,"column":55}},"type":"cond-expr","locations":[{"start":{"line":53,"column":28},"end":{"line":53,"column":47}},{"start":{"line":53,"column":50},"end":{"line":53,"column":55}}],"line":53},"3":{"loc":{"start":{"line":75,"column":11},"end":{"line":75,"column":49}},"type":"cond-expr","locations":[{"start":{"line":75,"column":28},"end":{"line":75,"column":41}},{"start":{"line":75,"column":44},"end":{"line":75,"column":49}}],"line":75}},"s":{"0":1,"1":1,"2":1,"3":0,"4":0,"5":0,"6":1,"7":0,"8":0,"9":0,"10":0,"11":1,"12":0,"13":0,"14":0,"15":0,"16":1,"17":0,"18":0,"19":0,"20":0,"21":1,"22":0,"23":0,"24":0,"25":0,"26":1,"27":0,"28":0,"29":0,"30":0,"31":0},"f":{"0":0,"1":0,"2":0,"3":0,"4":0,"5":0,"6":0},"b":{"0":[0,0],"1":[0,0],"2":[0,0],"3":[0,0]},"_coverageSchema":"332fd63041d2c1bcb487cc26dd0d5f7d97098a6c","hash":"b2cb01f6d97a9954826a482f6e3732f1b7473c76"}
,"/Users/oluwasegunadepoju/Desktop/vsc/git/Swift-Foods/src/utilities/setAuthorizationToken.js": {"path":"/Users/oluwasegunadepoju/Desktop/vsc/git/Swift-Foods/src/utilities/setAuthorizationToken.js","statementMap":{"0":{"start":{"line":1,"column":30},"end":{"line":7,"column":1}},"1":{"start":{"line":2,"column":2},"end":{"line":6,"column":3}},"2":{"start":{"line":3,"column":4},"end":{"line":3,"column":41}},"3":{"start":{"line":5,"column":4},"end":{"line":5,"column":37}}},"fnMap":{"0":{"name":"(anonymous_0)","decl":{"start":{"line":1,"column":30},"end":{"line":1,"column":31}},"loc":{"start":{"line":1,"column":41},"end":{"line":7,"column":1}},"line":1}},"branchMap":{"0":{"loc":{"start":{"line":2,"column":2},"end":{"line":6,"column":3}},"type":"if","locations":[{"start":{"line":2,"column":2},"end":{"line":6,"column":3}},{"start":{"line":2,"column":2},"end":{"line":6,"column":3}}],"line":2}},"s":{"0":1,"1":0,"2":0,"3":0},"f":{"0":0},"b":{"0":[0,0]},"_coverageSchema":"332fd63041d2c1bcb487cc26dd0d5f7d97098a6c","hash":"e89ce20b1ce81ed917c927f705c37e735018e455"}
,"/Users/oluwasegunadepoju/Desktop/vsc/git/Swift-Foods/src/utilities/toastMessage.js": {"path":"/Users/oluwasegunadepoju/Desktop/vsc/git/Swift-Foods/src/utilities/toastMessage.js","statementMap":{"0":{"start":{"line":6,"column":4},"end":{"line":9,"column":5}},"1":{"start":{"line":7,"column":8},"end":{"line":7,"column":75}},"2":{"start":{"line":8,"column":8},"end":{"line":8,"column":15}},"3":{"start":{"line":11,"column":4},"end":{"line":11,"column":27}},"4":{"start":{"line":12,"column":4},"end":{"line":12,"column":50}},"5":{"start":{"line":14,"column":4},"end":{"line":14,"column":73}},"6":{"start":{"line":15,"column":4},"end":{"line":15,"column":54}},"7":{"start":{"line":17,"column":4},"end":{"line":17,"column":17}},"8":{"start":{"line":20,"column":0},"end":{"line":40,"column":2}},"9":{"start":{"line":21,"column":16},"end":{"line":21,"column":20}},"10":{"start":{"line":23,"column":4},"end":{"line":39,"column":7}},"11":{"start":{"line":25,"column":8},"end":{"line":25,"column":63}},"12":{"start":{"line":26,"column":8},"end":{"line":26,"column":66}},"13":{"start":{"line":27,"column":8},"end":{"line":27,"column":61}},"14":{"start":{"line":28,"column":8},"end":{"line":28,"column":65}},"15":{"start":{"line":30,"column":8},"end":{"line":30,"column":54}},"16":{"start":{"line":31,"column":8},"end":{"line":31,"column":47}},"17":{"start":{"line":33,"column":8},"end":{"line":33,"column":58}},"18":{"start":{"line":34,"column":8},"end":{"line":34,"column":58}},"19":{"start":{"line":36,"column":8},"end":{"line":38,"column":16}},"20":{"start":{"line":37,"column":12},"end":{"line":37,"column":29}},"21":{"start":{"line":42,"column":0},"end":{"line":57,"column":2}},"22":{"start":{"line":43,"column":17},"end":{"line":43,"column":21}},"23":{"start":{"line":45,"column":4},"end":{"line":47,"column":7}},"24":{"start":{"line":46,"column":8},"end":{"line":46,"column":24}},"25":{"start":{"line":49,"column":4},"end":{"line":56,"column":5}},"26":{"start":{"line":50,"column":35},"end":{"line":50,"column":112}},"27":{"start":{"line":51,"column":8},"end":{"line":55,"column":11}},"28":{"start":{"line":52,"column":12},"end":{"line":54,"column":15}},"29":{"start":{"line":53,"column":16},"end":{"line":53,"column":74}},"30":{"start":{"line":59,"column":0},"end":{"line":76,"column":2}},"31":{"start":{"line":60,"column":17},"end":{"line":60,"column":21}},"32":{"start":{"line":62,"column":4},"end":{"line":75,"column":7}},"33":{"start":{"line":63,"column":8},"end":{"line":63,"column":66}},"34":{"start":{"line":64,"column":8},"end":{"line":74,"column":17}},"35":{"start":{"line":66,"column":12},"end":{"line":66,"column":42}},"36":{"start":{"line":67,"column":12},"end":{"line":67,"column":87}},"37":{"start":{"line":69,"column":12},"end":{"line":71,"column":13}},"38":{"start":{"line":70,"column":16},"end":{"line":70,"column":51}},"39":{"start":{"line":73,"column":12},"end":{"line":73,"column":22}},"40":{"start":{"line":78,"column":0},"end":{"line":95,"column":2}},"41":{"start":{"line":80,"column":4},"end":{"line":80,"column":50}},"42":{"start":{"line":81,"column":4},"end":{"line":81,"column":61}},"43":{"start":{"line":83,"column":24},"end":{"line":83,"column":26}},"44":{"start":{"line":84,"column":4},"end":{"line":89,"column":5}},"45":{"start":{"line":85,"column":8},"end":{"line":87,"column":11}},"46":{"start":{"line":86,"column":12},"end":{"line":86,"column":118}},"47":{"start":{"line":88,"column":8},"end":{"line":88,"column":47}},"48":{"start":{"line":91,"column":4},"end":{"line":91,"column":199}},"49":{"start":{"line":93,"column":4},"end":{"line":93,"column":54}},"50":{"start":{"line":94,"column":4},"end":{"line":94,"column":58}},"51":{"start":{"line":97,"column":0},"end":{"line":114,"column":2}},"52":{"start":{"line":98,"column":17},"end":{"line":98,"column":21}},"53":{"start":{"line":100,"column":4},"end":{"line":113,"column":7}},"54":{"start":{"line":101,"column":8},"end":{"line":103,"column":9}},"55":{"start":{"line":102,"column":12},"end":{"line":102,"column":37}},"56":{"start":{"line":104,"column":8},"end":{"line":104,"column":40}},"57":{"start":{"line":106,"column":8},"end":{"line":108,"column":9}},"58":{"start":{"line":107,"column":12},"end":{"line":107,"column":35}},"59":{"start":{"line":109,"column":8},"end":{"line":109,"column":33}},"60":{"start":{"line":111,"column":8},"end":{"line":111,"column":23}},"61":{"start":{"line":112,"column":8},"end":{"line":112,"column":36}},"62":{"start":{"line":117,"column":21},"end":{"line":147,"column":1}},"63":{"start":{"line":123,"column":2},"end":{"line":136,"column":3}},"64":{"start":{"line":124,"column":4},"end":{"line":135,"column":7}},"65":{"start":{"line":131,"column":12},"end":{"line":131,"column":46}},"66":{"start":{"line":137,"column":2},"end":{"line":142,"column":3}},"67":{"start":{"line":138,"column":4},"end":{"line":141,"column":7}},"68":{"start":{"line":143,"column":2},"end":{"line":146,"column":5}}},"fnMap":{"0":{"name":"Toast","decl":{"start":{"line":4,"column":9},"end":{"line":4,"column":14}},"loc":{"start":{"line":4,"column":24},"end":{"line":18,"column":1}},"line":4},"1":{"name":"(anonymous_1)","decl":{"start":{"line":20,"column":34},"end":{"line":20,"column":35}},"loc":{"start":{"line":20,"column":46},"end":{"line":40,"column":1}},"line":20},"2":{"name":"(anonymous_2)","decl":{"start":{"line":23,"column":23},"end":{"line":23,"column":24}},"loc":{"start":{"line":23,"column":50},"end":{"line":39,"column":5}},"line":23},"3":{"name":"(anonymous_3)","decl":{"start":{"line":36,"column":19},"end":{"line":36,"column":20}},"loc":{"start":{"line":36,"column":31},"end":{"line":38,"column":9}},"line":36},"4":{"name":"(anonymous_4)","decl":{"start":{"line":42,"column":37},"end":{"line":42,"column":38}},"loc":{"start":{"line":42,"column":49},"end":{"line":57,"column":1}},"line":42},"5":{"name":"(anonymous_5)","decl":{"start":{"line":45,"column":76},"end":{"line":45,"column":77}},"loc":{"start":{"line":45,"column":88},"end":{"line":47,"column":5}},"line":45},"6":{"name":"(anonymous_6)","decl":{"start":{"line":51,"column":33},"end":{"line":51,"column":34}},"loc":{"start":{"line":51,"column":54},"end":{"line":55,"column":9}},"line":51},"7":{"name":"(anonymous_7)","decl":{"start":{"line":52,"column":41},"end":{"line":52,"column":42}},"loc":{"start":{"line":52,"column":58},"end":{"line":54,"column":13}},"line":52},"8":{"name":"(anonymous_8)","decl":{"start":{"line":59,"column":25},"end":{"line":59,"column":26}},"loc":{"start":{"line":59,"column":37},"end":{"line":76,"column":1}},"line":59},"9":{"name":"(anonymous_9)","decl":{"start":{"line":62,"column":23},"end":{"line":62,"column":24}},"loc":{"start":{"line":62,"column":50},"end":{"line":75,"column":5}},"line":62},"10":{"name":"(anonymous_10)","decl":{"start":{"line":64,"column":19},"end":{"line":64,"column":20}},"loc":{"start":{"line":64,"column":31},"end":{"line":74,"column":9}},"line":64},"11":{"name":"(anonymous_11)","decl":{"start":{"line":78,"column":24},"end":{"line":78,"column":25}},"loc":{"start":{"line":78,"column":36},"end":{"line":95,"column":1}},"line":78},"12":{"name":"(anonymous_12)","decl":{"start":{"line":85,"column":55},"end":{"line":85,"column":56}},"loc":{"start":{"line":85,"column":86},"end":{"line":87,"column":9}},"line":85},"13":{"name":"(anonymous_13)","decl":{"start":{"line":97,"column":24},"end":{"line":97,"column":25}},"loc":{"start":{"line":97,"column":36},"end":{"line":114,"column":1}},"line":97},"14":{"name":"(anonymous_14)","decl":{"start":{"line":100,"column":27},"end":{"line":100,"column":28}},"loc":{"start":{"line":100,"column":39},"end":{"line":105,"column":5}},"line":100},"15":{"name":"(anonymous_15)","decl":{"start":{"line":105,"column":12},"end":{"line":105,"column":13}},"loc":{"start":{"line":105,"column":24},"end":{"line":110,"column":5}},"line":105},"16":{"name":"(anonymous_16)","decl":{"start":{"line":110,"column":12},"end":{"line":110,"column":13}},"loc":{"start":{"line":110,"column":24},"end":{"line":113,"column":5}},"line":110},"17":{"name":"(anonymous_17)","decl":{"start":{"line":117,"column":21},"end":{"line":117,"column":22}},"loc":{"start":{"line":122,"column":6},"end":{"line":147,"column":1}},"line":122}},"branchMap":{"0":{"loc":{"start":{"line":6,"column":4},"end":{"line":9,"column":5}},"type":"if","locations":[{"start":{"line":6,"column":4},"end":{"line":9,"column":5}},{"start":{"line":6,"column":4},"end":{"line":9,"column":5}}],"line":6},"1":{"loc":{"start":{"line":12,"column":24},"end":{"line":12,"column":49}},"type":"binary-expr","locations":[{"start":{"line":12,"column":24},"end":{"line":12,"column":36}},{"start":{"line":12,"column":40},"end":{"line":12,"column":49}}],"line":12},"2":{"loc":{"start":{"line":49,"column":4},"end":{"line":56,"column":5}},"type":"if","locations":[{"start":{"line":49,"column":4},"end":{"line":56,"column":5}},{"start":{"line":49,"column":4},"end":{"line":56,"column":5}}],"line":49},"3":{"loc":{"start":{"line":69,"column":12},"end":{"line":71,"column":13}},"type":"if","locations":[{"start":{"line":69,"column":12},"end":{"line":71,"column":13}},{"start":{"line":69,"column":12},"end":{"line":71,"column":13}}],"line":69},"4":{"loc":{"start":{"line":84,"column":4},"end":{"line":89,"column":5}},"type":"if","locations":[{"start":{"line":84,"column":4},"end":{"line":89,"column":5}},{"start":{"line":84,"column":4},"end":{"line":89,"column":5}}],"line":84},"5":{"loc":{"start":{"line":101,"column":8},"end":{"line":103,"column":9}},"type":"if","locations":[{"start":{"line":101,"column":8},"end":{"line":103,"column":9}},{"start":{"line":101,"column":8},"end":{"line":103,"column":9}}],"line":101},"6":{"loc":{"start":{"line":106,"column":8},"end":{"line":108,"column":9}},"type":"if","locations":[{"start":{"line":106,"column":8},"end":{"line":108,"column":9}},{"start":{"line":106,"column":8},"end":{"line":108,"column":9}}],"line":106},"7":{"loc":{"start":{"line":123,"column":2},"end":{"line":136,"column":3}},"type":"if","locations":[{"start":{"line":123,"column":2},"end":{"line":136,"column":3}},{"start":{"line":123,"column":2},"end":{"line":136,"column":3}}],"line":123},"8":{"loc":{"start":{"line":123,"column":6},"end":{"line":123,"column":46}},"type":"binary-expr","locations":[{"start":{"line":123,"column":6},"end":{"line":123,"column":10}},{"start":{"line":123,"column":14},"end":{"line":123,"column":21}},{"start":{"line":123,"column":25},"end":{"line":123,"column":37}},{"start":{"line":123,"column":41},"end":{"line":123,"column":46}}],"line":123},"9":{"loc":{"start":{"line":137,"column":2},"end":{"line":142,"column":3}},"type":"if","locations":[{"start":{"line":137,"column":2},"end":{"line":142,"column":3}},{"start":{"line":137,"column":2},"end":{"line":142,"column":3}}],"line":137}},"s":{"0":0,"1":0,"2":0,"3":0,"4":0,"5":0,"6":0,"7":0,"8":1,"9":0,"10":0,"11":0,"12":0,"13":0,"14":0,"15":0,"16":0,"17":0,"18":0,"19":0,"20":0,"21":1,"22":0,"23":0,"24":0,"25":0,"26":0,"27":0,"28":0,"29":0,"30":1,"31":0,"32":0,"33":0,"34":0,"35":0,"36":0,"37":0,"38":0,"39":0,"40":1,"41":0,"42":0,"43":0,"44":0,"45":0,"46":0,"47":0,"48":0,"49":0,"50":0,"51":1,"52":0,"53":0,"54":0,"55":0,"56":0,"57":0,"58":0,"59":0,"60":0,"61":0,"62":1,"63":0,"64":0,"65":0,"66":0,"67":0,"68":0},"f":{"0":0,"1":0,"2":0,"3":0,"4":0,"5":0,"6":0,"7":0,"8":0,"9":0,"10":0,"11":0,"12":0,"13":0,"14":0,"15":0,"16":0,"17":0},"b":{"0":[0,0],"1":[0,0],"2":[0,0],"3":[0,0],"4":[0,0],"5":[0,0],"6":[0,0],"7":[0,0],"8":[0,0,0,0],"9":[0,0]},"_coverageSchema":"332fd63041d2c1bcb487cc26dd0d5f7d97098a6c","hash":"f22963ec288f73641d8c7ec7b867149a5ee50e2e"}
,"/Users/oluwasegunadepoju/Desktop/vsc/git/Swift-Foods/src/views/ErrorPage.jsx": {"path":"/Users/oluwasegunadepoju/Desktop/vsc/git/Swift-Foods/src/views/ErrorPage.jsx","statementMap":{"0":{"start":{"line":10,"column":4},"end":{"line":10,"column":17}},"1":{"start":{"line":11,"column":4},"end":{"line":11,"column":20}},"2":{"start":{"line":15,"column":4},"end":{"line":21,"column":6}}},"fnMap":{"0":{"name":"(anonymous_0)","decl":{"start":{"line":9,"column":2},"end":{"line":9,"column":3}},"loc":{"start":{"line":9,"column":21},"end":{"line":12,"column":3}},"line":9},"1":{"name":"(anonymous_1)","decl":{"start":{"line":14,"column":2},"end":{"line":14,"column":3}},"loc":{"start":{"line":14,"column":11},"end":{"line":22,"column":3}},"line":14}},"branchMap":{},"s":{"0":0,"1":0,"2":0},"f":{"0":0,"1":0},"b":{},"_coverageSchema":"332fd63041d2c1bcb487cc26dd0d5f7d97098a6c","hash":"2bee60b5e6849222c25891791782207c59513047"}
,"/Users/oluwasegunadepoju/Desktop/vsc/git/Swift-Foods/src/views/LandingPage.jsx": {"path":"/Users/oluwasegunadepoju/Desktop/vsc/git/Swift-Foods/src/views/LandingPage.jsx","statementMap":{"0":{"start":{"line":12,"column":24},"end":{"line":12,"column":34}},"1":{"start":{"line":13,"column":4},"end":{"line":13,"column":26}},"2":{"start":{"line":17,"column":4},"end":{"line":40,"column":6}},"3":{"start":{"line":44,"column":0},"end":{"line":49,"column":2}}},"fnMap":{"0":{"name":"(anonymous_0)","decl":{"start":{"line":11,"column":17},"end":{"line":11,"column":18}},"loc":{"start":{"line":11,"column":23},"end":{"line":14,"column":3}},"line":11},"1":{"name":"(anonymous_1)","decl":{"start":{"line":16,"column":2},"end":{"line":16,"column":3}},"loc":{"start":{"line":16,"column":11},"end":{"line":41,"column":3}},"line":16}},"branchMap":{},"s":{"0":0,"1":0,"2":0,"3":1},"f":{"0":0,"1":0},"b":{},"_coverageSchema":"332fd63041d2c1bcb487cc26dd0d5f7d97098a6c","hash":"e861066e1aef90057c784749ded32b52a8796587"}
,"/Users/oluwasegunadepoju/Desktop/vsc/git/Swift-Foods/src/views/LoginPage.jsx": {"path":"/Users/oluwasegunadepoju/Desktop/vsc/git/Swift-Foods/src/views/LoginPage.jsx","statementMap":{"0":{"start":{"line":14,"column":4},"end":{"line":14,"column":17}},"1":{"start":{"line":15,"column":4},"end":{"line":19,"column":6}},"2":{"start":{"line":20,"column":4},"end":{"line":20,"column":39}},"3":{"start":{"line":21,"column":4},"end":{"line":21,"column":40}},"4":{"start":{"line":22,"column":4},"end":{"line":22,"column":39}},"5":{"start":{"line":23,"column":4},"end":{"line":23,"column":39}},"6":{"start":{"line":24,"column":4},"end":{"line":24,"column":38}},"7":{"start":{"line":25,"column":4},"end":{"line":25,"column":41}},"8":{"start":{"line":29,"column":4},"end":{"line":31,"column":7}},"9":{"start":{"line":35,"column":4},"end":{"line":35,"column":23}},"10":{"start":{"line":37,"column":35},"end":{"line":37,"column":45}},"11":{"start":{"line":38,"column":21},"end":{"line":38,"column":48}},"12":{"start":{"line":39,"column":4},"end":{"line":57,"column":5}},"13":{"start":{"line":40,"column":6},"end":{"line":56,"column":7}},"14":{"start":{"line":41,"column":8},"end":{"line":44,"column":11}},"15":{"start":{"line":45,"column":8},"end":{"line":45,"column":26}},"16":{"start":{"line":46,"column":13},"end":{"line":56,"column":7}},"17":{"start":{"line":47,"column":8},"end":{"line":50,"column":11}},"18":{"start":{"line":52,"column":8},"end":{"line":55,"column":11}},"19":{"start":{"line":66,"column":4},"end":{"line":72,"column":5}},"20":{"start":{"line":67,"column":6},"end":{"line":67,"column":44}},"21":{"start":{"line":68,"column":6},"end":{"line":68,"column":39}},"22":{"start":{"line":70,"column":6},"end":{"line":70,"column":42}},"23":{"start":{"line":71,"column":6},"end":{"line":71,"column":41}},"24":{"start":{"line":76,"column":16},"end":{"line":76,"column":17}},"25":{"start":{"line":77,"column":22},"end":{"line":77,"column":30}},"26":{"start":{"line":80,"column":22},"end":{"line":80,"column":30}},"27":{"start":{"line":81,"column":4},"end":{"line":81,"column":72}},"28":{"start":{"line":84,"column":22},"end":{"line":84,"column":30}},"29":{"start":{"line":85,"column":4},"end":{"line":85,"column":73}},"30":{"start":{"line":88,"column":20},"end":{"line":88,"column":28}},"31":{"start":{"line":89,"column":4},"end":{"line":89,"column":70}},"32":{"start":{"line":92,"column":4},"end":{"line":99,"column":5}},"33":{"start":{"line":93,"column":6},"end":{"line":93,"column":57}},"34":{"start":{"line":94,"column":6},"end":{"line":94,"column":52}},"35":{"start":{"line":95,"column":6},"end":{"line":95,"column":17}},"36":{"start":{"line":97,"column":6},"end":{"line":97,"column":55}},"37":{"start":{"line":98,"column":6},"end":{"line":98,"column":54}},"38":{"start":{"line":100,"column":4},"end":{"line":103,"column":5}},"39":{"start":{"line":101,"column":6},"end":{"line":101,"column":36}},"40":{"start":{"line":102,"column":6},"end":{"line":102,"column":51}},"41":{"start":{"line":107,"column":2},"end":{"line":107,"column":47}},"42":{"start":{"line":111,"column":2},"end":{"line":111,"column":48}},"43":{"start":{"line":115,"column":2},"end":{"line":119,"column":3}},"44":{"start":{"line":116,"column":4},"end":{"line":116,"column":43}},"45":{"start":{"line":118,"column":4},"end":{"line":118,"column":47}},"46":{"start":{"line":123,"column":2},"end":{"line":144,"column":4}},"47":{"start":{"line":148,"column":0},"end":{"line":154,"column":2}},"48":{"start":{"line":156,"column":27},"end":{"line":159,"column":1}}},"fnMap":{"0":{"name":"(anonymous_0)","decl":{"start":{"line":13,"column":2},"end":{"line":13,"column":3}},"loc":{"start":{"line":13,"column":21},"end":{"line":26,"column":3}},"line":13},"1":{"name":"(anonymous_1)","decl":{"start":{"line":28,"column":19},"end":{"line":28,"column":20}},"loc":{"start":{"line":28,"column":26},"end":{"line":32,"column":3}},"line":28},"2":{"name":"(anonymous_2)","decl":{"start":{"line":34,"column":19},"end":{"line":34,"column":20}},"loc":{"start":{"line":34,"column":32},"end":{"line":63,"column":3}},"line":34},"3":{"name":"(anonymous_3)","decl":{"start":{"line":65,"column":13},"end":{"line":65,"column":14}},"loc":{"start":{"line":65,"column":42},"end":{"line":73,"column":3}},"line":65},"4":{"name":"(anonymous_4)","decl":{"start":{"line":75,"column":18},"end":{"line":75,"column":19}},"loc":{"start":{"line":75,"column":25},"end":{"line":104,"column":3}},"line":75},"5":{"name":"(anonymous_5)","decl":{"start":{"line":106,"column":15},"end":{"line":106,"column":16}},"loc":{"start":{"line":106,"column":21},"end":{"line":108,"column":1}},"line":106},"6":{"name":"(anonymous_6)","decl":{"start":{"line":110,"column":16},"end":{"line":110,"column":17}},"loc":{"start":{"line":110,"column":22},"end":{"line":112,"column":1}},"line":110},"7":{"name":"(anonymous_7)","decl":{"start":{"line":114,"column":15},"end":{"line":114,"column":16}},"loc":{"start":{"line":114,"column":21},"end":{"line":120,"column":1}},"line":114},"8":{"name":"(anonymous_8)","decl":{"start":{"line":122,"column":0},"end":{"line":122,"column":1}},"loc":{"start":{"line":122,"column":9},"end":{"line":145,"column":1}},"line":122}},"branchMap":{"0":{"loc":{"start":{"line":39,"column":4},"end":{"line":57,"column":5}},"type":"if","locations":[{"start":{"line":39,"column":4},"end":{"line":57,"column":5}},{"start":{"line":39,"column":4},"end":{"line":57,"column":5}}],"line":39},"1":{"loc":{"start":{"line":40,"column":6},"end":{"line":56,"column":7}},"type":"if","locations":[{"start":{"line":40,"column":6},"end":{"line":56,"column":7}},{"start":{"line":40,"column":6},"end":{"line":56,"column":7}}],"line":40},"2":{"loc":{"start":{"line":46,"column":13},"end":{"line":56,"column":7}},"type":"if","locations":[{"start":{"line":46,"column":13},"end":{"line":56,"column":7}},{"start":{"line":46,"column":13},"end":{"line":56,"column":7}}],"line":46},"3":{"loc":{"start":{"line":66,"column":4},"end":{"line":72,"column":5}},"type":"if","locations":[{"start":{"line":66,"column":4},"end":{"line":72,"column":5}},{"start":{"line":66,"column":4},"end":{"line":72,"column":5}}],"line":66},"4":{"loc":{"start":{"line":92,"column":4},"end":{"line":99,"column":5}},"type":"if","locations":[{"start":{"line":92,"column":4},"end":{"line":99,"column":5}},{"start":{"line":92,"column":4},"end":{"line":99,"column":5}}],"line":92},"5":{"loc":{"start":{"line":100,"column":4},"end":{"line":103,"column":5}},"type":"if","locations":[{"start":{"line":100,"column":4},"end":{"line":103,"column":5}},{"start":{"line":100,"column":4},"end":{"line":103,"column":5}}],"line":100},"6":{"loc":{"start":{"line":115,"column":2},"end":{"line":119,"column":3}},"type":"if","locations":[{"start":{"line":115,"column":2},"end":{"line":119,"column":3}},{"start":{"line":115,"column":2},"end":{"line":119,"column":3}}],"line":115}},"s":{"0":0,"1":0,"2":0,"3":0,"4":0,"5":0,"6":0,"7":0,"8":0,"9":0,"10":0,"11":0,"12":0,"13":0,"14":0,"15":0,"16":0,"17":0,"18":0,"19":0,"20":0,"21":0,"22":0,"23":0,"24":0,"25":0,"26":0,"27":0,"28":0,"29":0,"30":0,"31":0,"32":0,"33":0,"34":0,"35":0,"36":0,"37":0,"38":0,"39":0,"40":0,"41":0,"42":0,"43":0,"44":0,"45":0,"46":0,"47":1,"48":1},"f":{"0":0,"1":0,"2":0,"3":0,"4":0,"5":0,"6":0,"7":0,"8":0},"b":{"0":[0,0],"1":[0,0],"2":[0,0],"3":[0,0],"4":[0,0],"5":[0,0],"6":[0,0]},"_coverageSchema":"332fd63041d2c1bcb487cc26dd0d5f7d97098a6c","hash":"20281c86a22ce0e9763c20971157c6b98cd673ea"}
,"/Users/oluwasegunadepoju/Desktop/vsc/git/Swift-Foods/src/views/MenuPage.jsx": {"path":"/Users/oluwasegunadepoju/Desktop/vsc/git/Swift-Foods/src/views/MenuPage.jsx","statementMap":{"0":{"start":{"line":12,"column":4},"end":{"line":12,"column":17}},"1":{"start":{"line":13,"column":4},"end":{"line":15,"column":6}},"2":{"start":{"line":16,"column":4},"end":{"line":16,"column":42}},"3":{"start":{"line":20,"column":4},"end":{"line":20,"column":61}},"4":{"start":{"line":24,"column":26},"end":{"line":24,"column":36}},"5":{"start":{"line":25,"column":21},"end":{"line":25,"column":38}},"6":{"start":{"line":26,"column":4},"end":{"line":37,"column":5}},"7":{"start":{"line":27,"column":19},"end":{"line":35,"column":8}},"8":{"start":{"line":28,"column":8},"end":{"line":34,"column":10}},"9":{"start":{"line":36,"column":6},"end":{"line":36,"column":30}},"10":{"start":{"line":41,"column":4},"end":{"line":51,"column":6}},"11":{"start":{"line":55,"column":0},"end":{"line":57,"column":2}},"12":{"start":{"line":59,"column":27},"end":{"line":61,"column":1}},"13":{"start":{"line":60,"column":19},"end":{"line":60,"column":28}}},"fnMap":{"0":{"name":"(anonymous_0)","decl":{"start":{"line":11,"column":2},"end":{"line":11,"column":3}},"loc":{"start":{"line":11,"column":21},"end":{"line":17,"column":3}},"line":11},"1":{"name":"(anonymous_1)","decl":{"start":{"line":19,"column":16},"end":{"line":19,"column":17}},"loc":{"start":{"line":19,"column":23},"end":{"line":21,"column":3}},"line":19},"2":{"name":"(anonymous_2)","decl":{"start":{"line":23,"column":21},"end":{"line":23,"column":22}},"loc":{"start":{"line":23,"column":33},"end":{"line":38,"column":3}},"line":23},"3":{"name":"(anonymous_3)","decl":{"start":{"line":27,"column":32},"end":{"line":27,"column":33}},"loc":{"start":{"line":28,"column":8},"end":{"line":34,"column":10}},"line":28},"4":{"name":"(anonymous_4)","decl":{"start":{"line":40,"column":2},"end":{"line":40,"column":3}},"loc":{"start":{"line":40,"column":11},"end":{"line":52,"column":3}},"line":40},"5":{"name":"(anonymous_5)","decl":{"start":{"line":60,"column":13},"end":{"line":60,"column":14}},"loc":{"start":{"line":60,"column":19},"end":{"line":60,"column":28}},"line":60}},"branchMap":{"0":{"loc":{"start":{"line":26,"column":4},"end":{"line":37,"column":5}},"type":"if","locations":[{"start":{"line":26,"column":4},"end":{"line":37,"column":5}},{"start":{"line":26,"column":4},"end":{"line":37,"column":5}}],"line":26}},"s":{"0":0,"1":0,"2":0,"3":0,"4":0,"5":0,"6":0,"7":0,"8":0,"9":0,"10":0,"11":1,"12":1,"13":0},"f":{"0":0,"1":0,"2":0,"3":0,"4":0,"5":0},"b":{"0":[0,0]},"_coverageSchema":"332fd63041d2c1bcb487cc26dd0d5f7d97098a6c","hash":"f96b3c726c1d3eb791bfc6fb7dc757248550a722"}
,"/Users/oluwasegunadepoju/Desktop/vsc/git/Swift-Foods/src/views/Navbar.jsx": {"path":"/Users/oluwasegunadepoju/Desktop/vsc/git/Swift-Foods/src/views/Navbar.jsx","statementMap":{"0":{"start":{"line":10,"column":4},"end":{"line":10,"column":27}},"1":{"start":{"line":18,"column":8},"end":{"line":18,"column":18}},"2":{"start":{"line":19,"column":4},"end":{"line":19,"column":14}},"3":{"start":{"line":21,"column":4},"end":{"line":21,"column":22}},"4":{"start":{"line":30,"column":8},"end":{"line":30,"column":18}},"5":{"start":{"line":32,"column":4},"end":{"line":39,"column":5}},"6":{"start":{"line":33,"column":6},"end":{"line":38,"column":8}},"7":{"start":{"line":40,"column":4},"end":{"line":40,"column":28}},"8":{"start":{"line":44,"column":36},"end":{"line":44,"column":66}},"9":{"start":{"line":46,"column":4},"end":{"line":50,"column":6}},"10":{"start":{"line":54,"column":24},"end":{"line":57,"column":2}},"11":{"start":{"line":54,"column":34},"end":{"line":57,"column":1}},"12":{"start":{"line":59,"column":0},"end":{"line":64,"column":2}},"13":{"start":{"line":66,"column":0},"end":{"line":68,"column":2}},"14":{"start":{"line":70,"column":27},"end":{"line":72,"column":1}}},"fnMap":{"0":{"name":"(anonymous_0)","decl":{"start":{"line":9,"column":12},"end":{"line":9,"column":13}},"loc":{"start":{"line":9,"column":23},"end":{"line":22,"column":3}},"line":9},"1":{"name":"(anonymous_1)","decl":{"start":{"line":24,"column":28},"end":{"line":24,"column":29}},"loc":{"start":{"line":24,"column":34},"end":{"line":41,"column":3}},"line":24},"2":{"name":"(anonymous_2)","decl":{"start":{"line":43,"column":2},"end":{"line":43,"column":3}},"loc":{"start":{"line":43,"column":11},"end":{"line":51,"column":3}},"line":43},"3":{"name":"(anonymous_3)","decl":{"start":{"line":54,"column":24},"end":{"line":54,"column":25}},"loc":{"start":{"line":54,"column":34},"end":{"line":57,"column":1}},"line":54}},"branchMap":{"0":{"loc":{"start":{"line":32,"column":4},"end":{"line":39,"column":5}},"type":"if","locations":[{"start":{"line":32,"column":4},"end":{"line":39,"column":5}},{"start":{"line":32,"column":4},"end":{"line":39,"column":5}}],"line":32}},"s":{"0":0,"1":0,"2":0,"3":0,"4":0,"5":0,"6":0,"7":0,"8":0,"9":0,"10":1,"11":0,"12":1,"13":1,"14":1},"f":{"0":0,"1":0,"2":0,"3":0},"b":{"0":[0,0]},"_coverageSchema":"332fd63041d2c1bcb487cc26dd0d5f7d97098a6c","hash":"35d287f578470d31c0a37d1f7665fed84c2ecf03"}
,"/Users/oluwasegunadepoju/Desktop/vsc/git/Swift-Foods/src/views/SignupPage.jsx": {"path":"/Users/oluwasegunadepoju/Desktop/vsc/git/Swift-Foods/src/views/SignupPage.jsx","statementMap":{"0":{"start":{"line":11,"column":4},"end":{"line":11,"column":17}},"1":{"start":{"line":12,"column":4},"end":{"line":18,"column":6}},"2":{"start":{"line":19,"column":4},"end":{"line":19,"column":39}},"3":{"start":{"line":20,"column":4},"end":{"line":20,"column":40}},"4":{"start":{"line":21,"column":4},"end":{"line":21,"column":39}},"5":{"start":{"line":22,"column":4},"end":{"line":22,"column":39}},"6":{"start":{"line":23,"column":4},"end":{"line":23,"column":38}},"7":{"start":{"line":24,"column":4},"end":{"line":24,"column":41}},"8":{"start":{"line":25,"column":4},"end":{"line":25,"column":48}},"9":{"start":{"line":26,"column":4},"end":{"line":26,"column":48}},"10":{"start":{"line":30,"column":4},"end":{"line":30,"column":63}},"11":{"start":{"line":38,"column":8},"end":{"line":38,"column":18}},"12":{"start":{"line":39,"column":36},"end":{"line":39,"column":46}},"13":{"start":{"line":40,"column":4},"end":{"line":40,"column":50}},"14":{"start":{"line":41,"column":4},"end":{"line":57,"column":5}},"15":{"start":{"line":42,"column":6},"end":{"line":42,"column":26}},"16":{"start":{"line":43,"column":23},"end":{"line":43,"column":51}},"17":{"start":{"line":44,"column":6},"end":{"line":52,"column":7}},"18":{"start":{"line":45,"column":8},"end":{"line":45,"column":33}},"19":{"start":{"line":46,"column":8},"end":{"line":46,"column":30}},"20":{"start":{"line":47,"column":8},"end":{"line":47,"column":31}},"21":{"start":{"line":48,"column":8},"end":{"line":51,"column":11}},"22":{"start":{"line":53,"column":6},"end":{"line":56,"column":9}},"23":{"start":{"line":58,"column":4},"end":{"line":63,"column":5}},"24":{"start":{"line":59,"column":6},"end":{"line":62,"column":9}},"25":{"start":{"line":63,"column":6},"end":{"line":66,"column":7}},"26":{"start":{"line":70,"column":40},"end":{"line":70,"column":50}},"27":{"start":{"line":71,"column":2},"end":{"line":79,"column":3}},"28":{"start":{"line":72,"column":4},"end":{"line":72,"column":60}},"29":{"start":{"line":73,"column":4},"end":{"line":73,"column":58}},"30":{"start":{"line":74,"column":4},"end":{"line":74,"column":68}},"31":{"start":{"line":76,"column":4},"end":{"line":76,"column":72}},"32":{"start":{"line":77,"column":4},"end":{"line":77,"column":60}},"33":{"start":{"line":78,"column":4},"end":{"line":78,"column":56}},"34":{"start":{"line":83,"column":4},"end":{"line":89,"column":5}},"35":{"start":{"line":84,"column":6},"end":{"line":84,"column":44}},"36":{"start":{"line":85,"column":6},"end":{"line":85,"column":39}},"37":{"start":{"line":87,"column":6},"end":{"line":87,"column":42}},"38":{"start":{"line":88,"column":6},"end":{"line":88,"column":41}},"39":{"start":{"line":93,"column":16},"end":{"line":93,"column":17}},"40":{"start":{"line":94,"column":22},"end":{"line":94,"column":30}},"41":{"start":{"line":97,"column":22},"end":{"line":97,"column":30}},"42":{"start":{"line":98,"column":4},"end":{"line":98,"column":72}},"43":{"start":{"line":101,"column":22},"end":{"line":101,"column":30}},"44":{"start":{"line":102,"column":4},"end":{"line":102,"column":73}},"45":{"start":{"line":105,"column":20},"end":{"line":105,"column":28}},"46":{"start":{"line":106,"column":4},"end":{"line":106,"column":70}},"47":{"start":{"line":109,"column":4},"end":{"line":116,"column":5}},"48":{"start":{"line":110,"column":6},"end":{"line":110,"column":57}},"49":{"start":{"line":111,"column":6},"end":{"line":111,"column":52}},"50":{"start":{"line":112,"column":6},"end":{"line":112,"column":17}},"51":{"start":{"line":114,"column":6},"end":{"line":114,"column":55}},"52":{"start":{"line":115,"column":6},"end":{"line":115,"column":54}},"53":{"start":{"line":117,"column":4},"end":{"line":120,"column":5}},"54":{"start":{"line":118,"column":6},"end":{"line":118,"column":34}},"55":{"start":{"line":119,"column":6},"end":{"line":119,"column":51}},"56":{"start":{"line":121,"column":4},"end":{"line":121,"column":27}},"57":{"start":{"line":125,"column":2},"end":{"line":125,"column":47}},"58":{"start":{"line":129,"column":2},"end":{"line":129,"column":48}},"59":{"start":{"line":133,"column":2},"end":{"line":139,"column":3}},"60":{"start":{"line":134,"column":4},"end":{"line":134,"column":43}},"61":{"start":{"line":135,"column":4},"end":{"line":135,"column":50}},"62":{"start":{"line":137,"column":4},"end":{"line":137,"column":47}},"63":{"start":{"line":138,"column":4},"end":{"line":138,"column":54}},"64":{"start":{"line":143,"column":2},"end":{"line":166,"column":4}},"65":{"start":{"line":170,"column":0},"end":{"line":176,"column":2}},"66":{"start":{"line":178,"column":27},"end":{"line":180,"column":1}}},"fnMap":{"0":{"name":"(anonymous_0)","decl":{"start":{"line":10,"column":2},"end":{"line":10,"column":3}},"loc":{"start":{"line":10,"column":21},"end":{"line":27,"column":3}},"line":10},"1":{"name":"(anonymous_1)","decl":{"start":{"line":29,"column":19},"end":{"line":29,"column":20}},"loc":{"start":{"line":29,"column":30},"end":{"line":31,"column":3}},"line":29},"2":{"name":"(anonymous_2)","decl":{"start":{"line":33,"column":19},"end":{"line":33,"column":20}},"loc":{"start":{"line":33,"column":31},"end":{"line":67,"column":3}},"line":33},"3":{"name":"(anonymous_3)","decl":{"start":{"line":69,"column":18},"end":{"line":69,"column":19}},"loc":{"start":{"line":69,"column":24},"end":{"line":80,"column":1}},"line":69},"4":{"name":"(anonymous_4)","decl":{"start":{"line":82,"column":13},"end":{"line":82,"column":14}},"loc":{"start":{"line":82,"column":42},"end":{"line":90,"column":3}},"line":82},"5":{"name":"(anonymous_5)","decl":{"start":{"line":92,"column":18},"end":{"line":92,"column":19}},"loc":{"start":{"line":92,"column":25},"end":{"line":122,"column":3}},"line":92},"6":{"name":"(anonymous_6)","decl":{"start":{"line":124,"column":15},"end":{"line":124,"column":16}},"loc":{"start":{"line":124,"column":21},"end":{"line":126,"column":1}},"line":124},"7":{"name":"(anonymous_7)","decl":{"start":{"line":128,"column":16},"end":{"line":128,"column":17}},"loc":{"start":{"line":128,"column":22},"end":{"line":130,"column":1}},"line":128},"8":{"name":"(anonymous_8)","decl":{"start":{"line":132,"column":15},"end":{"line":132,"column":16}},"loc":{"start":{"line":132,"column":21},"end":{"line":140,"column":1}},"line":132},"9":{"name":"(anonymous_9)","decl":{"start":{"line":142,"column":0},"end":{"line":142,"column":1}},"loc":{"start":{"line":142,"column":9},"end":{"line":167,"column":1}},"line":142}},"branchMap":{"0":{"loc":{"start":{"line":41,"column":4},"end":{"line":57,"column":5}},"type":"if","locations":[{"start":{"line":41,"column":4},"end":{"line":57,"column":5}},{"start":{"line":41,"column":4},"end":{"line":57,"column":5}}],"line":41},"1":{"loc":{"start":{"line":41,"column":8},"end":{"line":41,"column":55}},"type":"binary-expr","locations":[{"start":{"line":41,"column":9},"end":{"line":41,"column":37}},{"start":{"line":41,"column":43},"end":{"line":41,"column":54}}],"line":41},"2":{"loc":{"start":{"line":44,"column":6},"end":{"line":52,"column":7}},"type":"if","locations":[{"start":{"line":44,"column":6},"end":{"line":52,"column":7}},{"start":{"line":44,"column":6},"end":{"line":52,"column":7}}],"line":44},"3":{"loc":{"start":{"line":58,"column":4},"end":{"line":63,"column":5}},"type":"if","locations":[{"start":{"line":58,"column":4},"end":{"line":63,"column":5}},{"start":{"line":58,"column":4},"end":{"line":63,"column":5}}],"line":58},"4":{"loc":{"start":{"line":71,"column":2},"end":{"line":79,"column":3}},"type":"if","locations":[{"start":{"line":71,"column":2},"end":{"line":79,"column":3}},{"start":{"line":71,"column":2},"end":{"line":79,"column":3}}],"line":71},"5":{"loc":{"start":{"line":83,"column":4},"end":{"line":89,"column":5}},"type":"if","locations":[{"start":{"line":83,"column":4},"end":{"line":89,"column":5}},{"start":{"line":83,"column":4},"end":{"line":89,"column":5}}],"line":83},"6":{"loc":{"start":{"line":109,"column":4},"end":{"line":116,"column":5}},"type":"if","locations":[{"start":{"line":109,"column":4},"end":{"line":116,"column":5}},{"start":{"line":109,"column":4},"end":{"line":116,"column":5}}],"line":109},"7":{"loc":{"start":{"line":117,"column":4},"end":{"line":120,"column":5}},"type":"if","locations":[{"start":{"line":117,"column":4},"end":{"line":120,"column":5}},{"start":{"line":117,"column":4},"end":{"line":120,"column":5}}],"line":117},"8":{"loc":{"start":{"line":133,"column":2},"end":{"line":139,"column":3}},"type":"if","locations":[{"start":{"line":133,"column":2},"end":{"line":139,"column":3}},{"start":{"line":133,"column":2},"end":{"line":139,"column":3}}],"line":133}},"s":{"0":0,"1":0,"2":0,"3":0,"4":0,"5":0,"6":0,"7":0,"8":0,"9":0,"10":0,"11":0,"12":0,"13":0,"14":0,"15":0,"16":0,"17":0,"18":0,"19":0,"20":0,"21":0,"22":0,"23":0,"24":0,"25":0,"26":0,"27":0,"28":0,"29":0,"30":0,"31":0,"32":0,"33":0,"34":0,"35":0,"36":0,"37":0,"38":0,"39":0,"40":0,"41":0,"42":0,"43":0,"44":0,"45":0,"46":0,"47":0,"48":0,"49":0,"50":0,"51":0,"52":0,"53":0,"54":0,"55":0,"56":0,"57":0,"58":0,"59":0,"60":0,"61":0,"62":0,"63":0,"64":0,"65":1,"66":1},"f":{"0":0,"1":0,"2":0,"3":0,"4":0,"5":0,"6":0,"7":0,"8":0,"9":0},"b":{"0":[0,0],"1":[0,0],"2":[0,0],"3":[0,0],"4":[0,0],"5":[0,0],"6":[0,0],"7":[0,0],"8":[0,0]},"_coverageSchema":"332fd63041d2c1bcb487cc26dd0d5f7d97098a6c","hash":"0805732bab11fadd8a563ebb5c8d5e4dd7fedfb8"}
,"/Users/oluwasegunadepoju/Desktop/vsc/git/Swift-Foods/src/views/index.js": {"path":"/Users/oluwasegunadepoju/Desktop/vsc/git/Swift-Foods/src/views/index.js","statementMap":{},"fnMap":{},"branchMap":{},"s":{},"f":{},"b":{},"_coverageSchema":"332fd63041d2c1bcb487cc26dd0d5f7d97098a6c","hash":"e8d75f7196be9da92ef515206133c6a778ccf781"}
}
