{"/Users/oluwasegunadepoju/Desktop/vsc/git/Swift-Foods/src/routes.jsx": {"path":"/Users/oluwasegunadepoju/Desktop/vsc/git/Swift-Foods/src/routes.jsx","statementMap":{"0":{"start":{"line":17,"column":2},"end":{"line":26,"column":18}}},"fnMap":{},"branchMap":{},"s":{"0":1},"f":{},"b":{},"_coverageSchema":"332fd63041d2c1bcb487cc26dd0d5f7d97098a6c","hash":"28e227bed8efc9b0ae7e6ed3fd2293ba8bb29a92"}
,"/Users/oluwasegunadepoju/Desktop/vsc/git/Swift-Foods/src/setupTests.js": {"path":"/Users/oluwasegunadepoju/Desktop/vsc/git/Swift-Foods/src/setupTests.js","statementMap":{"0":{"start":{"line":4,"column":0},"end":{"line":4,"column":38}}},"fnMap":{},"branchMap":{},"s":{"0":1},"f":{},"b":{},"_coverageSchema":"332fd63041d2c1bcb487cc26dd0d5f7d97098a6c","hash":"7dae769981a65b768699067e449dc5c3b84407db"}
,"/Users/oluwasegunadepoju/Desktop/vsc/git/Swift-Foods/src/actionTypes/index.js": {"path":"/Users/oluwasegunadepoju/Desktop/vsc/git/Swift-Foods/src/actionTypes/index.js","statementMap":{"0":{"start":{"line":1,"column":32},"end":{"line":1,"column":50}},"1":{"start":{"line":2,"column":33},"end":{"line":2,"column":52}},"2":{"start":{"line":3,"column":36},"end":{"line":3,"column":58}},"3":{"start":{"line":4,"column":36},"end":{"line":4,"column":58}},"4":{"start":{"line":5,"column":31},"end":{"line":5,"column":48}}},"fnMap":{},"branchMap":{},"s":{"0":1,"1":1,"2":1,"3":1,"4":1},"f":{},"b":{},"_coverageSchema":"332fd63041d2c1bcb487cc26dd0d5f7d97098a6c","hash":"ebe082b1b9b14221fb8c32de307315b57ea1e4a3"}
,"/Users/oluwasegunadepoju/Desktop/vsc/git/Swift-Foods/src/actions/flashActions.js": {"path":"/Users/oluwasegunadepoju/Desktop/vsc/git/Swift-Foods/src/actions/flashActions.js","statementMap":{"0":{"start":{"line":7,"column":31},"end":{"line":10,"column":2}},"1":{"start":{"line":7,"column":43},"end":{"line":10,"column":1}},"2":{"start":{"line":12,"column":34},"end":{"line":15,"column":2}},"3":{"start":{"line":12,"column":41},"end":{"line":15,"column":1}},"4":{"start":{"line":18,"column":34},"end":{"line":20,"column":2}},"5":{"start":{"line":18,"column":41},"end":{"line":20,"column":1}}},"fnMap":{"0":{"name":"(anonymous_0)","decl":{"start":{"line":7,"column":31},"end":{"line":7,"column":32}},"loc":{"start":{"line":7,"column":43},"end":{"line":10,"column":1}},"line":7},"1":{"name":"(anonymous_1)","decl":{"start":{"line":12,"column":34},"end":{"line":12,"column":35}},"loc":{"start":{"line":12,"column":41},"end":{"line":15,"column":1}},"line":12},"2":{"name":"(anonymous_2)","decl":{"start":{"line":18,"column":34},"end":{"line":18,"column":35}},"loc":{"start":{"line":18,"column":41},"end":{"line":20,"column":1}},"line":18}},"branchMap":{},"s":{"0":1,"1":0,"2":1,"3":0,"4":1,"5":0},"f":{"0":0,"1":0,"2":0},"b":{},"_coverageSchema":"332fd63041d2c1bcb487cc26dd0d5f7d97098a6c","hash":"de19b2b0959af14ef5c33f1fd931b572cdf088b2"}
,"/Users/oluwasegunadepoju/Desktop/vsc/git/Swift-Foods/src/actions/loginActions.js": {"path":"/Users/oluwasegunadepoju/Desktop/vsc/git/Swift-Foods/src/actions/loginActions.js","statementMap":{"0":{"start":{"line":7,"column":30},"end":{"line":10,"column":2}},"1":{"start":{"line":7,"column":43},"end":{"line":10,"column":1}},"2":{"start":{"line":12,"column":28},"end":{"line":36,"column":1}},"3":{"start":{"line":13,"column":19},"end":{"line":16,"column":3}},"4":{"start":{"line":17,"column":2},"end":{"line":35,"column":4}},"5":{"start":{"line":19,"column":4},"end":{"line":34,"column":5}},"6":{"start":{"line":20,"column":6},"end":{"line":25,"column":9}},"7":{"start":{"line":26,"column":24},"end":{"line":26,"column":54}},"8":{"start":{"line":27,"column":27},"end":{"line":27,"column":44}},"9":{"start":{"line":28,"column":6},"end":{"line":28,"column":43}},"10":{"start":{"line":29,"column":6},"end":{"line":29,"column":35}},"11":{"start":{"line":30,"column":6},"end":{"line":30,"column":45}},"12":{"start":{"line":31,"column":6},"end":{"line":31,"column":27}},"13":{"start":{"line":33,"column":6},"end":{"line":33,"column":28}}},"fnMap":{"0":{"name":"(anonymous_0)","decl":{"start":{"line":7,"column":30},"end":{"line":7,"column":31}},"loc":{"start":{"line":7,"column":43},"end":{"line":10,"column":1}},"line":7},"1":{"name":"(anonymous_1)","decl":{"start":{"line":12,"column":28},"end":{"line":12,"column":29}},"loc":{"start":{"line":12,"column":42},"end":{"line":36,"column":1}},"line":12},"2":{"name":"(anonymous_2)","decl":{"start":{"line":17,"column":9},"end":{"line":17,"column":10}},"loc":{"start":{"line":17,"column":29},"end":{"line":35,"column":3}},"line":17}},"branchMap":{},"s":{"0":1,"1":0,"2":1,"3":0,"4":0,"5":0,"6":0,"7":0,"8":0,"9":0,"10":0,"11":0,"12":0,"13":0},"f":{"0":0,"1":0,"2":0},"b":{},"_coverageSchema":"332fd63041d2c1bcb487cc26dd0d5f7d97098a6c","hash":"b0c20ae9d83079c3ffd815a2af26164747160ae1"}
,"/Users/oluwasegunadepoju/Desktop/vsc/git/Swift-Foods/src/actions/logout.js": {"path":"/Users/oluwasegunadepoju/Desktop/vsc/git/Swift-Foods/src/actions/logout.js","statementMap":{"0":{"start":{"line":4,"column":15},"end":{"line":8,"column":1}},"1":{"start":{"line":4,"column":21},"end":{"line":8,"column":1}},"2":{"start":{"line":5,"column":2},"end":{"line":5,"column":35}},"3":{"start":{"line":6,"column":2},"end":{"line":6,"column":31}},"4":{"start":{"line":7,"column":2},"end":{"line":7,"column":31}}},"fnMap":{"0":{"name":"(anonymous_0)","decl":{"start":{"line":4,"column":15},"end":{"line":4,"column":16}},"loc":{"start":{"line":4,"column":21},"end":{"line":8,"column":1}},"line":4},"1":{"name":"(anonymous_1)","decl":{"start":{"line":4,"column":21},"end":{"line":4,"column":22}},"loc":{"start":{"line":4,"column":35},"end":{"line":8,"column":1}},"line":4}},"branchMap":{},"s":{"0":1,"1":0,"2":0,"3":0,"4":0},"f":{"0":0,"1":0},"b":{},"_coverageSchema":"332fd63041d2c1bcb487cc26dd0d5f7d97098a6c","hash":"2e6e0cdb664b1b68f61d2348815c18c5a14afe7c"}
,"/Users/oluwasegunadepoju/Desktop/vsc/git/Swift-Foods/src/actions/signupActions.js": {"path":"/Users/oluwasegunadepoju/Desktop/vsc/git/Swift-Foods/src/actions/signupActions.js","statementMap":{"0":{"start":{"line":4,"column":29},"end":{"line":7,"column":2}},"1":{"start":{"line":4,"column":42},"end":{"line":7,"column":1}},"2":{"start":{"line":8,"column":26},"end":{"line":21,"column":1}},"3":{"start":{"line":8,"column":41},"end":{"line":21,"column":1}},"4":{"start":{"line":9,"column":2},"end":{"line":20,"column":3}},"5":{"start":{"line":10,"column":21},"end":{"line":10,"column":60}},"6":{"start":{"line":11,"column":4},"end":{"line":11,"column":20}},"7":{"start":{"line":13,"column":4},"end":{"line":18,"column":5}},"8":{"start":{"line":14,"column":6},"end":{"line":17,"column":8}},"9":{"start":{"line":19,"column":4},"end":{"line":19,"column":17}}},"fnMap":{"0":{"name":"(anonymous_0)","decl":{"start":{"line":4,"column":29},"end":{"line":4,"column":30}},"loc":{"start":{"line":4,"column":42},"end":{"line":7,"column":1}},"line":4},"1":{"name":"(anonymous_1)","decl":{"start":{"line":8,"column":26},"end":{"line":8,"column":27}},"loc":{"start":{"line":8,"column":41},"end":{"line":21,"column":1}},"line":8},"2":{"name":"(anonymous_2)","decl":{"start":{"line":8,"column":41},"end":{"line":8,"column":42}},"loc":{"start":{"line":8,"column":53},"end":{"line":21,"column":1}},"line":8}},"branchMap":{"0":{"loc":{"start":{"line":13,"column":4},"end":{"line":18,"column":5}},"type":"if","locations":[{"start":{"line":13,"column":4},"end":{"line":18,"column":5}},{"start":{"line":13,"column":4},"end":{"line":18,"column":5}}],"line":13}},"s":{"0":1,"1":0,"2":1,"3":0,"4":0,"5":0,"6":0,"7":0,"8":0,"9":0},"f":{"0":0,"1":0,"2":0},"b":{"0":[0,0]},"_coverageSchema":"332fd63041d2c1bcb487cc26dd0d5f7d97098a6c","hash":"51732a03793bd1c5f862631dce4501ad2c06c510"}
,"/Users/oluwasegunadepoju/Desktop/vsc/git/Swift-Foods/src/components/App.jsx": {"path":"/Users/oluwasegunadepoju/Desktop/vsc/git/Swift-Foods/src/components/App.jsx","statementMap":{"0":{"start":{"line":5,"column":12},"end":{"line":9,"column":1}},"1":{"start":{"line":6,"column":2},"end":{"line":8,"column":8}}},"fnMap":{"0":{"name":"(anonymous_0)","decl":{"start":{"line":5,"column":12},"end":{"line":5,"column":13}},"loc":{"start":{"line":6,"column":2},"end":{"line":8,"column":8}},"line":6}},"branchMap":{},"s":{"0":1,"1":1},"f":{"0":1},"b":{},"_coverageSchema":"332fd63041d2c1bcb487cc26dd0d5f7d97098a6c","hash":"1614156ecb746203103be9bad9c1d6287225e503"}
,"/Users/oluwasegunadepoju/Desktop/vsc/git/Swift-Foods/src/components/Button.jsx": {"path":"/Users/oluwasegunadepoju/Desktop/vsc/git/Swift-Foods/src/components/Button.jsx","statementMap":{"0":{"start":{"line":4,"column":15},"end":{"line":18,"column":1}},"1":{"start":{"line":10,"column":2},"end":{"line":17,"column":11}},"2":{"start":{"line":20,"column":0},"end":{"line":25,"column":2}},"3":{"start":{"line":27,"column":0},"end":{"line":30,"column":2}}},"fnMap":{"0":{"name":"(anonymous_0)","decl":{"start":{"line":4,"column":15},"end":{"line":4,"column":16}},"loc":{"start":{"line":10,"column":2},"end":{"line":17,"column":11}},"line":10}},"branchMap":{},"s":{"0":1,"1":0,"2":1,"3":1},"f":{"0":0},"b":{},"_coverageSchema":"332fd63041d2c1bcb487cc26dd0d5f7d97098a6c","hash":"0ff59d061003ea8b78e129f3b50cf917b9307ee2"}
,"/Users/oluwasegunadepoju/Desktop/vsc/git/Swift-Foods/src/components/ErrorPage.jsx": {"path":"/Users/oluwasegunadepoju/Desktop/vsc/git/Swift-Foods/src/components/ErrorPage.jsx","statementMap":{"0":{"start":{"line":4,"column":18},"end":{"line":20,"column":1}},"1":{"start":{"line":5,"column":2},"end":{"line":19,"column":8}}},"fnMap":{"0":{"name":"(anonymous_0)","decl":{"start":{"line":4,"column":18},"end":{"line":4,"column":19}},"loc":{"start":{"line":5,"column":2},"end":{"line":19,"column":8}},"line":5}},"branchMap":{},"s":{"0":1,"1":0},"f":{"0":0},"b":{},"_coverageSchema":"332fd63041d2c1bcb487cc26dd0d5f7d97098a6c","hash":"0277b2c0efb5e4ce89ebf5d4111d8d94d08f6de6"}
,"/Users/oluwasegunadepoju/Desktop/vsc/git/Swift-Foods/src/components/FlashMessage.jsx": {"path":"/Users/oluwasegunadepoju/Desktop/vsc/git/Swift-Foods/src/components/FlashMessage.jsx","statementMap":{"0":{"start":{"line":11,"column":8},"end":{"line":11,"column":18}},"1":{"start":{"line":12,"column":4},"end":{"line":12,"column":28}},"2":{"start":{"line":22,"column":8},"end":{"line":22,"column":18}},"3":{"start":{"line":23,"column":33},"end":{"line":23,"column":43}},"4":{"start":{"line":24,"column":4},"end":{"line":29,"column":5}},"5":{"start":{"line":24,"column":26},"end":{"line":24,"column":79}},"6":{"start":{"line":25,"column":9},"end":{"line":29,"column":5}},"7":{"start":{"line":26,"column":6},"end":{"line":26,"column":60}},"8":{"start":{"line":27,"column":11},"end":{"line":29,"column":5}},"9":{"start":{"line":28,"column":6},"end":{"line":28,"column":60}},"10":{"start":{"line":30,"column":4},"end":{"line":42,"column":6}},"11":{"start":{"line":46,"column":0},"end":{"line":53,"column":2}},"12":{"start":{"line":55,"column":0},"end":{"line":58,"column":2}},"13":{"start":{"line":57,"column":29},"end":{"line":57,"column":33}}},"fnMap":{"0":{"name":"(anonymous_0)","decl":{"start":{"line":5,"column":18},"end":{"line":5,"column":19}},"loc":{"start":{"line":5,"column":24},"end":{"line":13,"column":3}},"line":5},"1":{"name":"(anonymous_1)","decl":{"start":{"line":15,"column":2},"end":{"line":15,"column":3}},"loc":{"start":{"line":15,"column":11},"end":{"line":43,"column":3}},"line":15},"2":{"name":"(anonymous_2)","decl":{"start":{"line":57,"column":23},"end":{"line":57,"column":24}},"loc":{"start":{"line":57,"column":29},"end":{"line":57,"column":33}},"line":57}},"branchMap":{"0":{"loc":{"start":{"line":24,"column":4},"end":{"line":29,"column":5}},"type":"if","locations":[{"start":{"line":24,"column":4},"end":{"line":29,"column":5}},{"start":{"line":24,"column":4},"end":{"line":29,"column":5}}],"line":24},"1":{"loc":{"start":{"line":25,"column":9},"end":{"line":29,"column":5}},"type":"if","locations":[{"start":{"line":25,"column":9},"end":{"line":29,"column":5}},{"start":{"line":25,"column":9},"end":{"line":29,"column":5}}],"line":25},"2":{"loc":{"start":{"line":27,"column":11},"end":{"line":29,"column":5}},"type":"if","locations":[{"start":{"line":27,"column":11},"end":{"line":29,"column":5}},{"start":{"line":27,"column":11},"end":{"line":29,"column":5}}],"line":27}},"s":{"0":0,"1":0,"2":0,"3":0,"4":0,"5":0,"6":0,"7":0,"8":0,"9":0,"10":0,"11":1,"12":1,"13":0},"f":{"0":0,"1":0,"2":0},"b":{"0":[0,0],"1":[0,0],"2":[0,0]},"_coverageSchema":"332fd63041d2c1bcb487cc26dd0d5f7d97098a6c","hash":"8a9d4342017dec167384121342d25ffaf763bfcd"}
,"/Users/oluwasegunadepoju/Desktop/vsc/git/Swift-Foods/src/components/FlashMessagesList.jsx": {"path":"/Users/oluwasegunadepoju/Desktop/vsc/git/Swift-Foods/src/components/FlashMessagesList.jsx","statementMap":{"0":{"start":{"line":8,"column":32},"end":{"line":24,"column":1}},"1":{"start":{"line":9,"column":62},"end":{"line":9,"column":67}},"2":{"start":{"line":10,"column":26},"end":{"line":17,"column":4}},"3":{"start":{"line":11,"column":4},"end":{"line":16,"column":6}},"4":{"start":{"line":18,"column":2},"end":{"line":23,"column":4}},"5":{"start":{"line":26,"column":0},"end":{"line":33,"column":2}},"6":{"start":{"line":35,"column":0},"end":{"line":37,"column":2}},"7":{"start":{"line":39,"column":31},"end":{"line":41,"column":2}},"8":{"start":{"line":39,"column":41},"end":{"line":41,"column":1}},"9":{"start":{"line":43,"column":27},"end":{"line":45,"column":1}}},"fnMap":{"0":{"name":"(anonymous_0)","decl":{"start":{"line":8,"column":32},"end":{"line":8,"column":33}},"loc":{"start":{"line":8,"column":43},"end":{"line":24,"column":1}},"line":8},"1":{"name":"(anonymous_1)","decl":{"start":{"line":10,"column":39},"end":{"line":10,"column":40}},"loc":{"start":{"line":11,"column":4},"end":{"line":16,"column":6}},"line":11},"2":{"name":"(anonymous_2)","decl":{"start":{"line":39,"column":31},"end":{"line":39,"column":32}},"loc":{"start":{"line":39,"column":41},"end":{"line":41,"column":1}},"line":39}},"branchMap":{},"s":{"0":1,"1":0,"2":0,"3":0,"4":0,"5":1,"6":1,"7":1,"8":0,"9":1},"f":{"0":0,"1":0,"2":0},"b":{},"_coverageSchema":"332fd63041d2c1bcb487cc26dd0d5f7d97098a6c","hash":"41351f3222595197fe819b7f923fa5b7a10a981b"}
,"/Users/oluwasegunadepoju/Desktop/vsc/git/Swift-Foods/src/components/Footer.jsx": {"path":"/Users/oluwasegunadepoju/Desktop/vsc/git/Swift-Foods/src/components/Footer.jsx","statementMap":{"0":{"start":{"line":11,"column":15},"end":{"line":112,"column":1}},"1":{"start":{"line":12,"column":2},"end":{"line":111,"column":11}}},"fnMap":{"0":{"name":"(anonymous_0)","decl":{"start":{"line":11,"column":15},"end":{"line":11,"column":16}},"loc":{"start":{"line":12,"column":2},"end":{"line":111,"column":11}},"line":12}},"branchMap":{},"s":{"0":1,"1":0},"f":{"0":0},"b":{},"_coverageSchema":"332fd63041d2c1bcb487cc26dd0d5f7d97098a6c","hash":"572acc75c06cf5c30a11a3207180bf948acc28ac"}
,"/Users/oluwasegunadepoju/Desktop/vsc/git/Swift-Foods/src/components/FormInput.jsx": {"path":"/Users/oluwasegunadepoju/Desktop/vsc/git/Swift-Foods/src/components/FormInput.jsx","statementMap":{"0":{"start":{"line":4,"column":18},"end":{"line":18,"column":1}},"1":{"start":{"line":7,"column":2},"end":{"line":17,"column":8}},"2":{"start":{"line":20,"column":0},"end":{"line":27,"column":2}},"3":{"start":{"line":29,"column":0},"end":{"line":31,"column":2}}},"fnMap":{"0":{"name":"(anonymous_0)","decl":{"start":{"line":4,"column":18},"end":{"line":4,"column":19}},"loc":{"start":{"line":7,"column":2},"end":{"line":17,"column":8}},"line":7}},"branchMap":{},"s":{"0":1,"1":0,"2":1,"3":1},"f":{"0":0},"b":{},"_coverageSchema":"332fd63041d2c1bcb487cc26dd0d5f7d97098a6c","hash":"758c134756431b02e469d6ad0ffb6a366cbab27a"}
,"/Users/oluwasegunadepoju/Desktop/vsc/git/Swift-Foods/src/components/Links.jsx": {"path":"/Users/oluwasegunadepoju/Desktop/vsc/git/Swift-Foods/src/components/Links.jsx","statementMap":{"0":{"start":{"line":4,"column":14},"end":{"line":9,"column":1}},"1":{"start":{"line":5,"column":2},"end":{"line":8,"column":7}}},"fnMap":{"0":{"name":"(anonymous_0)","decl":{"start":{"line":4,"column":14},"end":{"line":4,"column":15}},"loc":{"start":{"line":5,"column":2},"end":{"line":8,"column":7}},"line":5}},"branchMap":{},"s":{"0":1,"1":0},"f":{"0":0},"b":{},"_coverageSchema":"332fd63041d2c1bcb487cc26dd0d5f7d97098a6c","hash":"45ef788f18e21cbcc5dc76a0b52d8fc00bd27179"}
,"/Users/oluwasegunadepoju/Desktop/vsc/git/Swift-Foods/src/components/Login.jsx": {"path":"/Users/oluwasegunadepoju/Desktop/vsc/git/Swift-Foods/src/components/Login.jsx","statementMap":{"0":{"start":{"line":9,"column":14},"end":{"line":91,"column":1}},"1":{"start":{"line":14,"column":2},"end":{"line":90,"column":8}},"2":{"start":{"line":93,"column":0},"end":{"line":97,"column":2}}},"fnMap":{"0":{"name":"(anonymous_0)","decl":{"start":{"line":9,"column":14},"end":{"line":9,"column":15}},"loc":{"start":{"line":14,"column":2},"end":{"line":90,"column":8}},"line":14}},"branchMap":{},"s":{"0":1,"1":0,"2":1},"f":{"0":0},"b":{},"_coverageSchema":"332fd63041d2c1bcb487cc26dd0d5f7d97098a6c","hash":"54681fbaf893e3eee8cfea955bc699e3785454e2"}
,"/Users/oluwasegunadepoju/Desktop/vsc/git/Swift-Foods/src/components/LoginForm.jsx": {"path":"/Users/oluwasegunadepoju/Desktop/vsc/git/Swift-Foods/src/components/LoginForm.jsx","statementMap":{"0":{"start":{"line":9,"column":18},"end":{"line":80,"column":1}},"1":{"start":{"line":19,"column":2},"end":{"line":79,"column":8}},"2":{"start":{"line":82,"column":0},"end":{"line":92,"column":2}},"3":{"start":{"line":94,"column":0},"end":{"line":97,"column":2}},"4":{"start":{"line":95,"column":17},"end":{"line":95,"column":21}},"5":{"start":{"line":96,"column":16},"end":{"line":96,"column":20}}},"fnMap":{"0":{"name":"(anonymous_0)","decl":{"start":{"line":9,"column":18},"end":{"line":9,"column":19}},"loc":{"start":{"line":19,"column":2},"end":{"line":79,"column":8}},"line":19},"1":{"name":"(anonymous_1)","decl":{"start":{"line":95,"column":11},"end":{"line":95,"column":12}},"loc":{"start":{"line":95,"column":17},"end":{"line":95,"column":21}},"line":95},"2":{"name":"(anonymous_2)","decl":{"start":{"line":96,"column":10},"end":{"line":96,"column":11}},"loc":{"start":{"line":96,"column":16},"end":{"line":96,"column":20}},"line":96}},"branchMap":{"0":{"loc":{"start":{"line":34,"column":19},"end":{"line":34,"column":41}},"type":"binary-expr","locations":[{"start":{"line":34,"column":19},"end":{"line":34,"column":25}},{"start":{"line":34,"column":29},"end":{"line":34,"column":41}}],"line":34},"1":{"loc":{"start":{"line":47,"column":19},"end":{"line":47,"column":44}},"type":"binary-expr","locations":[{"start":{"line":47,"column":19},"end":{"line":47,"column":25}},{"start":{"line":47,"column":29},"end":{"line":47,"column":44}}],"line":47}},"s":{"0":1,"1":0,"2":1,"3":1,"4":0,"5":0},"f":{"0":0,"1":0,"2":0},"b":{"0":[0,0],"1":[0,0]},"_coverageSchema":"332fd63041d2c1bcb487cc26dd0d5f7d97098a6c","hash":"f8f6e333c5ed1ecf0b3d9adca0d33c1d5d65cca1"}
,"/Users/oluwasegunadepoju/Desktop/vsc/git/Swift-Foods/src/components/MenuForm.jsx": {"path":"/Users/oluwasegunadepoju/Desktop/vsc/git/Swift-Foods/src/components/MenuForm.jsx","statementMap":{"0":{"start":{"line":25,"column":17},"end":{"line":320,"column":1}},"1":{"start":{"line":26,"column":2},"end":{"line":318,"column":8}},"2":{"start":{"line":322,"column":0},"end":{"line":324,"column":2}}},"fnMap":{"0":{"name":"(anonymous_0)","decl":{"start":{"line":25,"column":17},"end":{"line":25,"column":18}},"loc":{"start":{"line":26,"column":2},"end":{"line":318,"column":8}},"line":26}},"branchMap":{},"s":{"0":1,"1":0,"2":1},"f":{"0":0},"b":{},"_coverageSchema":"332fd63041d2c1bcb487cc26dd0d5f7d97098a6c","hash":"2203c4796bab4a53bdc8f56416b9d55b02ddb46d"}
,"/Users/oluwasegunadepoju/Desktop/vsc/git/Swift-Foods/src/components/NavBarAuth.jsx": {"path":"/Users/oluwasegunadepoju/Desktop/vsc/git/Swift-Foods/src/components/NavBarAuth.jsx","statementMap":{"0":{"start":{"line":6,"column":19},"end":{"line":51,"column":1}},"1":{"start":{"line":7,"column":2},"end":{"line":50,"column":8}},"2":{"start":{"line":53,"column":0},"end":{"line":55,"column":2}}},"fnMap":{"0":{"name":"(anonymous_0)","decl":{"start":{"line":6,"column":19},"end":{"line":6,"column":20}},"loc":{"start":{"line":7,"column":2},"end":{"line":50,"column":8}},"line":7}},"branchMap":{},"s":{"0":1,"1":0,"2":1},"f":{"0":0},"b":{},"_coverageSchema":"332fd63041d2c1bcb487cc26dd0d5f7d97098a6c","hash":"ac91e2279c261ff0e4e59e73f0d7088c0a83979d"}
,"/Users/oluwasegunadepoju/Desktop/vsc/git/Swift-Foods/src/components/NavBarNoAuth.jsx": {"path":"/Users/oluwasegunadepoju/Desktop/vsc/git/Swift-Foods/src/components/NavBarNoAuth.jsx","statementMap":{"0":{"start":{"line":5,"column":21},"end":{"line":28,"column":1}},"1":{"start":{"line":6,"column":2},"end":{"line":27,"column":8}}},"fnMap":{"0":{"name":"(anonymous_0)","decl":{"start":{"line":5,"column":21},"end":{"line":5,"column":22}},"loc":{"start":{"line":6,"column":2},"end":{"line":27,"column":8}},"line":6}},"branchMap":{},"s":{"0":1,"1":0},"f":{"0":0},"b":{},"_coverageSchema":"332fd63041d2c1bcb487cc26dd0d5f7d97098a6c","hash":"5987275a733eeff293f8a27283b0d4c0799eb502"}
,"/Users/oluwasegunadepoju/Desktop/vsc/git/Swift-Foods/src/components/SignupForm.jsx": {"path":"/Users/oluwasegunadepoju/Desktop/vsc/git/Swift-Foods/src/components/SignupForm.jsx","statementMap":{"0":{"start":{"line":8,"column":19},"end":{"line":108,"column":1}},"1":{"start":{"line":15,"column":2},"end":{"line":107,"column":8}},"2":{"start":{"line":110,"column":0},"end":{"line":116,"column":2}}},"fnMap":{"0":{"name":"(anonymous_0)","decl":{"start":{"line":8,"column":19},"end":{"line":8,"column":20}},"loc":{"start":{"line":15,"column":2},"end":{"line":107,"column":8}},"line":15}},"branchMap":{},"s":{"0":1,"1":0,"2":1},"f":{"0":0},"b":{},"_coverageSchema":"332fd63041d2c1bcb487cc26dd0d5f7d97098a6c","hash":"0f4e98abde20d42fd7cfb57e852b6c93cc2353ce"}
,"/Users/oluwasegunadepoju/Desktop/vsc/git/Swift-Foods/src/components/Spinner.jsx": {"path":"/Users/oluwasegunadepoju/Desktop/vsc/git/Swift-Foods/src/components/Spinner.jsx","statementMap":{"0":{"start":{"line":4,"column":16},"end":{"line":11,"column":1}},"1":{"start":{"line":5,"column":2},"end":{"line":10,"column":8}},"2":{"start":{"line":14,"column":0},"end":{"line":16,"column":2}},"3":{"start":{"line":18,"column":0},"end":{"line":20,"column":2}}},"fnMap":{"0":{"name":"(anonymous_0)","decl":{"start":{"line":4,"column":16},"end":{"line":4,"column":17}},"loc":{"start":{"line":5,"column":2},"end":{"line":10,"column":8}},"line":5}},"branchMap":{},"s":{"0":1,"1":0,"2":1,"3":1},"f":{"0":0},"b":{},"_coverageSchema":"332fd63041d2c1bcb487cc26dd0d5f7d97098a6c","hash":"20c7693c925ebf1c539bf2b0b6f5deec9e47ee2a"}
,"/Users/oluwasegunadepoju/Desktop/vsc/git/Swift-Foods/src/components/SubmitButton.jsx": {"path":"/Users/oluwasegunadepoju/Desktop/vsc/git/Swift-Foods/src/components/SubmitButton.jsx","statementMap":{"0":{"start":{"line":4,"column":21},"end":{"line":25,"column":1}},"1":{"start":{"line":12,"column":2},"end":{"line":24,"column":8}},"2":{"start":{"line":27,"column":0},"end":{"line":34,"column":2}},"3":{"start":{"line":36,"column":0},"end":{"line":41,"column":2}}},"fnMap":{"0":{"name":"(anonymous_0)","decl":{"start":{"line":4,"column":21},"end":{"line":4,"column":22}},"loc":{"start":{"line":12,"column":2},"end":{"line":24,"column":8}},"line":12},"1":{"name":"(anonymous_1)","decl":{"start":{"line":40,"column":11},"end":{"line":40,"column":12}},"loc":{"start":{"line":40,"column":17},"end":{"line":40,"column":19}},"line":40}},"branchMap":{},"s":{"0":1,"1":0,"2":1,"3":1},"f":{"0":0,"1":0},"b":{},"_coverageSchema":"332fd63041d2c1bcb487cc26dd0d5f7d97098a6c","hash":"e64fd55124501cb27385e508fbf12d7a496542a1"}
,"/Users/oluwasegunadepoju/Desktop/vsc/git/Swift-Foods/src/components/TextFieldGroup.jsx": {"path":"/Users/oluwasegunadepoju/Desktop/vsc/git/Swift-Foods/src/components/TextFieldGroup.jsx","statementMap":{"0":{"start":{"line":4,"column":23},"end":{"line":43,"column":1}},"1":{"start":{"line":21,"column":2},"end":{"line":22,"column":63}},"2":{"start":{"line":21,"column":13},"end":{"line":21,"column":70}},"3":{"start":{"line":22,"column":7},"end":{"line":22,"column":63}},"4":{"start":{"line":23,"column":2},"end":{"line":24,"column":55}},"5":{"start":{"line":23,"column":13},"end":{"line":23,"column":42}},"6":{"start":{"line":24,"column":7},"end":{"line":24,"column":55}},"7":{"start":{"line":24,"column":28},"end":{"line":24,"column":55}},"8":{"start":{"line":25,"column":2},"end":{"line":42,"column":4}},"9":{"start":{"line":45,"column":0},"end":{"line":62,"column":2}},"10":{"start":{"line":64,"column":0},"end":{"line":75,"column":2}}},"fnMap":{"0":{"name":"(anonymous_0)","decl":{"start":{"line":4,"column":23},"end":{"line":4,"column":24}},"loc":{"start":{"line":18,"column":6},"end":{"line":43,"column":1}},"line":18}},"branchMap":{"0":{"loc":{"start":{"line":21,"column":2},"end":{"line":22,"column":63}},"type":"if","locations":[{"start":{"line":21,"column":2},"end":{"line":22,"column":63}},{"start":{"line":21,"column":2},"end":{"line":22,"column":63}}],"line":21},"1":{"loc":{"start":{"line":23,"column":2},"end":{"line":24,"column":55}},"type":"if","locations":[{"start":{"line":23,"column":2},"end":{"line":24,"column":55}},{"start":{"line":23,"column":2},"end":{"line":24,"column":55}}],"line":23},"2":{"loc":{"start":{"line":24,"column":7},"end":{"line":24,"column":55}},"type":"if","locations":[{"start":{"line":24,"column":7},"end":{"line":24,"column":55}},{"start":{"line":24,"column":7},"end":{"line":24,"column":55}}],"line":24},"3":{"loc":{"start":{"line":24,"column":11},"end":{"line":24,"column":26}},"type":"binary-expr","locations":[{"start":{"line":24,"column":11},"end":{"line":24,"column":16}},{"start":{"line":24,"column":20},"end":{"line":24,"column":26}}],"line":24},"4":{"loc":{"start":{"line":39,"column":9},"end":{"line":39,"column":23}},"type":"binary-expr","locations":[{"start":{"line":39,"column":9},"end":{"line":39,"column":14}},{"start":{"line":39,"column":18},"end":{"line":39,"column":23}}],"line":39}},"s":{"0":1,"1":0,"2":0,"3":0,"4":0,"5":0,"6":0,"7":0,"8":0,"9":1,"10":1},"f":{"0":0},"b":{"0":[0,0],"1":[0,0],"2":[0,0],"3":[0,0],"4":[0,0]},"_coverageSchema":"332fd63041d2c1bcb487cc26dd0d5f7d97098a6c","hash":"43853af21fe1a06d456bf260e228ede0e7050fca"}
,"/Users/oluwasegunadepoju/Desktop/vsc/git/Swift-Foods/src/components/index.js": {"path":"/Users/oluwasegunadepoju/Desktop/vsc/git/Swift-Foods/src/components/index.js","statementMap":{},"fnMap":{},"branchMap":{},"s":{},"f":{},"b":{},"_coverageSchema":"332fd63041d2c1bcb487cc26dd0d5f7d97098a6c","hash":"2ba2cfa08be869912e97da7adc2a83b222079ea3"}
,"/Users/oluwasegunadepoju/Desktop/vsc/git/Swift-Foods/src/styles/images/index.js": {"path":"/Users/oluwasegunadepoju/Desktop/vsc/git/Swift-Foods/src/styles/images/index.js","statementMap":{},"fnMap":{},"branchMap":{},"s":{},"f":{},"b":{},"_coverageSchema":"332fd63041d2c1bcb487cc26dd0d5f7d97098a6c","hash":"dac1dbad58d7c5b7a0b2d6168921e974d73edf38"}
,"/Users/oluwasegunadepoju/Desktop/vsc/git/Swift-Foods/src/utilities/apiRequests.js": {"path":"/Users/oluwasegunadepoju/Desktop/vsc/git/Swift-Foods/src/utilities/apiRequests.js","statementMap":{"0":{"start":{"line":9,"column":16},"end":{"line":11,"column":30}},"1":{"start":{"line":13,"column":16},"end":{"line":20,"column":2}},"2":{"start":{"line":22,"column":0},"end":{"line":28,"column":2}},"3":{"start":{"line":24,"column":4},"end":{"line":24,"column":69}},"4":{"start":{"line":25,"column":4},"end":{"line":25,"column":18}},"5":{"start":{"line":27,"column":11},"end":{"line":27,"column":32}},"6":{"start":{"line":30,"column":19},"end":{"line":37,"column":1}},"7":{"start":{"line":31,"column":2},"end":{"line":36,"column":3}},"8":{"start":{"line":32,"column":21},"end":{"line":32,"column":45}},"9":{"start":{"line":33,"column":4},"end":{"line":33,"column":25}},"10":{"start":{"line":35,"column":4},"end":{"line":35,"column":56}},"11":{"start":{"line":39,"column":20},"end":{"line":46,"column":1}},"12":{"start":{"line":40,"column":2},"end":{"line":45,"column":3}},"13":{"start":{"line":41,"column":21},"end":{"line":41,"column":52}},"14":{"start":{"line":42,"column":4},"end":{"line":42,"column":25}},"15":{"start":{"line":44,"column":4},"end":{"line":44,"column":56}},"16":{"start":{"line":48,"column":19},"end":{"line":55,"column":1}},"17":{"start":{"line":49,"column":2},"end":{"line":54,"column":3}},"18":{"start":{"line":50,"column":21},"end":{"line":50,"column":51}},"19":{"start":{"line":51,"column":4},"end":{"line":51,"column":25}},"20":{"start":{"line":53,"column":4},"end":{"line":53,"column":56}},"21":{"start":{"line":57,"column":22},"end":{"line":64,"column":1}},"22":{"start":{"line":58,"column":2},"end":{"line":63,"column":3}},"23":{"start":{"line":59,"column":21},"end":{"line":59,"column":54}},"24":{"start":{"line":60,"column":4},"end":{"line":60,"column":25}},"25":{"start":{"line":62,"column":4},"end":{"line":62,"column":31}},"26":{"start":{"line":66,"column":26},"end":{"line":77,"column":1}},"27":{"start":{"line":67,"column":19},"end":{"line":70,"column":3}},"28":{"start":{"line":71,"column":2},"end":{"line":76,"column":3}},"29":{"start":{"line":72,"column":21},"end":{"line":72,"column":101}},"30":{"start":{"line":73,"column":4},"end":{"line":73,"column":27}},"31":{"start":{"line":75,"column":4},"end":{"line":75,"column":50}}},"fnMap":{"0":{"name":"(anonymous_0)","decl":{"start":{"line":23,"column":2},"end":{"line":23,"column":3}},"loc":{"start":{"line":23,"column":14},"end":{"line":26,"column":3}},"line":23},"1":{"name":"(anonymous_1)","decl":{"start":{"line":27,"column":2},"end":{"line":27,"column":3}},"loc":{"start":{"line":27,"column":11},"end":{"line":27,"column":32}},"line":27},"2":{"name":"(anonymous_2)","decl":{"start":{"line":30,"column":19},"end":{"line":30,"column":20}},"loc":{"start":{"line":30,"column":36},"end":{"line":37,"column":1}},"line":30},"3":{"name":"(anonymous_3)","decl":{"start":{"line":39,"column":20},"end":{"line":39,"column":21}},"loc":{"start":{"line":39,"column":43},"end":{"line":46,"column":1}},"line":39},"4":{"name":"(anonymous_4)","decl":{"start":{"line":48,"column":19},"end":{"line":48,"column":20}},"loc":{"start":{"line":48,"column":42},"end":{"line":55,"column":1}},"line":48},"5":{"name":"(anonymous_5)","decl":{"start":{"line":57,"column":22},"end":{"line":57,"column":23}},"loc":{"start":{"line":57,"column":45},"end":{"line":64,"column":1}},"line":57},"6":{"name":"(anonymous_6)","decl":{"start":{"line":66,"column":26},"end":{"line":66,"column":27}},"loc":{"start":{"line":66,"column":46},"end":{"line":77,"column":1}},"line":66}},"branchMap":{"0":{"loc":{"start":{"line":9,"column":16},"end":{"line":11,"column":30}},"type":"cond-expr","locations":[{"start":{"line":10,"column":4},"end":{"line":10,"column":54}},{"start":{"line":11,"column":4},"end":{"line":11,"column":30}}],"line":9},"1":{"loc":{"start":{"line":35,"column":11},"end":{"line":35,"column":55}},"type":"cond-expr","locations":[{"start":{"line":35,"column":28},"end":{"line":35,"column":47}},{"start":{"line":35,"column":50},"end":{"line":35,"column":55}}],"line":35},"2":{"loc":{"start":{"line":44,"column":11},"end":{"line":44,"column":55}},"type":"cond-expr","locations":[{"start":{"line":44,"column":28},"end":{"line":44,"column":47}},{"start":{"line":44,"column":50},"end":{"line":44,"column":55}}],"line":44},"3":{"loc":{"start":{"line":53,"column":11},"end":{"line":53,"column":55}},"type":"cond-expr","locations":[{"start":{"line":53,"column":28},"end":{"line":53,"column":47}},{"start":{"line":53,"column":50},"end":{"line":53,"column":55}}],"line":53},"4":{"loc":{"start":{"line":75,"column":11},"end":{"line":75,"column":49}},"type":"cond-expr","locations":[{"start":{"line":75,"column":28},"end":{"line":75,"column":41}},{"start":{"line":75,"column":44},"end":{"line":75,"column":49}}],"line":75}},"s":{"0":1,"1":1,"2":1,"3":0,"4":0,"5":0,"6":1,"7":0,"8":0,"9":0,"10":0,"11":1,"12":0,"13":0,"14":0,"15":0,"16":1,"17":0,"18":0,"19":0,"20":0,"21":1,"22":0,"23":0,"24":0,"25":0,"26":1,"27":0,"28":0,"29":0,"30":0,"31":0},"f":{"0":0,"1":0,"2":0,"3":0,"4":0,"5":0,"6":0},"b":{"0":[0,1],"1":[0,0],"2":[0,0],"3":[0,0],"4":[0,0]},"_coverageSchema":"332fd63041d2c1bcb487cc26dd0d5f7d97098a6c","hash":"f89f4bcb76596e3b26c9b6987f1f5c125ad975ee"}
,"/Users/oluwasegunadepoju/Desktop/vsc/git/Swift-Foods/src/utilities/loginValidation.js": {"path":"/Users/oluwasegunadepoju/Desktop/vsc/git/Swift-Foods/src/utilities/loginValidation.js","statementMap":{"0":{"start":{"line":1,"column":24},"end":{"line":15,"column":1}},"1":{"start":{"line":2,"column":17},"end":{"line":2,"column":19}},"2":{"start":{"line":4,"column":2},"end":{"line":6,"column":3}},"3":{"start":{"line":5,"column":4},"end":{"line":5,"column":45}},"4":{"start":{"line":7,"column":2},"end":{"line":10,"column":3}},"5":{"start":{"line":9,"column":4},"end":{"line":9,"column":35}},"6":{"start":{"line":11,"column":2},"end":{"line":13,"column":3}},"7":{"start":{"line":12,"column":4},"end":{"line":12,"column":51}},"8":{"start":{"line":14,"column":2},"end":{"line":14,"column":16}}},"fnMap":{"0":{"name":"(anonymous_0)","decl":{"start":{"line":1,"column":24},"end":{"line":1,"column":25}},"loc":{"start":{"line":1,"column":34},"end":{"line":15,"column":1}},"line":1}},"branchMap":{"0":{"loc":{"start":{"line":4,"column":2},"end":{"line":6,"column":3}},"type":"if","locations":[{"start":{"line":4,"column":2},"end":{"line":6,"column":3}},{"start":{"line":4,"column":2},"end":{"line":6,"column":3}}],"line":4},"1":{"loc":{"start":{"line":7,"column":2},"end":{"line":10,"column":3}},"type":"if","locations":[{"start":{"line":7,"column":2},"end":{"line":10,"column":3}},{"start":{"line":7,"column":2},"end":{"line":10,"column":3}}],"line":7},"2":{"loc":{"start":{"line":7,"column":6},"end":{"line":8,"column":28}},"type":"binary-expr","locations":[{"start":{"line":7,"column":6},"end":{"line":7,"column":23}},{"start":{"line":7,"column":27},"end":{"line":8,"column":28}}],"line":7},"3":{"loc":{"start":{"line":11,"column":2},"end":{"line":13,"column":3}},"type":"if","locations":[{"start":{"line":11,"column":2},"end":{"line":13,"column":3}},{"start":{"line":11,"column":2},"end":{"line":13,"column":3}}],"line":11}},"s":{"0":1,"1":0,"2":0,"3":0,"4":0,"5":0,"6":0,"7":0,"8":0},"f":{"0":0},"b":{"0":[0,0],"1":[0,0],"2":[0,0],"3":[0,0]},"_coverageSchema":"332fd63041d2c1bcb487cc26dd0d5f7d97098a6c","hash":"eb81cd01b5ec90c7ab7c23200ad5f46e1586727d"}
,"/Users/oluwasegunadepoju/Desktop/vsc/git/Swift-Foods/src/utilities/setAuthorizationToken.js": {"path":"/Users/oluwasegunadepoju/Desktop/vsc/git/Swift-Foods/src/utilities/setAuthorizationToken.js","statementMap":{"0":{"start":{"line":3,"column":30},"end":{"line":9,"column":1}},"1":{"start":{"line":4,"column":2},"end":{"line":8,"column":3}},"2":{"start":{"line":5,"column":4},"end":{"line":5,"column":68}},"3":{"start":{"line":7,"column":4},"end":{"line":7,"column":55}}},"fnMap":{"0":{"name":"(anonymous_0)","decl":{"start":{"line":3,"column":30},"end":{"line":3,"column":31}},"loc":{"start":{"line":3,"column":41},"end":{"line":9,"column":1}},"line":3}},"branchMap":{"0":{"loc":{"start":{"line":4,"column":2},"end":{"line":8,"column":3}},"type":"if","locations":[{"start":{"line":4,"column":2},"end":{"line":8,"column":3}},{"start":{"line":4,"column":2},"end":{"line":8,"column":3}}],"line":4}},"s":{"0":1,"1":0,"2":0,"3":0},"f":{"0":0},"b":{"0":[0,0]},"_coverageSchema":"332fd63041d2c1bcb487cc26dd0d5f7d97098a6c","hash":"890a925b28deae6d2b9d0f06a45287f6f7ad0c4c"}
,"/Users/oluwasegunadepoju/Desktop/vsc/git/Swift-Foods/src/utilities/signupValidation.js": {"path":"/Users/oluwasegunadepoju/Desktop/vsc/git/Swift-Foods/src/utilities/signupValidation.js","statementMap":{"0":{"start":{"line":1,"column":25},"end":{"line":48,"column":1}},"1":{"start":{"line":2,"column":17},"end":{"line":2,"column":19}},"2":{"start":{"line":4,"column":2},"end":{"line":6,"column":3}},"3":{"start":{"line":5,"column":4},"end":{"line":5,"column":51}},"4":{"start":{"line":7,"column":2},"end":{"line":10,"column":3}},"5":{"start":{"line":8,"column":4},"end":{"line":9,"column":76}},"6":{"start":{"line":11,"column":2},"end":{"line":15,"column":3}},"7":{"start":{"line":13,"column":4},"end":{"line":14,"column":61}},"8":{"start":{"line":16,"column":2},"end":{"line":20,"column":3}},"9":{"start":{"line":18,"column":4},"end":{"line":19,"column":61}},"10":{"start":{"line":21,"column":2},"end":{"line":23,"column":3}},"11":{"start":{"line":22,"column":4},"end":{"line":22,"column":45}},"12":{"start":{"line":24,"column":2},"end":{"line":28,"column":3}},"13":{"start":{"line":27,"column":4},"end":{"line":27,"column":35}},"14":{"start":{"line":29,"column":2},"end":{"line":31,"column":3}},"15":{"start":{"line":30,"column":4},"end":{"line":30,"column":51}},"16":{"start":{"line":33,"column":2},"end":{"line":35,"column":3}},"17":{"start":{"line":34,"column":4},"end":{"line":34,"column":66}},"18":{"start":{"line":37,"column":2},"end":{"line":39,"column":3}},"19":{"start":{"line":38,"column":4},"end":{"line":38,"column":66}},"20":{"start":{"line":41,"column":2},"end":{"line":43,"column":3}},"21":{"start":{"line":42,"column":4},"end":{"line":42,"column":60}},"22":{"start":{"line":44,"column":2},"end":{"line":46,"column":3}},"23":{"start":{"line":45,"column":4},"end":{"line":45,"column":54}},"24":{"start":{"line":47,"column":2},"end":{"line":47,"column":16}}},"fnMap":{"0":{"name":"(anonymous_0)","decl":{"start":{"line":1,"column":25},"end":{"line":1,"column":26}},"loc":{"start":{"line":1,"column":35},"end":{"line":48,"column":1}},"line":1}},"branchMap":{"0":{"loc":{"start":{"line":4,"column":2},"end":{"line":6,"column":3}},"type":"if","locations":[{"start":{"line":4,"column":2},"end":{"line":6,"column":3}},{"start":{"line":4,"column":2},"end":{"line":6,"column":3}}],"line":4},"1":{"loc":{"start":{"line":7,"column":2},"end":{"line":10,"column":3}},"type":"if","locations":[{"start":{"line":7,"column":2},"end":{"line":10,"column":3}},{"start":{"line":7,"column":2},"end":{"line":10,"column":3}}],"line":7},"2":{"loc":{"start":{"line":7,"column":6},"end":{"line":7,"column":74}},"type":"binary-expr","locations":[{"start":{"line":7,"column":6},"end":{"line":7,"column":26}},{"start":{"line":7,"column":30},"end":{"line":7,"column":74}}],"line":7},"3":{"loc":{"start":{"line":11,"column":2},"end":{"line":15,"column":3}},"type":"if","locations":[{"start":{"line":11,"column":2},"end":{"line":15,"column":3}},{"start":{"line":11,"column":2},"end":{"line":15,"column":3}}],"line":11},"4":{"loc":{"start":{"line":11,"column":6},"end":{"line":12,"column":36}},"type":"binary-expr","locations":[{"start":{"line":11,"column":6},"end":{"line":11,"column":26}},{"start":{"line":11,"column":30},"end":{"line":11,"column":73}},{"start":{"line":12,"column":5},"end":{"line":12,"column":36}}],"line":11},"5":{"loc":{"start":{"line":16,"column":2},"end":{"line":20,"column":3}},"type":"if","locations":[{"start":{"line":16,"column":2},"end":{"line":20,"column":3}},{"start":{"line":16,"column":2},"end":{"line":20,"column":3}}],"line":16},"6":{"loc":{"start":{"line":16,"column":6},"end":{"line":17,"column":37}},"type":"binary-expr","locations":[{"start":{"line":16,"column":6},"end":{"line":16,"column":26}},{"start":{"line":16,"column":30},"end":{"line":16,"column":73}},{"start":{"line":17,"column":5},"end":{"line":17,"column":37}}],"line":16},"7":{"loc":{"start":{"line":21,"column":2},"end":{"line":23,"column":3}},"type":"if","locations":[{"start":{"line":21,"column":2},"end":{"line":23,"column":3}},{"start":{"line":21,"column":2},"end":{"line":23,"column":3}}],"line":21},"8":{"loc":{"start":{"line":24,"column":2},"end":{"line":28,"column":3}},"type":"if","locations":[{"start":{"line":24,"column":2},"end":{"line":28,"column":3}},{"start":{"line":24,"column":2},"end":{"line":28,"column":3}}],"line":24},"9":{"loc":{"start":{"line":24,"column":6},"end":{"line":26,"column":28}},"type":"binary-expr","locations":[{"start":{"line":24,"column":6},"end":{"line":25,"column":11}},{"start":{"line":25,"column":15},"end":{"line":26,"column":28}}],"line":24},"10":{"loc":{"start":{"line":29,"column":2},"end":{"line":31,"column":3}},"type":"if","locations":[{"start":{"line":29,"column":2},"end":{"line":31,"column":3}},{"start":{"line":29,"column":2},"end":{"line":31,"column":3}}],"line":29},"11":{"loc":{"start":{"line":33,"column":2},"end":{"line":35,"column":3}},"type":"if","locations":[{"start":{"line":33,"column":2},"end":{"line":35,"column":3}},{"start":{"line":33,"column":2},"end":{"line":35,"column":3}}],"line":33},"12":{"loc":{"start":{"line":33,"column":6},"end":{"line":33,"column":61}},"type":"binary-expr","locations":[{"start":{"line":33,"column":6},"end":{"line":33,"column":26}},{"start":{"line":33,"column":30},"end":{"line":33,"column":61}}],"line":33},"13":{"loc":{"start":{"line":37,"column":2},"end":{"line":39,"column":3}},"type":"if","locations":[{"start":{"line":37,"column":2},"end":{"line":39,"column":3}},{"start":{"line":37,"column":2},"end":{"line":39,"column":3}}],"line":37},"14":{"loc":{"start":{"line":37,"column":6},"end":{"line":37,"column":63}},"type":"binary-expr","locations":[{"start":{"line":37,"column":6},"end":{"line":37,"column":26}},{"start":{"line":37,"column":30},"end":{"line":37,"column":63}}],"line":37},"15":{"loc":{"start":{"line":41,"column":2},"end":{"line":43,"column":3}},"type":"if","locations":[{"start":{"line":41,"column":2},"end":{"line":43,"column":3}},{"start":{"line":41,"column":2},"end":{"line":43,"column":3}}],"line":41},"16":{"loc":{"start":{"line":44,"column":2},"end":{"line":46,"column":3}},"type":"if","locations":[{"start":{"line":44,"column":2},"end":{"line":46,"column":3}},{"start":{"line":44,"column":2},"end":{"line":46,"column":3}}],"line":44}},"s":{"0":1,"1":0,"2":0,"3":0,"4":0,"5":0,"6":0,"7":0,"8":0,"9":0,"10":0,"11":0,"12":0,"13":0,"14":0,"15":0,"16":0,"17":0,"18":0,"19":0,"20":0,"21":0,"22":0,"23":0,"24":0},"f":{"0":0},"b":{"0":[0,0],"1":[0,0],"2":[0,0],"3":[0,0],"4":[0,0,0],"5":[0,0],"6":[0,0,0],"7":[0,0],"8":[0,0],"9":[0,0],"10":[0,0],"11":[0,0],"12":[0,0],"13":[0,0],"14":[0,0],"15":[0,0],"16":[0,0]},"_coverageSchema":"332fd63041d2c1bcb487cc26dd0d5f7d97098a6c","hash":"1b620ed7c70b00a56c8516bd9c4e4090e6b28a3e"}
,"/Users/oluwasegunadepoju/Desktop/vsc/git/Swift-Foods/src/views/ErrorPage.jsx": {"path":"/Users/oluwasegunadepoju/Desktop/vsc/git/Swift-Foods/src/views/ErrorPage.jsx","statementMap":{"0":{"start":{"line":9,"column":4},"end":{"line":9,"column":17}},"1":{"start":{"line":10,"column":4},"end":{"line":10,"column":20}},"2":{"start":{"line":14,"column":4},"end":{"line":20,"column":6}}},"fnMap":{"0":{"name":"(anonymous_0)","decl":{"start":{"line":8,"column":2},"end":{"line":8,"column":3}},"loc":{"start":{"line":8,"column":21},"end":{"line":11,"column":3}},"line":8},"1":{"name":"(anonymous_1)","decl":{"start":{"line":13,"column":2},"end":{"line":13,"column":3}},"loc":{"start":{"line":13,"column":11},"end":{"line":21,"column":3}},"line":13}},"branchMap":{},"s":{"0":0,"1":0,"2":0},"f":{"0":0,"1":0},"b":{},"_coverageSchema":"332fd63041d2c1bcb487cc26dd0d5f7d97098a6c","hash":"1ae192132a4e4c788a2d2011eb3cd1775ef01c5e"}
,"/Users/oluwasegunadepoju/Desktop/vsc/git/Swift-Foods/src/views/LandingPage.jsx": {"path":"/Users/oluwasegunadepoju/Desktop/vsc/git/Swift-Foods/src/views/LandingPage.jsx","statementMap":{"0":{"start":{"line":12,"column":24},"end":{"line":12,"column":34}},"1":{"start":{"line":13,"column":4},"end":{"line":13,"column":26}},"2":{"start":{"line":17,"column":4},"end":{"line":40,"column":6}},"3":{"start":{"line":44,"column":0},"end":{"line":46,"column":2}}},"fnMap":{"0":{"name":"(anonymous_0)","decl":{"start":{"line":11,"column":17},"end":{"line":11,"column":18}},"loc":{"start":{"line":11,"column":23},"end":{"line":14,"column":3}},"line":11},"1":{"name":"(anonymous_1)","decl":{"start":{"line":16,"column":2},"end":{"line":16,"column":3}},"loc":{"start":{"line":16,"column":11},"end":{"line":41,"column":3}},"line":16}},"branchMap":{},"s":{"0":0,"1":0,"2":0,"3":1},"f":{"0":0,"1":0},"b":{},"_coverageSchema":"332fd63041d2c1bcb487cc26dd0d5f7d97098a6c","hash":"58a1bbefce64fb7db5382e88339b8a2a3fbf4be7"}
,"/Users/oluwasegunadepoju/Desktop/vsc/git/Swift-Foods/src/views/LoginPage.jsx": {"path":"/Users/oluwasegunadepoju/Desktop/vsc/git/Swift-Foods/src/views/LoginPage.jsx","statementMap":{"0":{"start":{"line":16,"column":4},"end":{"line":16,"column":17}},"1":{"start":{"line":17,"column":4},"end":{"line":22,"column":6}},"2":{"start":{"line":23,"column":4},"end":{"line":23,"column":26}},"3":{"start":{"line":24,"column":4},"end":{"line":24,"column":27}},"4":{"start":{"line":28,"column":4},"end":{"line":30,"column":7}},"5":{"start":{"line":34,"column":18},"end":{"line":34,"column":31}},"6":{"start":{"line":35,"column":22},"end":{"line":35,"column":30}},"7":{"start":{"line":36,"column":4},"end":{"line":45,"column":7}},"8":{"start":{"line":37,"column":21},"end":{"line":37,"column":48}},"9":{"start":{"line":38,"column":6},"end":{"line":43,"column":7}},"10":{"start":{"line":39,"column":8},"end":{"line":39,"column":49}},"11":{"start":{"line":40,"column":8},"end":{"line":40,"column":60}},"12":{"start":{"line":42,"column":8},"end":{"line":42,"column":42}},"13":{"start":{"line":44,"column":6},"end":{"line":44,"column":51}},"14":{"start":{"line":49,"column":18},"end":{"line":49,"column":31}},"15":{"start":{"line":50,"column":19},"end":{"line":50,"column":46}},"16":{"start":{"line":51,"column":4},"end":{"line":56,"column":5}},"17":{"start":{"line":52,"column":6},"end":{"line":52,"column":46}},"18":{"start":{"line":53,"column":6},"end":{"line":53,"column":57}},"19":{"start":{"line":55,"column":6},"end":{"line":55,"column":39}},"20":{"start":{"line":57,"column":4},"end":{"line":57,"column":48}},"21":{"start":{"line":61,"column":4},"end":{"line":61,"column":23}},"22":{"start":{"line":67,"column":8},"end":{"line":67,"column":18}},"23":{"start":{"line":68,"column":4},"end":{"line":68,"column":26}},"24":{"start":{"line":69,"column":4},"end":{"line":90,"column":5}},"25":{"start":{"line":70,"column":6},"end":{"line":70,"column":53}},"26":{"start":{"line":71,"column":28},"end":{"line":71,"column":55}},"27":{"start":{"line":72,"column":6},"end":{"line":89,"column":7}},"28":{"start":{"line":73,"column":8},"end":{"line":73,"column":44}},"29":{"start":{"line":74,"column":8},"end":{"line":88,"column":9}},"30":{"start":{"line":75,"column":10},"end":{"line":75,"column":28}},"31":{"start":{"line":76,"column":15},"end":{"line":88,"column":9}},"32":{"start":{"line":79,"column":10},"end":{"line":82,"column":13}},"33":{"start":{"line":84,"column":10},"end":{"line":87,"column":13}},"34":{"start":{"line":94,"column":19},"end":{"line":94,"column":46}},"35":{"start":{"line":95,"column":4},"end":{"line":98,"column":5}},"36":{"start":{"line":96,"column":6},"end":{"line":96,"column":32}},"37":{"start":{"line":97,"column":6},"end":{"line":97,"column":19}},"38":{"start":{"line":99,"column":4},"end":{"line":99,"column":16}},"39":{"start":{"line":105,"column":8},"end":{"line":105,"column":18}},"40":{"start":{"line":106,"column":4},"end":{"line":128,"column":6}},"41":{"start":{"line":132,"column":0},"end":{"line":137,"column":2}},"42":{"start":{"line":139,"column":0},"end":{"line":141,"column":2}},"43":{"start":{"line":140,"column":29},"end":{"line":140,"column":33}},"44":{"start":{"line":143,"column":27},"end":{"line":147,"column":1}}},"fnMap":{"0":{"name":"(anonymous_0)","decl":{"start":{"line":15,"column":2},"end":{"line":15,"column":3}},"loc":{"start":{"line":15,"column":21},"end":{"line":25,"column":3}},"line":15},"1":{"name":"(anonymous_1)","decl":{"start":{"line":27,"column":19},"end":{"line":27,"column":20}},"loc":{"start":{"line":27,"column":26},"end":{"line":31,"column":3}},"line":27},"2":{"name":"(anonymous_2)","decl":{"start":{"line":33,"column":18},"end":{"line":33,"column":19}},"loc":{"start":{"line":33,"column":25},"end":{"line":46,"column":3}},"line":33},"3":{"name":"(anonymous_3)","decl":{"start":{"line":36,"column":38},"end":{"line":36,"column":39}},"loc":{"start":{"line":36,"column":44},"end":{"line":45,"column":5}},"line":36},"4":{"name":"(anonymous_4)","decl":{"start":{"line":48,"column":17},"end":{"line":48,"column":18}},"loc":{"start":{"line":48,"column":24},"end":{"line":58,"column":3}},"line":48},"5":{"name":"(anonymous_5)","decl":{"start":{"line":60,"column":19},"end":{"line":60,"column":20}},"loc":{"start":{"line":60,"column":32},"end":{"line":91,"column":3}},"line":60},"6":{"name":"(anonymous_6)","decl":{"start":{"line":93,"column":2},"end":{"line":93,"column":3}},"loc":{"start":{"line":93,"column":12},"end":{"line":100,"column":3}},"line":93},"7":{"name":"(anonymous_7)","decl":{"start":{"line":102,"column":2},"end":{"line":102,"column":3}},"loc":{"start":{"line":102,"column":11},"end":{"line":129,"column":3}},"line":102},"8":{"name":"(anonymous_8)","decl":{"start":{"line":140,"column":23},"end":{"line":140,"column":24}},"loc":{"start":{"line":140,"column":29},"end":{"line":140,"column":33}},"line":140}},"branchMap":{"0":{"loc":{"start":{"line":38,"column":6},"end":{"line":43,"column":7}},"type":"if","locations":[{"start":{"line":38,"column":6},"end":{"line":43,"column":7}},{"start":{"line":38,"column":6},"end":{"line":43,"column":7}}],"line":38},"1":{"loc":{"start":{"line":51,"column":4},"end":{"line":56,"column":5}},"type":"if","locations":[{"start":{"line":51,"column":4},"end":{"line":56,"column":5}},{"start":{"line":51,"column":4},"end":{"line":56,"column":5}}],"line":51},"2":{"loc":{"start":{"line":69,"column":4},"end":{"line":90,"column":5}},"type":"if","locations":[{"start":{"line":69,"column":4},"end":{"line":90,"column":5}},{"start":{"line":69,"column":4},"end":{"line":90,"column":5}}],"line":69},"3":{"loc":{"start":{"line":72,"column":6},"end":{"line":89,"column":7}},"type":"if","locations":[{"start":{"line":72,"column":6},"end":{"line":89,"column":7}},{"start":{"line":72,"column":6},"end":{"line":89,"column":7}}],"line":72},"4":{"loc":{"start":{"line":74,"column":8},"end":{"line":88,"column":9}},"type":"if","locations":[{"start":{"line":74,"column":8},"end":{"line":88,"column":9}},{"start":{"line":74,"column":8},"end":{"line":88,"column":9}}],"line":74},"5":{"loc":{"start":{"line":76,"column":15},"end":{"line":88,"column":9}},"type":"if","locations":[{"start":{"line":76,"column":15},"end":{"line":88,"column":9}},{"start":{"line":76,"column":15},"end":{"line":88,"column":9}}],"line":76},"6":{"loc":{"start":{"line":95,"column":4},"end":{"line":98,"column":5}},"type":"if","locations":[{"start":{"line":95,"column":4},"end":{"line":98,"column":5}},{"start":{"line":95,"column":4},"end":{"line":98,"column":5}}],"line":95},"7":{"loc":{"start":{"line":122,"column":12},"end":{"line":122,"column":58}},"type":"cond-expr","locations":[{"start":{"line":122,"column":47},"end":{"line":122,"column":53}},{"start":{"line":122,"column":56},"end":{"line":122,"column":58}}],"line":122}},"s":{"0":0,"1":0,"2":0,"3":0,"4":0,"5":0,"6":0,"7":0,"8":0,"9":0,"10":0,"11":0,"12":0,"13":0,"14":0,"15":0,"16":0,"17":0,"18":0,"19":0,"20":0,"21":0,"22":0,"23":0,"24":0,"25":0,"26":0,"27":0,"28":0,"29":0,"30":0,"31":0,"32":0,"33":0,"34":0,"35":0,"36":0,"37":0,"38":0,"39":0,"40":0,"41":1,"42":1,"43":0,"44":1},"f":{"0":0,"1":0,"2":0,"3":0,"4":0,"5":0,"6":0,"7":0,"8":0},"b":{"0":[0,0],"1":[0,0],"2":[0,0],"3":[0,0],"4":[0,0],"5":[0,0],"6":[0,0],"7":[0,0]},"_coverageSchema":"332fd63041d2c1bcb487cc26dd0d5f7d97098a6c","hash":"9f09abfdad7368f8e01f49d17190e90851458090"}
,"/Users/oluwasegunadepoju/Desktop/vsc/git/Swift-Foods/src/views/MenuPage.jsx": {"path":"/Users/oluwasegunadepoju/Desktop/vsc/git/Swift-Foods/src/views/MenuPage.jsx","statementMap":{"0":{"start":{"line":10,"column":4},"end":{"line":10,"column":17}},"1":{"start":{"line":11,"column":4},"end":{"line":11,"column":20}},"2":{"start":{"line":15,"column":4},"end":{"line":21,"column":6}}},"fnMap":{"0":{"name":"(anonymous_0)","decl":{"start":{"line":9,"column":2},"end":{"line":9,"column":3}},"loc":{"start":{"line":9,"column":21},"end":{"line":12,"column":3}},"line":9},"1":{"name":"(anonymous_1)","decl":{"start":{"line":14,"column":2},"end":{"line":14,"column":3}},"loc":{"start":{"line":14,"column":11},"end":{"line":22,"column":3}},"line":14}},"branchMap":{},"s":{"0":0,"1":0,"2":0},"f":{"0":0,"1":0},"b":{},"_coverageSchema":"332fd63041d2c1bcb487cc26dd0d5f7d97098a6c","hash":"fb667ed9db8dec438245b2838d0220728cc0f6ed"}
,"/Users/oluwasegunadepoju/Desktop/vsc/git/Swift-Foods/src/views/Navbar.jsx": {"path":"/Users/oluwasegunadepoju/Desktop/vsc/git/Swift-Foods/src/views/Navbar.jsx","statementMap":{"0":{"start":{"line":10,"column":4},"end":{"line":10,"column":27}},"1":{"start":{"line":18,"column":8},"end":{"line":18,"column":18}},"2":{"start":{"line":19,"column":4},"end":{"line":19,"column":14}},"3":{"start":{"line":21,"column":4},"end":{"line":21,"column":22}},"4":{"start":{"line":30,"column":8},"end":{"line":30,"column":18}},"5":{"start":{"line":32,"column":4},"end":{"line":38,"column":5}},"6":{"start":{"line":33,"column":6},"end":{"line":37,"column":8}},"7":{"start":{"line":39,"column":4},"end":{"line":39,"column":28}},"8":{"start":{"line":43,"column":36},"end":{"line":43,"column":66}},"9":{"start":{"line":45,"column":4},"end":{"line":49,"column":6}},"10":{"start":{"line":53,"column":24},"end":{"line":55,"column":2}},"11":{"start":{"line":53,"column":34},"end":{"line":55,"column":1}},"12":{"start":{"line":57,"column":0},"end":{"line":61,"column":2}},"13":{"start":{"line":63,"column":0},"end":{"line":65,"column":2}},"14":{"start":{"line":67,"column":27},"end":{"line":69,"column":1}}},"fnMap":{"0":{"name":"(anonymous_0)","decl":{"start":{"line":9,"column":12},"end":{"line":9,"column":13}},"loc":{"start":{"line":9,"column":23},"end":{"line":22,"column":3}},"line":9},"1":{"name":"(anonymous_1)","decl":{"start":{"line":24,"column":28},"end":{"line":24,"column":29}},"loc":{"start":{"line":24,"column":34},"end":{"line":40,"column":3}},"line":24},"2":{"name":"(anonymous_2)","decl":{"start":{"line":42,"column":2},"end":{"line":42,"column":3}},"loc":{"start":{"line":42,"column":11},"end":{"line":50,"column":3}},"line":42},"3":{"name":"(anonymous_3)","decl":{"start":{"line":53,"column":24},"end":{"line":53,"column":25}},"loc":{"start":{"line":53,"column":34},"end":{"line":55,"column":1}},"line":53}},"branchMap":{"0":{"loc":{"start":{"line":32,"column":4},"end":{"line":38,"column":5}},"type":"if","locations":[{"start":{"line":32,"column":4},"end":{"line":38,"column":5}},{"start":{"line":32,"column":4},"end":{"line":38,"column":5}}],"line":32}},"s":{"0":0,"1":0,"2":0,"3":0,"4":0,"5":0,"6":0,"7":0,"8":0,"9":0,"10":1,"11":0,"12":1,"13":1,"14":1},"f":{"0":0,"1":0,"2":0,"3":0},"b":{"0":[0,0]},"_coverageSchema":"332fd63041d2c1bcb487cc26dd0d5f7d97098a6c","hash":"fcf999507ee494f19e28d4a5a392e238e29e794a"}
,"/Users/oluwasegunadepoju/Desktop/vsc/git/Swift-Foods/src/views/SignupPage.jsx": {"path":"/Users/oluwasegunadepoju/Desktop/vsc/git/Swift-Foods/src/views/SignupPage.jsx","statementMap":{"0":{"start":{"line":12,"column":4},"end":{"line":12,"column":17}},"1":{"start":{"line":13,"column":4},"end":{"line":21,"column":6}},"2":{"start":{"line":22,"column":4},"end":{"line":22,"column":64}},"3":{"start":{"line":23,"column":4},"end":{"line":23,"column":31}},"4":{"start":{"line":24,"column":4},"end":{"line":24,"column":26}},"5":{"start":{"line":25,"column":4},"end":{"line":25,"column":27}},"6":{"start":{"line":29,"column":4},"end":{"line":29,"column":61}},"7":{"start":{"line":33,"column":18},"end":{"line":33,"column":31}},"8":{"start":{"line":34,"column":22},"end":{"line":34,"column":30}},"9":{"start":{"line":35,"column":4},"end":{"line":44,"column":7}},"10":{"start":{"line":36,"column":21},"end":{"line":36,"column":49}},"11":{"start":{"line":37,"column":6},"end":{"line":42,"column":7}},"12":{"start":{"line":38,"column":8},"end":{"line":38,"column":49}},"13":{"start":{"line":39,"column":8},"end":{"line":39,"column":60}},"14":{"start":{"line":41,"column":8},"end":{"line":41,"column":42}},"15":{"start":{"line":43,"column":6},"end":{"line":43,"column":51}},"16":{"start":{"line":48,"column":18},"end":{"line":48,"column":31}},"17":{"start":{"line":49,"column":19},"end":{"line":49,"column":47}},"18":{"start":{"line":50,"column":4},"end":{"line":55,"column":5}},"19":{"start":{"line":51,"column":6},"end":{"line":51,"column":46}},"20":{"start":{"line":52,"column":6},"end":{"line":52,"column":57}},"21":{"start":{"line":54,"column":6},"end":{"line":54,"column":39}},"22":{"start":{"line":56,"column":4},"end":{"line":56,"column":48}},"23":{"start":{"line":60,"column":4},"end":{"line":60,"column":27}},"24":{"start":{"line":61,"column":36},"end":{"line":61,"column":46}},"25":{"start":{"line":62,"column":4},"end":{"line":62,"column":26}},"26":{"start":{"line":63,"column":4},"end":{"line":83,"column":5}},"27":{"start":{"line":66,"column":10},"end":{"line":66,"column":20}},"28":{"start":{"line":67,"column":47},"end":{"line":67,"column":57}},"29":{"start":{"line":68,"column":6},"end":{"line":68,"column":45}},"30":{"start":{"line":69,"column":6},"end":{"line":82,"column":9}},"31":{"start":{"line":72,"column":8},"end":{"line":78,"column":9}},"32":{"start":{"line":73,"column":10},"end":{"line":73,"column":50}},"33":{"start":{"line":74,"column":10},"end":{"line":74,"column":72}},"34":{"start":{"line":76,"column":10},"end":{"line":76,"column":58}},"35":{"start":{"line":77,"column":10},"end":{"line":77,"column":70}},"36":{"start":{"line":80,"column":8},"end":{"line":80,"column":48}},"37":{"start":{"line":81,"column":8},"end":{"line":81,"column":72}},"38":{"start":{"line":87,"column":19},"end":{"line":87,"column":47}},"39":{"start":{"line":88,"column":4},"end":{"line":91,"column":5}},"40":{"start":{"line":89,"column":6},"end":{"line":89,"column":32}},"41":{"start":{"line":90,"column":6},"end":{"line":90,"column":19}},"42":{"start":{"line":92,"column":4},"end":{"line":92,"column":16}},"43":{"start":{"line":96,"column":23},"end":{"line":96,"column":33}},"44":{"start":{"line":97,"column":4},"end":{"line":110,"column":6}},"45":{"start":{"line":114,"column":0},"end":{"line":118,"column":2}},"46":{"start":{"line":120,"column":27},"end":{"line":124,"column":2}},"47":{"start":{"line":120,"column":40},"end":{"line":124,"column":1}},"48":{"start":{"line":121,"column":29},"end":{"line":121,"column":62}},"49":{"start":{"line":122,"column":31},"end":{"line":122,"column":65}},"50":{"start":{"line":123,"column":29},"end":{"line":123,"column":61}}},"fnMap":{"0":{"name":"(anonymous_0)","decl":{"start":{"line":11,"column":2},"end":{"line":11,"column":3}},"loc":{"start":{"line":11,"column":21},"end":{"line":26,"column":3}},"line":11},"1":{"name":"(anonymous_1)","decl":{"start":{"line":28,"column":19},"end":{"line":28,"column":20}},"loc":{"start":{"line":28,"column":30},"end":{"line":30,"column":3}},"line":28},"2":{"name":"(anonymous_2)","decl":{"start":{"line":32,"column":18},"end":{"line":32,"column":19}},"loc":{"start":{"line":32,"column":25},"end":{"line":45,"column":3}},"line":32},"3":{"name":"(anonymous_3)","decl":{"start":{"line":35,"column":38},"end":{"line":35,"column":39}},"loc":{"start":{"line":35,"column":44},"end":{"line":44,"column":5}},"line":35},"4":{"name":"(anonymous_4)","decl":{"start":{"line":47,"column":17},"end":{"line":47,"column":18}},"loc":{"start":{"line":47,"column":24},"end":{"line":57,"column":3}},"line":47},"5":{"name":"(anonymous_5)","decl":{"start":{"line":59,"column":19},"end":{"line":59,"column":20}},"loc":{"start":{"line":59,"column":30},"end":{"line":84,"column":3}},"line":59},"6":{"name":"(anonymous_6)","decl":{"start":{"line":71,"column":14},"end":{"line":71,"column":15}},"loc":{"start":{"line":71,"column":28},"end":{"line":79,"column":7}},"line":71},"7":{"name":"(anonymous_7)","decl":{"start":{"line":79,"column":15},"end":{"line":79,"column":16}},"loc":{"start":{"line":79,"column":26},"end":{"line":82,"column":7}},"line":79},"8":{"name":"(anonymous_8)","decl":{"start":{"line":86,"column":2},"end":{"line":86,"column":3}},"loc":{"start":{"line":86,"column":12},"end":{"line":93,"column":3}},"line":86},"9":{"name":"(anonymous_9)","decl":{"start":{"line":95,"column":2},"end":{"line":95,"column":3}},"loc":{"start":{"line":95,"column":11},"end":{"line":111,"column":3}},"line":95},"10":{"name":"(anonymous_10)","decl":{"start":{"line":120,"column":27},"end":{"line":120,"column":28}},"loc":{"start":{"line":120,"column":40},"end":{"line":124,"column":1}},"line":120},"11":{"name":"(anonymous_11)","decl":{"start":{"line":121,"column":14},"end":{"line":121,"column":15}},"loc":{"start":{"line":121,"column":29},"end":{"line":121,"column":62}},"line":121},"12":{"name":"(anonymous_12)","decl":{"start":{"line":122,"column":20},"end":{"line":122,"column":21}},"loc":{"start":{"line":122,"column":31},"end":{"line":122,"column":65}},"line":122},"13":{"name":"(anonymous_13)","decl":{"start":{"line":123,"column":23},"end":{"line":123,"column":24}},"loc":{"start":{"line":123,"column":29},"end":{"line":123,"column":61}},"line":123}},"branchMap":{"0":{"loc":{"start":{"line":37,"column":6},"end":{"line":42,"column":7}},"type":"if","locations":[{"start":{"line":37,"column":6},"end":{"line":42,"column":7}},{"start":{"line":37,"column":6},"end":{"line":42,"column":7}}],"line":37},"1":{"loc":{"start":{"line":50,"column":4},"end":{"line":55,"column":5}},"type":"if","locations":[{"start":{"line":50,"column":4},"end":{"line":55,"column":5}},{"start":{"line":50,"column":4},"end":{"line":55,"column":5}}],"line":50},"2":{"loc":{"start":{"line":63,"column":4},"end":{"line":83,"column":5}},"type":"if","locations":[{"start":{"line":63,"column":4},"end":{"line":83,"column":5}},{"start":{"line":63,"column":4},"end":{"line":83,"column":5}}],"line":63},"3":{"loc":{"start":{"line":72,"column":8},"end":{"line":78,"column":9}},"type":"if","locations":[{"start":{"line":72,"column":8},"end":{"line":78,"column":9}},{"start":{"line":72,"column":8},"end":{"line":78,"column":9}}],"line":72},"4":{"loc":{"start":{"line":88,"column":4},"end":{"line":91,"column":5}},"type":"if","locations":[{"start":{"line":88,"column":4},"end":{"line":91,"column":5}},{"start":{"line":88,"column":4},"end":{"line":91,"column":5}}],"line":88}},"s":{"0":0,"1":0,"2":0,"3":0,"4":0,"5":0,"6":0,"7":0,"8":0,"9":0,"10":0,"11":0,"12":0,"13":0,"14":0,"15":0,"16":0,"17":0,"18":0,"19":0,"20":0,"21":0,"22":0,"23":0,"24":0,"25":0,"26":0,"27":0,"28":0,"29":0,"30":0,"31":0,"32":0,"33":0,"34":0,"35":0,"36":0,"37":0,"38":0,"39":0,"40":0,"41":0,"42":0,"43":0,"44":0,"45":1,"46":1,"47":0,"48":0,"49":0,"50":0},"f":{"0":0,"1":0,"2":0,"3":0,"4":0,"5":0,"6":0,"7":0,"8":0,"9":0,"10":0,"11":0,"12":0,"13":0},"b":{"0":[0,0],"1":[0,0],"2":[0,0],"3":[0,0],"4":[0,0]},"_coverageSchema":"332fd63041d2c1bcb487cc26dd0d5f7d97098a6c","hash":"18b3eff68ac957171d67ae79c2674dea6b3b8db0"}
,"/Users/oluwasegunadepoju/Desktop/vsc/git/Swift-Foods/src/views/index.js": {"path":"/Users/oluwasegunadepoju/Desktop/vsc/git/Swift-Foods/src/views/index.js","statementMap":{},"fnMap":{},"branchMap":{},"s":{},"f":{},"b":{},"_coverageSchema":"332fd63041d2c1bcb487cc26dd0d5f7d97098a6c","hash":"e8d75f7196be9da92ef515206133c6a778ccf781"}
}
