TN:
SF:/Users/oluwasegunadepoju/Desktop/vsc/git/Swift-Foods/src/routes.jsx
FNF:0
FNH:0
DA:17,1
LF:1
LH:1
BRF:0
BRH:0
end_of_record
TN:
SF:/Users/oluwasegunadepoju/Desktop/vsc/git/Swift-Foods/src/setupTests.js
FNF:0
FNH:0
DA:4,1
LF:1
LH:1
BRF:0
BRH:0
end_of_record
TN:
SF:/Users/oluwasegunadepoju/Desktop/vsc/git/Swift-Foods/src/actionTypes/index.js
FNF:0
FNH:0
DA:1,1
DA:2,1
DA:3,1
DA:4,1
DA:5,1
LF:5
LH:5
BRF:0
BRH:0
end_of_record
TN:
SF:/Users/oluwasegunadepoju/Desktop/vsc/git/Swift-Foods/src/actions/flashActions.js
FN:7,(anonymous_0)
FN:12,(anonymous_1)
FN:18,(anonymous_2)
FNF:3
FNH:0
FNDA:0,(anonymous_0)
FNDA:0,(anonymous_1)
FNDA:0,(anonymous_2)
DA:7,1
DA:12,1
DA:18,1
LF:3
LH:3
BRF:0
BRH:0
end_of_record
TN:
SF:/Users/oluwasegunadepoju/Desktop/vsc/git/Swift-Foods/src/actions/loginActions.js
FN:7,(anonymous_0)
FN:12,(anonymous_1)
FN:17,(anonymous_2)
FNF:3
FNH:0
FNDA:0,(anonymous_0)
FNDA:0,(anonymous_1)
FNDA:0,(anonymous_2)
DA:7,1
DA:12,1
DA:13,0
DA:17,0
DA:19,0
DA:20,0
DA:26,0
DA:27,0
DA:28,0
DA:29,0
DA:30,0
DA:31,0
DA:33,0
LF:13
LH:2
BRF:0
BRH:0
end_of_record
TN:
SF:/Users/oluwasegunadepoju/Desktop/vsc/git/Swift-Foods/src/actions/logout.js
FN:4,(anonymous_0)
FN:4,(anonymous_1)
FNF:2
FNH:0
FNDA:0,(anonymous_0)
FNDA:0,(anonymous_1)
DA:4,1
DA:5,0
DA:6,0
DA:7,0
LF:4
LH:1
BRF:0
BRH:0
end_of_record
TN:
SF:/Users/oluwasegunadepoju/Desktop/vsc/git/Swift-Foods/src/actions/signupActions.js
FN:4,(anonymous_0)
FN:8,(anonymous_1)
FN:8,(anonymous_2)
FNF:3
FNH:0
FNDA:0,(anonymous_0)
FNDA:0,(anonymous_1)
FNDA:0,(anonymous_2)
DA:4,1
DA:8,1
DA:9,0
DA:10,0
DA:11,0
DA:13,0
DA:14,0
DA:19,0
LF:8
LH:2
BRDA:13,0,0,0
BRDA:13,0,1,0
BRF:2
BRH:0
end_of_record
TN:
SF:/Users/oluwasegunadepoju/Desktop/vsc/git/Swift-Foods/src/components/App.jsx
FN:5,(anonymous_0)
FNF:1
FNH:1
FNDA:1,(anonymous_0)
DA:5,1
DA:6,1
LF:2
LH:2
BRF:0
BRH:0
end_of_record
TN:
SF:/Users/oluwasegunadepoju/Desktop/vsc/git/Swift-Foods/src/components/Button.jsx
FN:4,(anonymous_0)
FNF:1
FNH:0
FNDA:0,(anonymous_0)
DA:4,1
DA:10,0
DA:20,1
DA:27,1
LF:4
LH:3
BRF:0
BRH:0
end_of_record
TN:
SF:/Users/oluwasegunadepoju/Desktop/vsc/git/Swift-Foods/src/components/ErrorPage.jsx
FN:4,(anonymous_0)
FNF:1
FNH:0
FNDA:0,(anonymous_0)
DA:4,1
DA:5,0
LF:2
LH:1
BRF:0
BRH:0
end_of_record
TN:
SF:/Users/oluwasegunadepoju/Desktop/vsc/git/Swift-Foods/src/components/FlashMessage.jsx
FN:5,(anonymous_0)
FN:15,(anonymous_1)
FN:57,(anonymous_2)
FNF:3
FNH:0
FNDA:0,(anonymous_0)
FNDA:0,(anonymous_1)
FNDA:0,(anonymous_2)
DA:11,0
DA:12,0
DA:22,0
DA:23,0
DA:24,0
DA:25,0
DA:26,0
DA:27,0
DA:28,0
DA:30,0
DA:46,1
DA:55,1
DA:57,0
LF:13
LH:2
BRDA:24,0,0,0
BRDA:24,0,1,0
BRDA:25,1,0,0
BRDA:25,1,1,0
BRDA:27,2,0,0
BRDA:27,2,1,0
BRF:6
BRH:0
end_of_record
TN:
SF:/Users/oluwasegunadepoju/Desktop/vsc/git/Swift-Foods/src/components/FlashMessagesList.jsx
FN:8,(anonymous_0)
FN:10,(anonymous_1)
FN:39,(anonymous_2)
FNF:3
FNH:0
FNDA:0,(anonymous_0)
FNDA:0,(anonymous_1)
FNDA:0,(anonymous_2)
DA:8,1
DA:9,0
DA:10,0
DA:11,0
DA:18,0
DA:26,1
DA:35,1
DA:39,1
DA:43,1
LF:9
LH:5
BRF:0
BRH:0
end_of_record
TN:
SF:/Users/oluwasegunadepoju/Desktop/vsc/git/Swift-Foods/src/components/Footer.jsx
FN:11,(anonymous_0)
FNF:1
FNH:0
FNDA:0,(anonymous_0)
DA:11,1
DA:12,0
LF:2
LH:1
BRF:0
BRH:0
end_of_record
TN:
SF:/Users/oluwasegunadepoju/Desktop/vsc/git/Swift-Foods/src/components/FormInput.jsx
FN:4,(anonymous_0)
FNF:1
FNH:0
FNDA:0,(anonymous_0)
DA:4,1
DA:7,0
DA:20,1
DA:29,1
LF:4
LH:3
BRF:0
BRH:0
end_of_record
TN:
SF:/Users/oluwasegunadepoju/Desktop/vsc/git/Swift-Foods/src/components/Links.jsx
FN:4,(anonymous_0)
FNF:1
FNH:0
FNDA:0,(anonymous_0)
DA:4,1
DA:5,0
LF:2
LH:1
BRF:0
BRH:0
end_of_record
TN:
SF:/Users/oluwasegunadepoju/Desktop/vsc/git/Swift-Foods/src/components/Login.jsx
FN:9,(anonymous_0)
FNF:1
FNH:0
FNDA:0,(anonymous_0)
DA:9,1
DA:14,0
DA:93,1
LF:3
LH:2
BRF:0
BRH:0
end_of_record
TN:
SF:/Users/oluwasegunadepoju/Desktop/vsc/git/Swift-Foods/src/components/LoginForm.jsx
FN:9,(anonymous_0)
FN:95,(anonymous_1)
FN:96,(anonymous_2)
FNF:3
FNH:0
FNDA:0,(anonymous_0)
FNDA:0,(anonymous_1)
FNDA:0,(anonymous_2)
DA:9,1
DA:19,0
DA:82,1
DA:94,1
DA:95,0
DA:96,0
LF:6
LH:3
BRDA:34,0,0,0
BRDA:34,0,1,0
BRDA:47,1,0,0
BRDA:47,1,1,0
BRF:4
BRH:0
end_of_record
TN:
SF:/Users/oluwasegunadepoju/Desktop/vsc/git/Swift-Foods/src/components/MenuForm.jsx
FN:25,(anonymous_0)
FNF:1
FNH:0
FNDA:0,(anonymous_0)
DA:25,1
DA:26,0
DA:322,1
LF:3
LH:2
BRF:0
BRH:0
end_of_record
TN:
SF:/Users/oluwasegunadepoju/Desktop/vsc/git/Swift-Foods/src/components/NavBarAuth.jsx
FN:6,(anonymous_0)
FNF:1
FNH:0
FNDA:0,(anonymous_0)
DA:6,1
DA:7,0
DA:53,1
LF:3
LH:2
BRF:0
BRH:0
end_of_record
TN:
SF:/Users/oluwasegunadepoju/Desktop/vsc/git/Swift-Foods/src/components/NavBarNoAuth.jsx
FN:5,(anonymous_0)
FNF:1
FNH:0
FNDA:0,(anonymous_0)
DA:5,1
DA:6,0
LF:2
LH:1
BRF:0
BRH:0
end_of_record
TN:
SF:/Users/oluwasegunadepoju/Desktop/vsc/git/Swift-Foods/src/components/SignupForm.jsx
FN:8,(anonymous_0)
FNF:1
FNH:0
FNDA:0,(anonymous_0)
DA:8,1
DA:15,0
DA:110,1
LF:3
LH:2
BRF:0
BRH:0
end_of_record
TN:
SF:/Users/oluwasegunadepoju/Desktop/vsc/git/Swift-Foods/src/components/Spinner.jsx
FN:4,(anonymous_0)
FNF:1
FNH:0
FNDA:0,(anonymous_0)
DA:4,1
DA:5,0
DA:14,1
DA:18,1
LF:4
LH:3
BRF:0
BRH:0
end_of_record
TN:
SF:/Users/oluwasegunadepoju/Desktop/vsc/git/Swift-Foods/src/components/SubmitButton.jsx
FN:4,(anonymous_0)
FN:40,(anonymous_1)
FNF:2
FNH:0
FNDA:0,(anonymous_0)
FNDA:0,(anonymous_1)
DA:4,1
DA:12,0
DA:27,1
DA:36,1
LF:4
LH:3
BRF:0
BRH:0
end_of_record
TN:
SF:/Users/oluwasegunadepoju/Desktop/vsc/git/Swift-Foods/src/components/TextFieldGroup.jsx
FN:4,(anonymous_0)
FNF:1
FNH:0
FNDA:0,(anonymous_0)
DA:4,1
DA:21,0
DA:22,0
DA:23,0
DA:24,0
DA:25,0
DA:45,1
DA:64,1
LF:8
LH:3
BRDA:21,0,0,0
BRDA:21,0,1,0
BRDA:23,1,0,0
BRDA:23,1,1,0
BRDA:24,2,0,0
BRDA:24,2,1,0
BRDA:24,3,0,0
BRDA:24,3,1,0
BRDA:39,4,0,0
BRDA:39,4,1,0
BRF:10
BRH:0
end_of_record
TN:
SF:/Users/oluwasegunadepoju/Desktop/vsc/git/Swift-Foods/src/components/index.js
FNF:0
FNH:0
LF:0
LH:0
BRF:0
BRH:0
end_of_record
TN:
SF:/Users/oluwasegunadepoju/Desktop/vsc/git/Swift-Foods/src/styles/images/index.js
FNF:0
FNH:0
LF:0
LH:0
BRF:0
BRH:0
end_of_record
TN:
SF:/Users/oluwasegunadepoju/Desktop/vsc/git/Swift-Foods/src/utilities/apiRequests.js
FN:23,(anonymous_0)
FN:27,(anonymous_1)
FN:30,(anonymous_2)
FN:39,(anonymous_3)
FN:48,(anonymous_4)
FN:57,(anonymous_5)
FN:66,(anonymous_6)
FNF:7
FNH:0
FNDA:0,(anonymous_0)
FNDA:0,(anonymous_1)
FNDA:0,(anonymous_2)
FNDA:0,(anonymous_3)
FNDA:0,(anonymous_4)
FNDA:0,(anonymous_5)
FNDA:0,(anonymous_6)
DA:9,1
DA:13,1
DA:22,1
DA:24,0
DA:25,0
DA:27,0
DA:30,1
DA:31,0
DA:32,0
DA:33,0
DA:35,0
DA:39,1
DA:40,0
DA:41,0
DA:42,0
DA:44,0
DA:48,1
DA:49,0
DA:50,0
DA:51,0
DA:53,0
DA:57,1
DA:58,0
DA:59,0
DA:60,0
DA:62,0
DA:66,1
DA:67,0
DA:71,0
DA:72,0
DA:73,0
DA:75,0
LF:32
LH:8
BRDA:9,0,0,0
BRDA:9,0,1,1
BRDA:35,1,0,0
BRDA:35,1,1,0
BRDA:44,2,0,0
BRDA:44,2,1,0
BRDA:53,3,0,0
BRDA:53,3,1,0
BRDA:75,4,0,0
BRDA:75,4,1,0
BRF:10
BRH:1
end_of_record
TN:
SF:/Users/oluwasegunadepoju/Desktop/vsc/git/Swift-Foods/src/utilities/loginValidation.js
FN:1,(anonymous_0)
FNF:1
FNH:0
FNDA:0,(anonymous_0)
DA:1,1
DA:2,0
DA:4,0
DA:5,0
DA:7,0
DA:9,0
DA:11,0
DA:12,0
DA:14,0
LF:9
LH:1
BRDA:4,0,0,0
BRDA:4,0,1,0
BRDA:7,1,0,0
BRDA:7,1,1,0
BRDA:7,2,0,0
BRDA:7,2,1,0
BRDA:11,3,0,0
BRDA:11,3,1,0
BRF:8
BRH:0
end_of_record
TN:
SF:/Users/oluwasegunadepoju/Desktop/vsc/git/Swift-Foods/src/utilities/setAuthorizationToken.js
FN:3,(anonymous_0)
FNF:1
FNH:0
FNDA:0,(anonymous_0)
DA:3,1
DA:4,0
DA:5,0
DA:7,0
LF:4
LH:1
BRDA:4,0,0,0
BRDA:4,0,1,0
BRF:2
BRH:0
end_of_record
TN:
SF:/Users/oluwasegunadepoju/Desktop/vsc/git/Swift-Foods/src/utilities/signupValidation.js
FN:1,(anonymous_0)
FNF:1
FNH:0
FNDA:0,(anonymous_0)
DA:1,1
DA:2,0
DA:4,0
DA:5,0
DA:7,0
DA:8,0
DA:11,0
DA:13,0
DA:16,0
DA:18,0
DA:21,0
DA:22,0
DA:24,0
DA:27,0
DA:29,0
DA:30,0
DA:33,0
DA:34,0
DA:37,0
DA:38,0
DA:41,0
DA:42,0
DA:44,0
DA:45,0
DA:47,0
LF:25
LH:1
BRDA:4,0,0,0
BRDA:4,0,1,0
BRDA:7,1,0,0
BRDA:7,1,1,0
BRDA:7,2,0,0
BRDA:7,2,1,0
BRDA:11,3,0,0
BRDA:11,3,1,0
BRDA:11,4,0,0
BRDA:11,4,1,0
BRDA:11,4,2,0
BRDA:16,5,0,0
BRDA:16,5,1,0
BRDA:16,6,0,0
BRDA:16,6,1,0
BRDA:16,6,2,0
BRDA:21,7,0,0
BRDA:21,7,1,0
BRDA:24,8,0,0
BRDA:24,8,1,0
BRDA:24,9,0,0
BRDA:24,9,1,0
BRDA:29,10,0,0
BRDA:29,10,1,0
BRDA:33,11,0,0
BRDA:33,11,1,0
BRDA:33,12,0,0
BRDA:33,12,1,0
BRDA:37,13,0,0
BRDA:37,13,1,0
BRDA:37,14,0,0
BRDA:37,14,1,0
BRDA:41,15,0,0
BRDA:41,15,1,0
BRDA:44,16,0,0
BRDA:44,16,1,0
BRF:36
BRH:0
end_of_record
TN:
SF:/Users/oluwasegunadepoju/Desktop/vsc/git/Swift-Foods/src/views/ErrorPage.jsx
FN:8,(anonymous_0)
FN:13,(anonymous_1)
FNF:2
FNH:0
FNDA:0,(anonymous_0)
FNDA:0,(anonymous_1)
DA:9,0
DA:10,0
DA:14,0
LF:3
LH:0
BRF:0
BRH:0
end_of_record
TN:
SF:/Users/oluwasegunadepoju/Desktop/vsc/git/Swift-Foods/src/views/LandingPage.jsx
FN:11,(anonymous_0)
FN:16,(anonymous_1)
FNF:2
FNH:0
FNDA:0,(anonymous_0)
FNDA:0,(anonymous_1)
DA:12,0
DA:13,0
DA:17,0
DA:44,1
LF:4
LH:1
BRF:0
BRH:0
end_of_record
TN:
SF:/Users/oluwasegunadepoju/Desktop/vsc/git/Swift-Foods/src/views/LoginPage.jsx
FN:15,(anonymous_0)
FN:27,(anonymous_1)
FN:33,(anonymous_2)
FN:36,(anonymous_3)
FN:48,(anonymous_4)
FN:60,(anonymous_5)
FN:93,(anonymous_6)
FN:102,(anonymous_7)
FN:140,(anonymous_8)
FNF:9
FNH:0
FNDA:0,(anonymous_0)
FNDA:0,(anonymous_1)
FNDA:0,(anonymous_2)
FNDA:0,(anonymous_3)
FNDA:0,(anonymous_4)
FNDA:0,(anonymous_5)
FNDA:0,(anonymous_6)
FNDA:0,(anonymous_7)
FNDA:0,(anonymous_8)
DA:16,0
DA:17,0
DA:23,0
DA:24,0
DA:28,0
DA:34,0
DA:35,0
DA:36,0
DA:37,0
DA:38,0
DA:39,0
DA:40,0
DA:42,0
DA:44,0
DA:49,0
DA:50,0
DA:51,0
DA:52,0
DA:53,0
DA:55,0
DA:57,0
DA:61,0
DA:67,0
DA:68,0
DA:69,0
DA:70,0
DA:71,0
DA:72,0
DA:73,0
DA:74,0
DA:75,0
DA:76,0
DA:79,0
DA:84,0
DA:94,0
DA:95,0
DA:96,0
DA:97,0
DA:99,0
DA:105,0
DA:106,0
DA:132,1
DA:139,1
DA:140,0
DA:143,1
LF:45
LH:3
BRDA:38,0,0,0
BRDA:38,0,1,0
BRDA:51,1,0,0
BRDA:51,1,1,0
BRDA:69,2,0,0
BRDA:69,2,1,0
BRDA:72,3,0,0
BRDA:72,3,1,0
BRDA:74,4,0,0
BRDA:74,4,1,0
BRDA:76,5,0,0
BRDA:76,5,1,0
BRDA:95,6,0,0
BRDA:95,6,1,0
BRDA:122,7,0,0
BRDA:122,7,1,0
BRF:16
BRH:0
end_of_record
TN:
SF:/Users/oluwasegunadepoju/Desktop/vsc/git/Swift-Foods/src/views/MenuPage.jsx
FN:9,(anonymous_0)
FN:14,(anonymous_1)
FNF:2
FNH:0
FNDA:0,(anonymous_0)
FNDA:0,(anonymous_1)
DA:10,0
DA:11,0
DA:15,0
LF:3
LH:0
BRF:0
BRH:0
end_of_record
TN:
SF:/Users/oluwasegunadepoju/Desktop/vsc/git/Swift-Foods/src/views/Navbar.jsx
FN:9,(anonymous_0)
FN:24,(anonymous_1)
FN:42,(anonymous_2)
FN:53,(anonymous_3)
FNF:4
FNH:0
FNDA:0,(anonymous_0)
FNDA:0,(anonymous_1)
FNDA:0,(anonymous_2)
FNDA:0,(anonymous_3)
DA:10,0
DA:18,0
DA:19,0
DA:21,0
DA:30,0
DA:32,0
DA:33,0
DA:39,0
DA:43,0
DA:45,0
DA:53,1
DA:57,1
DA:63,1
DA:67,1
LF:14
LH:4
BRDA:32,0,0,0
BRDA:32,0,1,0
BRF:2
BRH:0
end_of_record
TN:
SF:/Users/oluwasegunadepoju/Desktop/vsc/git/Swift-Foods/src/views/SignupPage.jsx
FN:11,(anonymous_0)
FN:28,(anonymous_1)
FN:32,(anonymous_2)
FN:35,(anonymous_3)
FN:47,(anonymous_4)
FN:59,(anonymous_5)
FN:71,(anonymous_6)
FN:79,(anonymous_7)
FN:86,(anonymous_8)
FN:95,(anonymous_9)
FN:120,(anonymous_10)
FN:121,(anonymous_11)
FN:122,(anonymous_12)
FN:123,(anonymous_13)
FNF:14
FNH:0
FNDA:0,(anonymous_0)
FNDA:0,(anonymous_1)
FNDA:0,(anonymous_2)
FNDA:0,(anonymous_3)
FNDA:0,(anonymous_4)
FNDA:0,(anonymous_5)
FNDA:0,(anonymous_6)
FNDA:0,(anonymous_7)
FNDA:0,(anonymous_8)
FNDA:0,(anonymous_9)
FNDA:0,(anonymous_10)
FNDA:0,(anonymous_11)
FNDA:0,(anonymous_12)
FNDA:0,(anonymous_13)
DA:12,0
DA:13,0
DA:22,0
DA:23,0
DA:24,0
DA:25,0
DA:29,0
DA:33,0
DA:34,0
DA:35,0
DA:36,0
DA:37,0
DA:38,0
DA:39,0
DA:41,0
DA:43,0
DA:48,0
DA:49,0
DA:50,0
DA:51,0
DA:52,0
DA:54,0
DA:56,0
DA:60,0
DA:61,0
DA:62,0
DA:63,0
DA:66,0
DA:67,0
DA:68,0
DA:69,0
DA:72,0
DA:73,0
DA:74,0
DA:76,0
DA:77,0
DA:80,0
DA:81,0
DA:87,0
DA:88,0
DA:89,0
DA:90,0
DA:92,0
DA:96,0
DA:97,0
DA:114,1
DA:120,1
DA:121,0
DA:122,0
DA:123,0
LF:50
LH:2
BRDA:37,0,0,0
BRDA:37,0,1,0
BRDA:50,1,0,0
BRDA:50,1,1,0
BRDA:63,2,0,0
BRDA:63,2,1,0
BRDA:72,3,0,0
BRDA:72,3,1,0
BRDA:88,4,0,0
BRDA:88,4,1,0
BRF:10
BRH:0
end_of_record
TN:
SF:/Users/oluwasegunadepoju/Desktop/vsc/git/Swift-Foods/src/views/index.js
FNF:0
FNH:0
LF:0
LH:0
BRF:0
BRH:0
end_of_record
