TN:
SF:/Users/oluwasegunadepoju/Desktop/vsc/git/Swift-Foods/src/routes.jsx
FNF:0
FNH:0
DA:19,1
LF:1
LH:1
BRF:0
BRH:0
end_of_record
TN:
SF:/Users/oluwasegunadepoju/Desktop/vsc/git/Swift-Foods/src/setupTests.js
FNF:0
FNH:0
DA:4,30
LF:1
LH:1
BRF:0
BRH:0
end_of_record
TN:
SF:/Users/oluwasegunadepoju/Desktop/vsc/git/Swift-Foods/src/actionTypes/index.js
FNF:0
FNH:0
DA:1,14
DA:2,14
DA:3,14
DA:4,14
DA:5,14
DA:6,14
LF:6
LH:6
BRF:0
BRH:0
end_of_record
TN:
SF:/Users/oluwasegunadepoju/Desktop/vsc/git/Swift-Foods/src/actions/loginActions.js
FN:7,(anonymous_0)
FN:12,(anonymous_1)
FN:12,(anonymous_2)
FN:32,(anonymous_3)
FN:32,(anonymous_4)
FNF:5
FNH:5
FNDA:4,(anonymous_0)
FNDA:2,(anonymous_1)
FNDA:2,(anonymous_2)
FNDA:2,(anonymous_3)
FNDA:2,(anonymous_4)
DA:7,10
DA:12,10
DA:14,2
DA:18,2
DA:19,2
DA:20,1
DA:21,1
DA:22,1
DA:23,1
DA:24,1
DA:26,0
DA:28,1
DA:32,10
DA:33,2
DA:34,2
DA:39,1
DA:40,1
DA:41,0
DA:47,0
DA:48,1
DA:49,1
DA:50,1
DA:52,1
DA:53,0
DA:55,1
DA:57,1
DA:58,1
DA:64,1
LF:28
LH:24
BRDA:20,0,0,1
BRDA:20,0,1,0
BRDA:40,1,0,0
BRDA:40,1,1,1
BRDA:48,2,0,1
BRDA:48,2,1,0
BRDA:52,3,0,0
BRDA:52,3,1,1
BRDA:57,4,0,1
BRDA:57,4,1,0
BRF:10
BRH:5
end_of_record
TN:
SF:/Users/oluwasegunadepoju/Desktop/vsc/git/Swift-Foods/src/actions/logout.js
FN:4,(anonymous_0)
FN:4,(anonymous_1)
FNF:2
FNH:2
FNDA:1,(anonymous_0)
FNDA:1,(anonymous_1)
DA:4,9
DA:5,1
DA:6,1
LF:3
LH:3
BRF:0
BRH:0
end_of_record
TN:
SF:/Users/oluwasegunadepoju/Desktop/vsc/git/Swift-Foods/src/actions/menuActions.js
FN:6,(anonymous_0)
FN:10,(anonymous_1)
FN:14,(anonymous_2)
FN:26,(anonymous_3)
FN:26,(anonymous_4)
FN:39,(anonymous_5)
FN:39,(anonymous_6)
FNF:7
FNH:7
FNDA:1,(anonymous_0)
FNDA:1,(anonymous_1)
FNDA:2,(anonymous_2)
FNDA:2,(anonymous_3)
FNDA:2,(anonymous_4)
FNDA:1,(anonymous_5)
FNDA:1,(anonymous_6)
DA:6,4
DA:10,4
DA:14,4
DA:15,2
DA:16,2
DA:17,1
DA:18,1
DA:20,0
DA:22,1
DA:26,4
DA:27,2
DA:28,2
DA:29,1
DA:30,1
DA:35,1
DA:39,4
DA:40,1
LF:17
LH:16
BRDA:17,0,0,1
BRDA:17,0,1,0
BRF:2
BRH:1
end_of_record
TN:
SF:/Users/oluwasegunadepoju/Desktop/vsc/git/Swift-Foods/src/actions/signupActions.js
FN:6,(anonymous_0)
FN:10,(anonymous_1)
FN:10,(anonymous_2)
FNF:3
FNH:3
FNDA:1,(anonymous_0)
FNDA:2,(anonymous_1)
FNDA:2,(anonymous_2)
DA:6,3
DA:10,3
DA:11,2
DA:17,2
DA:18,2
DA:19,1
DA:20,1
DA:21,1
DA:22,1
DA:24,0
DA:26,1
DA:27,0
DA:33,1
LF:13
LH:11
BRDA:19,0,0,1
BRDA:19,0,1,0
BRDA:26,1,0,0
BRDA:26,1,1,1
BRF:4
BRH:2
end_of_record
TN:
SF:/Users/oluwasegunadepoju/Desktop/vsc/git/Swift-Foods/src/components/App.jsx
FN:5,(anonymous_0)
FNF:1
FNH:1
FNDA:1,(anonymous_0)
DA:5,1
DA:6,1
LF:2
LH:2
BRF:0
BRH:0
end_of_record
TN:
SF:/Users/oluwasegunadepoju/Desktop/vsc/git/Swift-Foods/src/components/Button.jsx
FN:4,(anonymous_0)
FNF:1
FNH:1
FNDA:1,(anonymous_0)
DA:4,22
DA:10,1
DA:20,22
DA:27,22
LF:4
LH:4
BRF:0
BRH:0
end_of_record
TN:
SF:/Users/oluwasegunadepoju/Desktop/vsc/git/Swift-Foods/src/components/CartElement.jsx
FN:4,(anonymous_0)
FNF:1
FNH:1
FNDA:1,(anonymous_0)
DA:4,22
DA:10,1
DA:42,22
LF:3
LH:3
BRF:0
BRH:0
end_of_record
TN:
SF:/Users/oluwasegunadepoju/Desktop/vsc/git/Swift-Foods/src/components/CartForm.jsx
FN:4,(anonymous_0)
FNF:1
FNH:1
FNDA:1,(anonymous_0)
DA:4,22
DA:9,1
DA:46,22
LF:3
LH:3
BRF:0
BRH:0
end_of_record
TN:
SF:/Users/oluwasegunadepoju/Desktop/vsc/git/Swift-Foods/src/components/EmptyCart.jsx
FN:4,(anonymous_0)
FNF:1
FNH:1
FNDA:1,(anonymous_0)
DA:4,22
DA:5,1
LF:2
LH:2
BRF:0
BRH:0
end_of_record
TN:
SF:/Users/oluwasegunadepoju/Desktop/vsc/git/Swift-Foods/src/components/ErrorPage.jsx
FN:4,(anonymous_0)
FNF:1
FNH:1
FNDA:1,(anonymous_0)
DA:4,22
DA:5,1
LF:2
LH:2
BRF:0
BRH:0
end_of_record
TN:
SF:/Users/oluwasegunadepoju/Desktop/vsc/git/Swift-Foods/src/components/Footer.jsx
FN:11,(anonymous_0)
FNF:1
FNH:1
FNDA:1,(anonymous_0)
DA:11,22
DA:12,1
LF:2
LH:2
BRF:0
BRH:0
end_of_record
TN:
SF:/Users/oluwasegunadepoju/Desktop/vsc/git/Swift-Foods/src/components/FormInput.jsx
FN:4,(anonymous_0)
FNF:1
FNH:1
FNDA:1,(anonymous_0)
DA:4,22
DA:16,1
DA:33,22
DA:49,22
LF:4
LH:4
BRF:0
BRH:0
end_of_record
TN:
SF:/Users/oluwasegunadepoju/Desktop/vsc/git/Swift-Foods/src/components/ItemForm.jsx
FN:4,(anonymous_0)
FNF:1
FNH:1
FNDA:1,(anonymous_0)
DA:4,22
DA:11,1
DA:31,22
LF:3
LH:3
BRF:0
BRH:0
end_of_record
TN:
SF:/Users/oluwasegunadepoju/Desktop/vsc/git/Swift-Foods/src/components/Links.jsx
FN:4,(anonymous_0)
FNF:1
FNH:1
FNDA:1,(anonymous_0)
DA:4,22
DA:5,1
LF:2
LH:2
BRF:0
BRH:0
end_of_record
TN:
SF:/Users/oluwasegunadepoju/Desktop/vsc/git/Swift-Foods/src/components/Login.jsx
FN:9,(anonymous_0)
FNF:1
FNH:1
FNDA:1,(anonymous_0)
DA:9,22
DA:17,1
DA:103,22
LF:3
LH:3
BRF:0
BRH:0
end_of_record
TN:
SF:/Users/oluwasegunadepoju/Desktop/vsc/git/Swift-Foods/src/components/MenuForm.jsx
FN:25,(anonymous_0)
FNF:1
FNH:1
FNDA:1,(anonymous_0)
DA:25,22
DA:26,1
DA:337,22
LF:3
LH:3
BRF:0
BRH:0
end_of_record
TN:
SF:/Users/oluwasegunadepoju/Desktop/vsc/git/Swift-Foods/src/components/NavBarAuth.jsx
FN:6,(anonymous_0)
FNF:1
FNH:1
FNDA:1,(anonymous_0)
DA:6,23
DA:10,1
DA:56,23
LF:3
LH:3
BRF:0
BRH:0
end_of_record
TN:
SF:/Users/oluwasegunadepoju/Desktop/vsc/git/Swift-Foods/src/components/NavBarNoAuth.jsx
FN:5,(anonymous_0)
FNF:1
FNH:1
FNDA:1,(anonymous_0)
DA:5,23
DA:6,1
LF:2
LH:2
BRF:0
BRH:0
end_of_record
TN:
SF:/Users/oluwasegunadepoju/Desktop/vsc/git/Swift-Foods/src/components/SignupForm.jsx
FN:8,(anonymous_0)
FN:141,(anonymous_1)
FNF:2
FNH:1
FNDA:1,(anonymous_0)
FNDA:0,(anonymous_1)
DA:8,22
DA:17,1
DA:129,22
DA:139,22
DA:141,0
LF:5
LH:4
BRF:0
BRH:0
end_of_record
TN:
SF:/Users/oluwasegunadepoju/Desktop/vsc/git/Swift-Foods/src/components/SubmitButton.jsx
FN:4,(anonymous_0)
FN:40,(anonymous_1)
FNF:2
FNH:1
FNDA:1,(anonymous_0)
FNDA:0,(anonymous_1)
DA:4,22
DA:12,1
DA:27,22
DA:36,22
LF:4
LH:4
BRF:0
BRH:0
end_of_record
TN:
SF:/Users/oluwasegunadepoju/Desktop/vsc/git/Swift-Foods/src/components/index.js
FNF:0
FNH:0
LF:0
LH:0
BRF:0
BRH:0
end_of_record
TN:
SF:/Users/oluwasegunadepoju/Desktop/vsc/git/Swift-Foods/src/reducers/authReducer.js
FN:9,(anonymous_0)
FNF:1
FNH:1
FNDA:3,(anonymous_0)
DA:3,1
DA:9,1
DA:10,3
DA:12,1
DA:19,1
DA:24,1
LF:6
LH:6
BRDA:9,0,0,1
BRDA:9,1,0,0
BRDA:10,2,0,1
BRDA:10,2,1,1
BRDA:10,2,2,1
BRDA:13,3,0,1
BRDA:13,3,1,1
BRF:7
BRH:6
end_of_record
TN:
SF:/Users/oluwasegunadepoju/Desktop/vsc/git/Swift-Foods/src/reducers/menuReducer.js
FN:8,(anonymous_0)
FNF:1
FNH:1
FNDA:3,(anonymous_0)
DA:3,1
DA:8,1
DA:9,3
DA:10,3
DA:12,1
DA:17,1
DA:21,1
LF:7
LH:7
BRDA:8,0,0,1
BRDA:8,1,0,0
BRDA:10,2,0,1
BRDA:10,2,1,1
BRDA:10,2,2,1
BRF:5
BRH:4
end_of_record
TN:
SF:/Users/oluwasegunadepoju/Desktop/vsc/git/Swift-Foods/src/styles/images/index.js
FNF:0
FNH:0
LF:0
LH:0
BRF:0
BRH:0
end_of_record
TN:
SF:/Users/oluwasegunadepoju/Desktop/vsc/git/Swift-Foods/src/utilities/HomePageRedirect.jsx
FN:8,(anonymous_0)
FN:10,(anonymous_1)
FN:35,(anonymous_2)
FN:43,(anonymous_3)
FN:46,(anonymous_4)
FNF:5
FNH:1
FNDA:4,(anonymous_0)
FNDA:0,(anonymous_1)
FNDA:0,(anonymous_2)
FNDA:0,(anonymous_3)
FNDA:0,(anonymous_4)
DA:15,0
DA:16,0
DA:17,0
DA:18,0
DA:19,0
DA:20,0
DA:26,0
DA:29,0
DA:31,0
DA:36,0
DA:42,4
DA:43,0
DA:46,4
DA:50,4
DA:59,4
LF:15
LH:4
BRDA:16,0,0,0
BRDA:16,0,1,0
BRDA:17,1,0,0
BRDA:17,1,1,0
BRDA:19,2,0,0
BRDA:19,2,1,0
BRF:6
BRH:0
end_of_record
TN:
SF:/Users/oluwasegunadepoju/Desktop/vsc/git/Swift-Foods/src/utilities/apiRequests.js
FN:23,(anonymous_0)
FN:27,(anonymous_1)
FN:30,(anonymous_2)
FN:39,(anonymous_3)
FN:48,(anonymous_4)
FN:57,(anonymous_5)
FN:66,(anonymous_6)
FNF:7
FNH:0
FNDA:0,(anonymous_0)
FNDA:0,(anonymous_1)
FNDA:0,(anonymous_2)
FNDA:0,(anonymous_3)
FNDA:0,(anonymous_4)
FNDA:0,(anonymous_5)
FNDA:0,(anonymous_6)
DA:9,13
DA:11,13
DA:22,13
DA:24,0
DA:25,0
DA:27,0
DA:30,13
DA:31,0
DA:32,0
DA:33,0
DA:35,0
DA:39,13
DA:40,0
DA:41,0
DA:42,0
DA:44,0
DA:48,13
DA:49,0
DA:50,0
DA:51,0
DA:53,0
DA:57,13
DA:58,0
DA:59,0
DA:60,0
DA:62,0
DA:66,13
DA:67,0
DA:71,0
DA:72,0
DA:73,0
DA:75,0
LF:32
LH:8
BRDA:35,0,0,0
BRDA:35,0,1,0
BRDA:44,1,0,0
BRDA:44,1,1,0
BRDA:53,2,0,0
BRDA:53,2,1,0
BRDA:75,3,0,0
BRDA:75,3,1,0
BRF:8
BRH:0
end_of_record
TN:
SF:/Users/oluwasegunadepoju/Desktop/vsc/git/Swift-Foods/src/utilities/cloudinaryUpload.js
FN:8,(anonymous_0)
FNF:1
FNH:1
FNDA:1,(anonymous_0)
DA:8,1
DA:9,1
DA:10,1
DA:11,1
DA:12,1
DA:13,1
DA:14,1
DA:16,0
LF:8
LH:7
BRF:0
BRH:0
end_of_record
TN:
SF:/Users/oluwasegunadepoju/Desktop/vsc/git/Swift-Foods/src/utilities/setAuthorizationToken.js
FN:1,(anonymous_0)
FNF:1
FNH:1
FNDA:3,(anonymous_0)
DA:1,10
DA:2,3
DA:3,2
DA:5,1
LF:4
LH:4
BRDA:2,0,0,2
BRDA:2,0,1,1
BRF:2
BRH:2
end_of_record
TN:
SF:/Users/oluwasegunadepoju/Desktop/vsc/git/Swift-Foods/src/utilities/storage.js
FN:4,(anonymous_0)
FNF:1
FNH:1
FNDA:2,(anonymous_0)
DA:4,4
DA:5,2
DA:6,1
DA:7,0
DA:8,0
DA:9,0
DA:11,1
DA:12,1
DA:13,1
LF:9
LH:6
BRDA:6,0,0,0
BRDA:6,0,1,1
BRF:2
BRH:1
end_of_record
TN:
SF:/Users/oluwasegunadepoju/Desktop/vsc/git/Swift-Foods/src/utilities/toastMessage.js
FN:4,Toast
FN:20,(anonymous_1)
FN:23,(anonymous_2)
FN:36,(anonymous_3)
FN:42,(anonymous_4)
FN:45,(anonymous_5)
FN:51,(anonymous_6)
FN:52,(anonymous_7)
FN:59,(anonymous_8)
FN:62,(anonymous_9)
FN:64,(anonymous_10)
FN:78,(anonymous_11)
FN:85,(anonymous_12)
FN:97,(anonymous_13)
FN:100,(anonymous_14)
FN:105,(anonymous_15)
FN:110,(anonymous_16)
FN:117,(anonymous_17)
FNF:18
FNH:6
FNDA:3,Toast
FNDA:3,(anonymous_1)
FNDA:3,(anonymous_2)
FNDA:0,(anonymous_3)
FNDA:0,(anonymous_4)
FNDA:0,(anonymous_5)
FNDA:0,(anonymous_6)
FNDA:0,(anonymous_7)
FNDA:0,(anonymous_8)
FNDA:0,(anonymous_9)
FNDA:0,(anonymous_10)
FNDA:0,(anonymous_11)
FNDA:0,(anonymous_12)
FNDA:3,(anonymous_13)
FNDA:3,(anonymous_14)
FNDA:0,(anonymous_15)
FNDA:0,(anonymous_16)
FNDA:3,(anonymous_17)
DA:6,3
DA:7,0
DA:8,0
DA:11,3
DA:12,3
DA:14,3
DA:15,3
DA:17,3
DA:20,11
DA:21,3
DA:23,3
DA:25,3
DA:26,3
DA:27,3
DA:28,3
DA:30,3
DA:31,3
DA:33,3
DA:34,3
DA:36,3
DA:37,0
DA:42,11
DA:43,0
DA:45,0
DA:46,0
DA:49,0
DA:50,0
DA:51,0
DA:52,0
DA:53,0
DA:59,11
DA:60,0
DA:62,0
DA:63,0
DA:64,0
DA:66,0
DA:67,0
DA:69,0
DA:70,0
DA:73,0
DA:78,11
DA:80,0
DA:81,0
DA:83,0
DA:84,0
DA:85,0
DA:86,0
DA:88,0
DA:91,0
DA:93,0
DA:94,0
DA:97,11
DA:98,3
DA:100,3
DA:101,3
DA:102,0
DA:104,3
DA:106,0
DA:107,0
DA:109,0
DA:111,0
DA:112,0
DA:117,11
DA:123,3
DA:124,2
DA:131,0
DA:137,1
DA:138,1
DA:143,0
LF:69
LH:31
BRDA:6,0,0,0
BRDA:6,0,1,3
BRDA:12,1,0,3
BRDA:12,1,1,0
BRDA:49,2,0,0
BRDA:49,2,1,0
BRDA:69,3,0,0
BRDA:69,3,1,0
BRDA:84,4,0,0
BRDA:84,4,1,0
BRDA:101,5,0,0
BRDA:101,5,1,3
BRDA:106,6,0,0
BRDA:106,6,1,0
BRDA:123,7,0,2
BRDA:123,7,1,1
BRDA:123,8,0,3
BRDA:123,8,1,3
BRDA:123,8,2,3
BRDA:123,8,3,2
BRDA:137,9,0,1
BRDA:137,9,1,0
BRF:22
BRH:10
end_of_record
TN:
SF:/Users/oluwasegunadepoju/Desktop/vsc/git/Swift-Foods/src/views/Cart.jsx
FN:15,(anonymous_0)
FN:35,(anonymous_1)
FN:38,(anonymous_2)
FN:53,(anonymous_3)
FN:56,(anonymous_4)
FN:68,(anonymous_5)
FN:89,(anonymous_6)
FNF:7
FNH:4
FNDA:1,(anonymous_0)
FNDA:0,(anonymous_1)
FNDA:1,(anonymous_2)
FNDA:2,(anonymous_3)
FNDA:0,(anonymous_4)
FNDA:1,(anonymous_5)
FNDA:0,(anonymous_6)
DA:16,1
DA:17,1
DA:18,1
DA:19,1
DA:20,1
DA:21,1
DA:22,1
DA:28,1
DA:29,1
DA:39,1
DA:41,1
DA:42,0
DA:50,1
DA:54,2
DA:55,2
DA:56,0
DA:57,0
DA:64,0
DA:69,1
DA:70,1
DA:80,2
DA:89,2
DA:93,2
LF:23
LH:19
BRDA:19,0,0,1
BRDA:19,0,1,0
BRDA:41,1,0,0
BRDA:41,1,1,1
BRDA:41,2,0,1
BRDA:41,2,1,1
BRDA:55,3,0,0
BRDA:55,3,1,2
BRF:8
BRH:5
end_of_record
TN:
SF:/Users/oluwasegunadepoju/Desktop/vsc/git/Swift-Foods/src/views/ErrorPage.jsx
FN:9,(anonymous_0)
FN:14,(anonymous_1)
FNF:2
FNH:2
FNDA:1,(anonymous_0)
FNDA:1,(anonymous_1)
DA:10,1
DA:11,1
DA:15,1
LF:3
LH:3
BRF:0
BRH:0
end_of_record
TN:
SF:/Users/oluwasegunadepoju/Desktop/vsc/git/Swift-Foods/src/views/LandingPage.jsx
FN:11,(anonymous_0)
FN:16,(anonymous_1)
FNF:2
FNH:2
FNDA:1,(anonymous_0)
FNDA:1,(anonymous_1)
DA:12,1
DA:13,1
DA:17,1
DA:44,2
LF:4
LH:4
BRF:0
BRH:0
end_of_record
TN:
SF:/Users/oluwasegunadepoju/Desktop/vsc/git/Swift-Foods/src/views/LoginPage.jsx
FN:13,(anonymous_0)
FN:22,(anonymous_1)
FN:28,(anonymous_2)
FN:54,(anonymous_3)
FN:62,(anonymous_4)
FN:96,(anonymous_5)
FN:101,(anonymous_6)
FN:106,(anonymous_7)
FN:115,(anonymous_8)
FNF:9
FNH:8
FNDA:1,(anonymous_0)
FNDA:0,(anonymous_1)
FNDA:1,(anonymous_2)
FNDA:3,(anonymous_3)
FNDA:1,(anonymous_4)
FNDA:1,(anonymous_5)
FNDA:1,(anonymous_6)
FNDA:1,(anonymous_7)
FNDA:2,(anonymous_8)
DA:14,1
DA:15,1
DA:23,0
DA:29,1
DA:30,0
DA:31,0
DA:32,0
DA:33,0
DA:34,0
DA:35,0
DA:39,0
DA:41,0
DA:48,0
DA:55,3
DA:56,2
DA:58,1
DA:63,1
DA:64,1
DA:65,1
DA:66,1
DA:67,1
DA:68,1
DA:69,1
DA:72,1
DA:73,1
DA:76,1
DA:77,1
DA:80,1
DA:81,1
DA:84,1
DA:85,1
DA:86,1
DA:88,0
DA:90,1
DA:91,1
DA:92,1
DA:97,1
DA:98,1
DA:102,1
DA:103,1
DA:107,1
DA:108,1
DA:109,0
DA:111,1
DA:116,2
DA:135,2
DA:143,2
LF:47
LH:35
BRDA:30,0,0,0
BRDA:30,0,1,0
BRDA:33,1,0,0
BRDA:33,1,1,0
BRDA:34,2,0,0
BRDA:34,2,1,0
BRDA:55,3,0,2
BRDA:55,3,1,1
BRDA:84,4,0,1
BRDA:84,4,1,0
BRDA:90,5,0,1
BRDA:90,5,1,0
BRDA:108,6,0,0
BRDA:108,6,1,1
BRF:14
BRH:5
end_of_record
TN:
SF:/Users/oluwasegunadepoju/Desktop/vsc/git/Swift-Foods/src/views/MenuPage.jsx
FN:12,(anonymous_0)
FN:20,(anonymous_1)
FN:38,(anonymous_2)
FN:42,(anonymous_3)
FN:55,(anonymous_4)
FN:75,(anonymous_5)
FNF:6
FNH:4
FNDA:1,(anonymous_0)
FNDA:1,(anonymous_1)
FNDA:1,(anonymous_2)
FNDA:0,(anonymous_3)
FNDA:1,(anonymous_4)
FNDA:0,(anonymous_5)
DA:13,1
DA:14,1
DA:17,1
DA:21,1
DA:22,1
DA:23,1
DA:24,1
DA:29,1
DA:30,1
DA:31,0
DA:39,1
DA:40,1
DA:41,0
DA:42,0
DA:43,0
DA:51,0
DA:56,1
DA:69,2
DA:74,2
DA:75,0
LF:20
LH:14
BRDA:30,0,0,0
BRDA:30,0,1,1
BRDA:41,1,0,0
BRDA:41,1,1,0
BRF:4
BRH:1
end_of_record
TN:
SF:/Users/oluwasegunadepoju/Desktop/vsc/git/Swift-Foods/src/views/Navbar.jsx
FN:9,(anonymous_0)
FN:16,(anonymous_1)
FN:31,(anonymous_2)
FN:58,(anonymous_3)
FN:69,(anonymous_4)
FNF:5
FNH:4
FNDA:1,(anonymous_0)
FNDA:1,(anonymous_1)
FNDA:2,(anonymous_2)
FNDA:1,(anonymous_3)
FNDA:0,(anonymous_4)
DA:10,1
DA:11,1
DA:17,1
DA:25,1
DA:26,1
DA:28,1
DA:37,2
DA:39,2
DA:40,0
DA:41,0
DA:42,0
DA:43,0
DA:47,2
DA:48,0
DA:55,2
DA:59,1
DA:61,1
DA:69,8
DA:74,8
DA:81,8
DA:85,8
LF:21
LH:16
BRDA:39,0,0,0
BRDA:39,0,1,2
BRDA:42,1,0,0
BRDA:42,1,1,0
BRDA:47,2,0,0
BRDA:47,2,1,2
BRDA:51,3,0,0
BRDA:51,3,1,0
BRF:8
BRH:2
end_of_record
TN:
SF:/Users/oluwasegunadepoju/Desktop/vsc/git/Swift-Foods/src/views/SignupPage.jsx
FN:10,(anonymous_0)
FN:21,(anonymous_1)
FN:25,(anonymous_2)
FN:58,(anonymous_3)
FN:66,(anonymous_4)
FN:100,(anonymous_5)
FN:105,(anonymous_6)
FN:110,(anonymous_7)
FN:121,(anonymous_8)
FNF:9
FNH:8
FNDA:1,(anonymous_0)
FNDA:1,(anonymous_1)
FNDA:0,(anonymous_2)
FNDA:3,(anonymous_3)
FNDA:1,(anonymous_4)
FNDA:1,(anonymous_5)
FNDA:1,(anonymous_6)
FNDA:2,(anonymous_7)
FNDA:2,(anonymous_8)
DA:11,1
DA:12,1
DA:22,1
DA:30,0
DA:31,0
DA:32,0
DA:33,0
DA:34,0
DA:35,0
DA:36,0
DA:41,0
DA:46,0
DA:47,0
DA:51,0
DA:59,3
DA:60,0
DA:62,3
DA:67,1
DA:68,1
DA:69,1
DA:70,1
DA:71,1
DA:72,1
DA:73,1
DA:76,1
DA:77,1
DA:80,1
DA:81,1
DA:84,1
DA:85,1
DA:88,1
DA:89,0
DA:90,0
DA:92,1
DA:94,1
DA:95,0
DA:96,0
DA:101,1
DA:102,1
DA:106,1
DA:107,1
DA:111,2
DA:112,2
DA:113,0
DA:114,0
DA:116,2
DA:117,2
DA:122,2
DA:141,2
DA:149,2
LF:50
LH:32
BRDA:32,0,0,0
BRDA:32,0,1,0
BRDA:32,1,0,0
BRDA:32,1,1,0
BRDA:34,2,0,0
BRDA:34,2,1,0
BRDA:46,3,0,0
BRDA:46,3,1,0
BRDA:59,4,0,0
BRDA:59,4,1,3
BRDA:88,5,0,0
BRDA:88,5,1,1
BRDA:94,6,0,0
BRDA:94,6,1,1
BRDA:112,7,0,0
BRDA:112,7,1,2
BRF:16
BRH:4
end_of_record
TN:
SF:/Users/oluwasegunadepoju/Desktop/vsc/git/Swift-Foods/src/views/index.js
FNF:0
FNH:0
LF:0
LH:0
BRF:0
BRH:0
end_of_record
